[35m[1mConsolidate compiler generated dependencies of target wt901_node[0m
[ 50%] [32mBuilding CXX object CMakeFiles/wt901_node.dir/src/wt901_node.cpp.o[0m
[100%] [32m[1mLinking CXX executable wt901_node[0m
[100%] Built target wt901_node
-- Install configuration: ""
-- Installing: /home/pan/ros2_ws/src/install/wt901_ros2/lib/wt901_ros2/wt901_node
-- Set runtime path of "/home/pan/ros2_ws/src/install/wt901_ros2/lib/wt901_ros2/wt901_node" to ""
-- Up-to-date: /home/pan/ros2_ws/src/install/wt901_ros2/share/ament_index/resource_index/package_run_dependencies/wt901_ros2
-- Up-to-date: /home/pan/ros2_ws/src/install/wt901_ros2/share/ament_index/resource_index/parent_prefix_path/wt901_ros2
-- Up-to-date: /home/pan/ros2_ws/src/install/wt901_ros2/share/wt901_ros2/environment/ament_prefix_path.dsv
-- Up-to-date: /home/pan/ros2_ws/src/install/wt901_ros2/share/wt901_ros2/environment/path.dsv
-- Up-to-date: /home/pan/ros2_ws/src/install/wt901_ros2/share/wt901_ros2/local_setup.bash
-- Up-to-date: /home/pan/ros2_ws/src/install/wt901_ros2/share/wt901_ros2/local_setup.sh
-- Up-to-date: /home/pan/ros2_ws/src/install/wt901_ros2/share/wt901_ros2/local_setup.zsh
-- Up-to-date: /home/pan/ros2_ws/src/install/wt901_ros2/share/wt901_ros2/local_setup.dsv
-- Installing: /home/pan/ros2_ws/src/install/wt901_ros2/share/wt901_ros2/package.dsv
-- Up-to-date: /home/pan/ros2_ws/src/install/wt901_ros2/share/ament_index/resource_index/packages/wt901_ros2
-- Up-to-date: /home/pan/ros2_ws/src/install/wt901_ros2/share/wt901_ros2/cmake/wt901_ros2Config.cmake
-- Up-to-date: /home/pan/ros2_ws/src/install/wt901_ros2/share/wt901_ros2/cmake/wt901_ros2Config-version.cmake
-- Up-to-date: /home/pan/ros2_ws/src/install/wt901_ros2/share/wt901_ros2/package.xml
