[35m[1mConsolidate compiler generated dependencies of target wt901_driver[0m
[100%] Built target wt901_driver
-- Install configuration: ""
-- Up-to-date: /home/pan/ros2_ws/src/install/wt901_driver/lib/libwt901_driver.so
-- Up-to-date: /home/pan/ros2_ws/src/install/wt901_driver/include
-- Up-to-date: /home/pan/ros2_ws/src/install/wt901_driver/include/wt901
-- Up-to-date: /home/pan/ros2_ws/src/install/wt901_driver/include/wt901/wit_c_sdk.h
-- Up-to-date: /home/pan/ros2_ws/src/install/wt901_driver/include/wt901/REG.h
-- Up-to-date: /home/pan/ros2_ws/src/install/wt901_driver/include/wt901/wt901_driver.h
-- Up-to-date: /home/pan/ros2_ws/src/install/wt901_driver/include/wt901/serial.h
-- Up-to-date: /home/pan/ros2_ws/src/install/wt901_driver/share/wt901_driver/environment/library_path.sh
-- Up-to-date: /home/pan/ros2_ws/src/install/wt901_driver/share/wt901_driver/environment/library_path.dsv
-- Up-to-date: /home/pan/ros2_ws/src/install/wt901_driver/share/ament_index/resource_index/package_run_dependencies/wt901_driver
-- Up-to-date: /home/pan/ros2_ws/src/install/wt901_driver/share/ament_index/resource_index/parent_prefix_path/wt901_driver
-- Up-to-date: /home/pan/ros2_ws/src/install/wt901_driver/share/wt901_driver/environment/ament_prefix_path.dsv
-- Up-to-date: /home/pan/ros2_ws/src/install/wt901_driver/share/wt901_driver/environment/path.dsv
-- Up-to-date: /home/pan/ros2_ws/src/install/wt901_driver/share/wt901_driver/local_setup.bash
-- Up-to-date: /home/pan/ros2_ws/src/install/wt901_driver/share/wt901_driver/local_setup.sh
-- Up-to-date: /home/pan/ros2_ws/src/install/wt901_driver/share/wt901_driver/local_setup.zsh
-- Up-to-date: /home/pan/ros2_ws/src/install/wt901_driver/share/wt901_driver/local_setup.dsv
-- Up-to-date: /home/pan/ros2_ws/src/install/wt901_driver/share/wt901_driver/package.dsv
-- Up-to-date: /home/pan/ros2_ws/src/install/wt901_driver/share/ament_index/resource_index/packages/wt901_driver
-- Up-to-date: /home/pan/ros2_ws/src/install/wt901_driver/share/wt901_driver/cmake/export_wt901_driverExport.cmake
-- Up-to-date: /home/pan/ros2_ws/src/install/wt901_driver/share/wt901_driver/cmake/export_wt901_driverExport-noconfig.cmake
-- Up-to-date: /home/pan/ros2_ws/src/install/wt901_driver/share/wt901_driver/cmake/ament_cmake_export_include_directories-extras.cmake
-- Up-to-date: /home/pan/ros2_ws/src/install/wt901_driver/share/wt901_driver/cmake/ament_cmake_export_targets-extras.cmake
-- Up-to-date: /home/pan/ros2_ws/src/install/wt901_driver/share/wt901_driver/cmake/wt901_driverConfig.cmake
-- Up-to-date: /home/pan/ros2_ws/src/install/wt901_driver/share/wt901_driver/cmake/wt901_driverConfig-version.cmake
-- Up-to-date: /home/pan/ros2_ws/src/install/wt901_driver/share/wt901_driver/package.xml
