[0.076s] Invoking command in '/home/pan/ros2_ws/src/mobile/bluesea2/build/base': CMAKE_PREFIX_PATH=${CMAKE_PREFIX_PATH}:/home/pan/ros2_humble/install/rqt_bag_plugins:/home/pan/ros2_humble/install/rqt_bag:/home/pan/ros2_humble/install/launch_testing_examples:/home/pan/ros2_humble/install/ros2bag:/home/pan/ros2_humble/install/tracetools_test:/home/pan/ros2_humble/install/tracetools_launch:/home/pan/ros2_humble/install/topic_monitor:/home/pan/ros2_humble/install/tf2_tools:/home/pan/ros2_humble/install/examples_tf2_py:/home/pan/ros2_humble/install/tf2_ros_py:/home/pan/ros2_humble/install/sros2:/home/pan/ros2_humble/install/rqt_topic:/home/pan/ros2_humble/install/rqt_srv:/home/pan/ros2_humble/install/rqt_shell:/home/pan/ros2_humble/install/rqt_service_caller:/home/pan/ros2_humble/install/rqt_reconfigure:/home/pan/ros2_humble/install/rqt_py_console:/home/pan/ros2_humble/install/rqt_publisher:/home/pan/ros2_humble/install/rqt_plot:/home/pan/ros2_humble/install/rqt_action:/home/pan/ros2_humble/install/rqt_msg:/home/pan/ros2_humble/install/rqt_console:/home/pan/ros2_humble/install/rqt:/home/pan/ros2_humble/install/rqt_graph:/home/pan/ros2_humble/install/rqt_gui_py:/home/pan/ros2_humble/install/rqt_gui:/home/pan/ros2_humble/install/ros2trace:/home/pan/ros2_humble/install/ros2topic:/home/pan/ros2_humble/install/ros2test:/home/pan/ros2_humble/install/ros2component:/home/pan/ros2_humble/install/ros2param:/home/pan/ros2_humble/install/ros2lifecycle:/home/pan/ros2_humble/install/ros2service:/home/pan/ros2_humble/install/ros2run:/home/pan/ros2_humble/install/ros2plugin:/home/pan/ros2_humble/install/ros2launch:/home/pan/ros2_humble/install/ros2pkg:/home/pan/ros2_humble/install/ros2node:/home/pan/ros2_humble/install/ros2multicast:/home/pan/ros2_humble/install/ros2interface:/home/pan/ros2_humble/install/ros2doctor:/home/pan/ros2_humble/install/ros2action:/home/pan/ros2_humble/install/ros2cli:/home/pan/ros2_humble/install/quality_of_service_demo_py:/home/pan/ros2_humble/install/lifecycle_py:/home/pan/ros2_humble/install/launch_testing_ros:/home/pan/ros2_humble/install/launch_ros:/home/pan/ros2_humble/install/examples_rclpy_pointcloud_publisher:/home/pan/ros2_humble/install/examples_rclpy_minimal_subscriber:/home/pan/ros2_humble/install/examples_rclpy_minimal_service:/home/pan/ros2_humble/install/examples_rclpy_minimal_publisher:/home/pan/ros2_humble/install/examples_rclpy_minimal_client:/home/pan/ros2_humble/install/examples_rclpy_minimal_action_server:/home/pan/ros2_humble/install/examples_rclpy_minimal_action_client:/home/pan/ros2_humble/install/examples_rclpy_guard_conditions:/home/pan/ros2_humble/install/examples_rclpy_executors:/home/pan/ros2_humble/install/demo_nodes_py:/home/pan/ros2_humble/install/camera_info_manager_py:/home/pan/ros2_humble/install/action_tutorials_py:/home/pan/ros2_humble/install/ament_uncrustify:/home/pan/ros2_humble/install/tracetools_trace:/home/pan/ros2_humble/install/tracetools_read:/home/pan/ros2_humble/install/test_tracetools_launch:/home/pan/ros2_humble/install/test_launch_ros:/home/pan/ros2_humble/install/sensor_msgs_py:/home/pan/ros2_humble/install/rpyutils:/home/pan/ros2_humble/install/rosidl_runtime_py:/home/pan/ros2_humble/install/rosidl_cli:/home/pan/ros2_humble/install/launch_pytest:/home/pan/ros2_humble/install/launch_testing:/home/pan/ros2_humble/install/launch_yaml:/home/pan/ros2_humble/install/launch_xml:/home/pan/ros2_humble/install/launch:/home/pan/ros2_humble/install/osrf_pycommon:/home/pan/ros2_humble/install/domain_coordinator:/home/pan/ros2_humble/install/ament_xmllint:/home/pan/ros2_humble/install/ament_pyflakes:/home/pan/ros2_humble/install/ament_pycodestyle:/home/pan/ros2_humble/install/ament_pep257:/home/pan/ros2_humble/install/ament_pclint:/home/pan/ros2_humble/install/ament_package:/home/pan/ros2_humble/install/ament_mypy:/home/pan/ros2_humble/install/ament_lint_cmake:/home/pan/ros2_humble/install/ament_flake8:/home/pan/ros2_humble/install/ament_copyright:/home/pan/ros2_humble/install/ament_lint:/home/pan/ros2_humble/install/ament_index_python:/home/pan/ros2_humble/install/ament_cpplint:/home/pan/ros2_humble/install/ament_cppcheck:/home/pan/ros2_humble/install/ament_clang_tidy:/home/pan/ros2_humble/install/ament_clang_format:/opt/ros/humble /usr/bin/cmake --build /home/pan/ros2_ws/src/mobile/bluesea2/build/base -- -j6 -l6
[0.344s] [  3%] Built target base__cpp
[0.351s] [ 12%] Built target base__rosidl_generator_c
[0.394s] [ 12%] Built target ament_cmake_python_copy_base
[0.442s] [ 32%] Built target base__rosidl_typesupport_introspection_cpp
[0.442s] [ 32%] Built target base__rosidl_typesupport_fastrtps_cpp
[0.457s] [ 51%] Built target base__rosidl_typesupport_c
[0.458s] [ 51%] Built target base__rosidl_typesupport_cpp
[0.467s] [ 61%] Built target base__rosidl_typesupport_introspection_c
[0.507s] [ 70%] Built target base__rosidl_typesupport_fastrtps_c
[0.612s] [ 70%] Built target base
[0.717s] [ 74%] Built target base__py
[0.829s] [ 80%] Built target base__rosidl_generator_py
[0.934s] [100%] Built target base__rosidl_typesupport_fastrtps_c__pyext
[0.934s] [100%] Built target base__rosidl_typesupport_introspection_c__pyext
[0.934s] [100%] Built target base__rosidl_typesupport_c__pyext
[1.567s] running egg_info
[1.569s] writing base.egg-info/PKG-INFO
[1.569s] writing dependency_links to base.egg-info/dependency_links.txt
[1.570s] writing top-level names to base.egg-info/top_level.txt
[1.575s] reading manifest file 'base.egg-info/SOURCES.txt'
[1.577s] writing manifest file 'base.egg-info/SOURCES.txt'
[1.676s] [100%] Built target ament_cmake_python_build_base_egg
[1.723s] Invoked command in '/home/pan/ros2_ws/src/mobile/bluesea2/build/base' returned '0': CMAKE_PREFIX_PATH=${CMAKE_PREFIX_PATH}:/home/pan/ros2_humble/install/rqt_bag_plugins:/home/pan/ros2_humble/install/rqt_bag:/home/pan/ros2_humble/install/launch_testing_examples:/home/pan/ros2_humble/install/ros2bag:/home/pan/ros2_humble/install/tracetools_test:/home/pan/ros2_humble/install/tracetools_launch:/home/pan/ros2_humble/install/topic_monitor:/home/pan/ros2_humble/install/tf2_tools:/home/pan/ros2_humble/install/examples_tf2_py:/home/pan/ros2_humble/install/tf2_ros_py:/home/pan/ros2_humble/install/sros2:/home/pan/ros2_humble/install/rqt_topic:/home/pan/ros2_humble/install/rqt_srv:/home/pan/ros2_humble/install/rqt_shell:/home/pan/ros2_humble/install/rqt_service_caller:/home/pan/ros2_humble/install/rqt_reconfigure:/home/pan/ros2_humble/install/rqt_py_console:/home/pan/ros2_humble/install/rqt_publisher:/home/pan/ros2_humble/install/rqt_plot:/home/pan/ros2_humble/install/rqt_action:/home/pan/ros2_humble/install/rqt_msg:/home/pan/ros2_humble/install/rqt_console:/home/pan/ros2_humble/install/rqt:/home/pan/ros2_humble/install/rqt_graph:/home/pan/ros2_humble/install/rqt_gui_py:/home/pan/ros2_humble/install/rqt_gui:/home/pan/ros2_humble/install/ros2trace:/home/pan/ros2_humble/install/ros2topic:/home/pan/ros2_humble/install/ros2test:/home/pan/ros2_humble/install/ros2component:/home/pan/ros2_humble/install/ros2param:/home/pan/ros2_humble/install/ros2lifecycle:/home/pan/ros2_humble/install/ros2service:/home/pan/ros2_humble/install/ros2run:/home/pan/ros2_humble/install/ros2plugin:/home/pan/ros2_humble/install/ros2launch:/home/pan/ros2_humble/install/ros2pkg:/home/pan/ros2_humble/install/ros2node:/home/pan/ros2_humble/install/ros2multicast:/home/pan/ros2_humble/install/ros2interface:/home/pan/ros2_humble/install/ros2doctor:/home/pan/ros2_humble/install/ros2action:/home/pan/ros2_humble/install/ros2cli:/home/pan/ros2_humble/install/quality_of_service_demo_py:/home/pan/ros2_humble/install/lifecycle_py:/home/pan/ros2_humble/install/launch_testing_ros:/home/pan/ros2_humble/install/launch_ros:/home/pan/ros2_humble/install/examples_rclpy_pointcloud_publisher:/home/pan/ros2_humble/install/examples_rclpy_minimal_subscriber:/home/pan/ros2_humble/install/examples_rclpy_minimal_service:/home/pan/ros2_humble/install/examples_rclpy_minimal_publisher:/home/pan/ros2_humble/install/examples_rclpy_minimal_client:/home/pan/ros2_humble/install/examples_rclpy_minimal_action_server:/home/pan/ros2_humble/install/examples_rclpy_minimal_action_client:/home/pan/ros2_humble/install/examples_rclpy_guard_conditions:/home/pan/ros2_humble/install/examples_rclpy_executors:/home/pan/ros2_humble/install/demo_nodes_py:/home/pan/ros2_humble/install/camera_info_manager_py:/home/pan/ros2_humble/install/action_tutorials_py:/home/pan/ros2_humble/install/ament_uncrustify:/home/pan/ros2_humble/install/tracetools_trace:/home/pan/ros2_humble/install/tracetools_read:/home/pan/ros2_humble/install/test_tracetools_launch:/home/pan/ros2_humble/install/test_launch_ros:/home/pan/ros2_humble/install/sensor_msgs_py:/home/pan/ros2_humble/install/rpyutils:/home/pan/ros2_humble/install/rosidl_runtime_py:/home/pan/ros2_humble/install/rosidl_cli:/home/pan/ros2_humble/install/launch_pytest:/home/pan/ros2_humble/install/launch_testing:/home/pan/ros2_humble/install/launch_yaml:/home/pan/ros2_humble/install/launch_xml:/home/pan/ros2_humble/install/launch:/home/pan/ros2_humble/install/osrf_pycommon:/home/pan/ros2_humble/install/domain_coordinator:/home/pan/ros2_humble/install/ament_xmllint:/home/pan/ros2_humble/install/ament_pyflakes:/home/pan/ros2_humble/install/ament_pycodestyle:/home/pan/ros2_humble/install/ament_pep257:/home/pan/ros2_humble/install/ament_pclint:/home/pan/ros2_humble/install/ament_package:/home/pan/ros2_humble/install/ament_mypy:/home/pan/ros2_humble/install/ament_lint_cmake:/home/pan/ros2_humble/install/ament_flake8:/home/pan/ros2_humble/install/ament_copyright:/home/pan/ros2_humble/install/ament_lint:/home/pan/ros2_humble/install/ament_index_python:/home/pan/ros2_humble/install/ament_cpplint:/home/pan/ros2_humble/install/ament_cppcheck:/home/pan/ros2_humble/install/ament_clang_tidy:/home/pan/ros2_humble/install/ament_clang_format:/opt/ros/humble /usr/bin/cmake --build /home/pan/ros2_ws/src/mobile/bluesea2/build/base -- -j6 -l6
[1.771s] Invoking command in '/home/pan/ros2_ws/src/mobile/bluesea2/build/base': CMAKE_PREFIX_PATH=${CMAKE_PREFIX_PATH}:/home/pan/ros2_humble/install/rqt_bag_plugins:/home/pan/ros2_humble/install/rqt_bag:/home/pan/ros2_humble/install/launch_testing_examples:/home/pan/ros2_humble/install/ros2bag:/home/pan/ros2_humble/install/tracetools_test:/home/pan/ros2_humble/install/tracetools_launch:/home/pan/ros2_humble/install/topic_monitor:/home/pan/ros2_humble/install/tf2_tools:/home/pan/ros2_humble/install/examples_tf2_py:/home/pan/ros2_humble/install/tf2_ros_py:/home/pan/ros2_humble/install/sros2:/home/pan/ros2_humble/install/rqt_topic:/home/pan/ros2_humble/install/rqt_srv:/home/pan/ros2_humble/install/rqt_shell:/home/pan/ros2_humble/install/rqt_service_caller:/home/pan/ros2_humble/install/rqt_reconfigure:/home/pan/ros2_humble/install/rqt_py_console:/home/pan/ros2_humble/install/rqt_publisher:/home/pan/ros2_humble/install/rqt_plot:/home/pan/ros2_humble/install/rqt_action:/home/pan/ros2_humble/install/rqt_msg:/home/pan/ros2_humble/install/rqt_console:/home/pan/ros2_humble/install/rqt:/home/pan/ros2_humble/install/rqt_graph:/home/pan/ros2_humble/install/rqt_gui_py:/home/pan/ros2_humble/install/rqt_gui:/home/pan/ros2_humble/install/ros2trace:/home/pan/ros2_humble/install/ros2topic:/home/pan/ros2_humble/install/ros2test:/home/pan/ros2_humble/install/ros2component:/home/pan/ros2_humble/install/ros2param:/home/pan/ros2_humble/install/ros2lifecycle:/home/pan/ros2_humble/install/ros2service:/home/pan/ros2_humble/install/ros2run:/home/pan/ros2_humble/install/ros2plugin:/home/pan/ros2_humble/install/ros2launch:/home/pan/ros2_humble/install/ros2pkg:/home/pan/ros2_humble/install/ros2node:/home/pan/ros2_humble/install/ros2multicast:/home/pan/ros2_humble/install/ros2interface:/home/pan/ros2_humble/install/ros2doctor:/home/pan/ros2_humble/install/ros2action:/home/pan/ros2_humble/install/ros2cli:/home/pan/ros2_humble/install/quality_of_service_demo_py:/home/pan/ros2_humble/install/lifecycle_py:/home/pan/ros2_humble/install/launch_testing_ros:/home/pan/ros2_humble/install/launch_ros:/home/pan/ros2_humble/install/examples_rclpy_pointcloud_publisher:/home/pan/ros2_humble/install/examples_rclpy_minimal_subscriber:/home/pan/ros2_humble/install/examples_rclpy_minimal_service:/home/pan/ros2_humble/install/examples_rclpy_minimal_publisher:/home/pan/ros2_humble/install/examples_rclpy_minimal_client:/home/pan/ros2_humble/install/examples_rclpy_minimal_action_server:/home/pan/ros2_humble/install/examples_rclpy_minimal_action_client:/home/pan/ros2_humble/install/examples_rclpy_guard_conditions:/home/pan/ros2_humble/install/examples_rclpy_executors:/home/pan/ros2_humble/install/demo_nodes_py:/home/pan/ros2_humble/install/camera_info_manager_py:/home/pan/ros2_humble/install/action_tutorials_py:/home/pan/ros2_humble/install/ament_uncrustify:/home/pan/ros2_humble/install/tracetools_trace:/home/pan/ros2_humble/install/tracetools_read:/home/pan/ros2_humble/install/test_tracetools_launch:/home/pan/ros2_humble/install/test_launch_ros:/home/pan/ros2_humble/install/sensor_msgs_py:/home/pan/ros2_humble/install/rpyutils:/home/pan/ros2_humble/install/rosidl_runtime_py:/home/pan/ros2_humble/install/rosidl_cli:/home/pan/ros2_humble/install/launch_pytest:/home/pan/ros2_humble/install/launch_testing:/home/pan/ros2_humble/install/launch_yaml:/home/pan/ros2_humble/install/launch_xml:/home/pan/ros2_humble/install/launch:/home/pan/ros2_humble/install/osrf_pycommon:/home/pan/ros2_humble/install/domain_coordinator:/home/pan/ros2_humble/install/ament_xmllint:/home/pan/ros2_humble/install/ament_pyflakes:/home/pan/ros2_humble/install/ament_pycodestyle:/home/pan/ros2_humble/install/ament_pep257:/home/pan/ros2_humble/install/ament_pclint:/home/pan/ros2_humble/install/ament_package:/home/pan/ros2_humble/install/ament_mypy:/home/pan/ros2_humble/install/ament_lint_cmake:/home/pan/ros2_humble/install/ament_flake8:/home/pan/ros2_humble/install/ament_copyright:/home/pan/ros2_humble/install/ament_lint:/home/pan/ros2_humble/install/ament_index_python:/home/pan/ros2_humble/install/ament_cpplint:/home/pan/ros2_humble/install/ament_cppcheck:/home/pan/ros2_humble/install/ament_clang_tidy:/home/pan/ros2_humble/install/ament_clang_format:/opt/ros/humble /usr/bin/cmake --install /home/pan/ros2_ws/src/mobile/bluesea2/build/base
[1.813s] -- Install configuration: ""
[1.814s] -- Up-to-date: /home/pan/ros2_ws/src/mobile/bluesea2/install/base/share/ament_index/resource_index/rosidl_interfaces/base
[1.814s] -- Up-to-date: /home/pan/ros2_ws/src/mobile/bluesea2/install/base/include/base/base
[1.814s] -- Up-to-date: /home/pan/ros2_ws/src/mobile/bluesea2/install/base/include/base/base/msg
[1.814s] -- Up-to-date: /home/pan/ros2_ws/src/mobile/bluesea2/install/base/include/base/base/msg/rosidl_generator_c__visibility_control.h
[1.814s] -- Up-to-date: /home/pan/ros2_ws/src/mobile/bluesea2/install/base/include/base/base/srv
[1.815s] -- Up-to-date: /home/pan/ros2_ws/src/mobile/bluesea2/install/base/include/base/base/srv/detail
[1.815s] -- Up-to-date: /home/pan/ros2_ws/src/mobile/bluesea2/install/base/include/base/base/srv/detail/control__struct.h
[1.815s] -- Up-to-date: /home/pan/ros2_ws/src/mobile/bluesea2/install/base/include/base/base/srv/detail/control__functions.h
[1.815s] -- Up-to-date: /home/pan/ros2_ws/src/mobile/bluesea2/install/base/include/base/base/srv/detail/control__type_support.h
[1.815s] -- Up-to-date: /home/pan/ros2_ws/src/mobile/bluesea2/install/base/include/base/base/srv/detail/control__functions.c
[1.815s] -- Up-to-date: /home/pan/ros2_ws/src/mobile/bluesea2/install/base/include/base/base/srv/control.h
[1.815s] -- Up-to-date: /home/pan/ros2_ws/src/mobile/bluesea2/install/base/share/base/environment/library_path.sh
[1.815s] -- Up-to-date: /home/pan/ros2_ws/src/mobile/bluesea2/install/base/share/base/environment/library_path.dsv
[1.816s] -- Up-to-date: /home/pan/ros2_ws/src/mobile/bluesea2/install/base/lib/libbase__rosidl_generator_c.so
[1.817s] -- Up-to-date: /home/pan/ros2_ws/src/mobile/bluesea2/install/base/include/base/base
[1.817s] -- Up-to-date: /home/pan/ros2_ws/src/mobile/bluesea2/install/base/include/base/base/msg
[1.818s] -- Up-to-date: /home/pan/ros2_ws/src/mobile/bluesea2/install/base/include/base/base/msg/rosidl_typesupport_fastrtps_c__visibility_control.h
[1.818s] -- Up-to-date: /home/pan/ros2_ws/src/mobile/bluesea2/install/base/include/base/base/srv
[1.818s] -- Up-to-date: /home/pan/ros2_ws/src/mobile/bluesea2/install/base/include/base/base/srv/detail
[1.819s] -- Up-to-date: /home/pan/ros2_ws/src/mobile/bluesea2/install/base/include/base/base/srv/detail/control__rosidl_typesupport_fastrtps_c.h
[1.819s] -- Up-to-date: /home/pan/ros2_ws/src/mobile/bluesea2/install/base/lib/libbase__rosidl_typesupport_fastrtps_c.so
[1.819s] -- Up-to-date: /home/pan/ros2_ws/src/mobile/bluesea2/install/base/include/base/base
[1.820s] -- Up-to-date: /home/pan/ros2_ws/src/mobile/bluesea2/install/base/include/base/base/msg
[1.820s] -- Up-to-date: /home/pan/ros2_ws/src/mobile/bluesea2/install/base/include/base/base/msg/rosidl_generator_cpp__visibility_control.hpp
[1.820s] -- Up-to-date: /home/pan/ros2_ws/src/mobile/bluesea2/install/base/include/base/base/srv
[1.821s] -- Up-to-date: /home/pan/ros2_ws/src/mobile/bluesea2/install/base/include/base/base/srv/detail
[1.821s] -- Up-to-date: /home/pan/ros2_ws/src/mobile/bluesea2/install/base/include/base/base/srv/detail/control__builder.hpp
[1.821s] -- Up-to-date: /home/pan/ros2_ws/src/mobile/bluesea2/install/base/include/base/base/srv/detail/control__struct.hpp
[1.822s] -- Up-to-date: /home/pan/ros2_ws/src/mobile/bluesea2/install/base/include/base/base/srv/detail/control__traits.hpp
[1.822s] -- Up-to-date: /home/pan/ros2_ws/src/mobile/bluesea2/install/base/include/base/base/srv/detail/control__type_support.hpp
[1.822s] -- Up-to-date: /home/pan/ros2_ws/src/mobile/bluesea2/install/base/include/base/base/srv/control.hpp
[1.822s] -- Up-to-date: /home/pan/ros2_ws/src/mobile/bluesea2/install/base/include/base/base
[1.823s] -- Up-to-date: /home/pan/ros2_ws/src/mobile/bluesea2/install/base/include/base/base/msg
[1.823s] -- Up-to-date: /home/pan/ros2_ws/src/mobile/bluesea2/install/base/include/base/base/msg/rosidl_typesupport_fastrtps_cpp__visibility_control.h
[1.823s] -- Up-to-date: /home/pan/ros2_ws/src/mobile/bluesea2/install/base/include/base/base/srv
[1.824s] -- Up-to-date: /home/pan/ros2_ws/src/mobile/bluesea2/install/base/include/base/base/srv/detail
[1.824s] -- Up-to-date: /home/pan/ros2_ws/src/mobile/bluesea2/install/base/include/base/base/srv/detail/control__rosidl_typesupport_fastrtps_cpp.hpp
[1.824s] -- Up-to-date: /home/pan/ros2_ws/src/mobile/bluesea2/install/base/include/base/base/srv/detail/dds_fastrtps
[1.824s] -- Up-to-date: /home/pan/ros2_ws/src/mobile/bluesea2/install/base/lib/libbase__rosidl_typesupport_fastrtps_cpp.so
[1.825s] -- Up-to-date: /home/pan/ros2_ws/src/mobile/bluesea2/install/base/include/base/base
[1.825s] -- Up-to-date: /home/pan/ros2_ws/src/mobile/bluesea2/install/base/include/base/base/msg
[1.825s] -- Up-to-date: /home/pan/ros2_ws/src/mobile/bluesea2/install/base/include/base/base/msg/rosidl_typesupport_introspection_c__visibility_control.h
[1.826s] -- Up-to-date: /home/pan/ros2_ws/src/mobile/bluesea2/install/base/include/base/base/srv
[1.826s] -- Up-to-date: /home/pan/ros2_ws/src/mobile/bluesea2/install/base/include/base/base/srv/detail
[1.826s] -- Up-to-date: /home/pan/ros2_ws/src/mobile/bluesea2/install/base/include/base/base/srv/detail/control__type_support.c
[1.827s] -- Up-to-date: /home/pan/ros2_ws/src/mobile/bluesea2/install/base/include/base/base/srv/detail/control__rosidl_typesupport_introspection_c.h
[1.827s] -- Up-to-date: /home/pan/ros2_ws/src/mobile/bluesea2/install/base/lib/libbase__rosidl_typesupport_introspection_c.so
[1.827s] -- Up-to-date: /home/pan/ros2_ws/src/mobile/bluesea2/install/base/lib/libbase__rosidl_typesupport_c.so
[1.827s] -- Up-to-date: /home/pan/ros2_ws/src/mobile/bluesea2/install/base/include/base/base
[1.828s] -- Up-to-date: /home/pan/ros2_ws/src/mobile/bluesea2/install/base/include/base/base/srv
[1.828s] -- Up-to-date: /home/pan/ros2_ws/src/mobile/bluesea2/install/base/include/base/base/srv/detail
[1.828s] -- Up-to-date: /home/pan/ros2_ws/src/mobile/bluesea2/install/base/include/base/base/srv/detail/control__rosidl_typesupport_introspection_cpp.hpp
[1.828s] -- Up-to-date: /home/pan/ros2_ws/src/mobile/bluesea2/install/base/include/base/base/srv/detail/control__type_support.cpp
[1.828s] -- Up-to-date: /home/pan/ros2_ws/src/mobile/bluesea2/install/base/lib/libbase__rosidl_typesupport_introspection_cpp.so
[1.829s] -- Up-to-date: /home/pan/ros2_ws/src/mobile/bluesea2/install/base/lib/libbase__rosidl_typesupport_cpp.so
[1.829s] -- Up-to-date: /home/pan/ros2_ws/src/mobile/bluesea2/install/base/share/base/environment/pythonpath.sh
[1.829s] -- Up-to-date: /home/pan/ros2_ws/src/mobile/bluesea2/install/base/share/base/environment/pythonpath.dsv
[1.829s] -- Up-to-date: /home/pan/ros2_ws/src/mobile/bluesea2/install/base/local/lib/python3.10/dist-packages/base-0.0.0-py3.10.egg-info
[1.830s] -- Installing: /home/pan/ros2_ws/src/mobile/bluesea2/install/base/local/lib/python3.10/dist-packages/base-0.0.0-py3.10.egg-info/dependency_links.txt
[1.830s] -- Installing: /home/pan/ros2_ws/src/mobile/bluesea2/install/base/local/lib/python3.10/dist-packages/base-0.0.0-py3.10.egg-info/SOURCES.txt
[1.830s] -- Installing: /home/pan/ros2_ws/src/mobile/bluesea2/install/base/local/lib/python3.10/dist-packages/base-0.0.0-py3.10.egg-info/top_level.txt
[1.830s] -- Installing: /home/pan/ros2_ws/src/mobile/bluesea2/install/base/local/lib/python3.10/dist-packages/base-0.0.0-py3.10.egg-info/PKG-INFO
[1.830s] -- Up-to-date: /home/pan/ros2_ws/src/mobile/bluesea2/install/base/local/lib/python3.10/dist-packages/base
[1.831s] -- Up-to-date: /home/pan/ros2_ws/src/mobile/bluesea2/install/base/local/lib/python3.10/dist-packages/base/base_s__rosidl_typesupport_c.cpython-310-aarch64-linux-gnu.so
[1.831s] -- Up-to-date: /home/pan/ros2_ws/src/mobile/bluesea2/install/base/local/lib/python3.10/dist-packages/base/base_s__rosidl_typesupport_introspection_c.cpython-310-aarch64-linux-gnu.so
[1.831s] -- Up-to-date: /home/pan/ros2_ws/src/mobile/bluesea2/install/base/local/lib/python3.10/dist-packages/base/srv
[1.831s] -- Up-to-date: /home/pan/ros2_ws/src/mobile/bluesea2/install/base/local/lib/python3.10/dist-packages/base/srv/_control_s.c
[1.832s] -- Up-to-date: /home/pan/ros2_ws/src/mobile/bluesea2/install/base/local/lib/python3.10/dist-packages/base/srv/__init__.py
[1.832s] -- Up-to-date: /home/pan/ros2_ws/src/mobile/bluesea2/install/base/local/lib/python3.10/dist-packages/base/srv/_control.py
[1.832s] -- Up-to-date: /home/pan/ros2_ws/src/mobile/bluesea2/install/base/local/lib/python3.10/dist-packages/base/_base_s.ep.rosidl_typesupport_c.c
[1.832s] -- Up-to-date: /home/pan/ros2_ws/src/mobile/bluesea2/install/base/local/lib/python3.10/dist-packages/base/__init__.py
[1.832s] -- Up-to-date: /home/pan/ros2_ws/src/mobile/bluesea2/install/base/local/lib/python3.10/dist-packages/base/_base_s.ep.rosidl_typesupport_fastrtps_c.c
[1.833s] -- Up-to-date: /home/pan/ros2_ws/src/mobile/bluesea2/install/base/local/lib/python3.10/dist-packages/base/base_s__rosidl_typesupport_fastrtps_c.cpython-310-aarch64-linux-gnu.so
[1.833s] -- Up-to-date: /home/pan/ros2_ws/src/mobile/bluesea2/install/base/local/lib/python3.10/dist-packages/base/_base_s.ep.rosidl_typesupport_introspection_c.c
[1.833s] -- Up-to-date: /home/pan/ros2_ws/src/mobile/bluesea2/install/base/local/lib/python3.10/dist-packages/base/libbase__rosidl_generator_py.so
[2.076s] Listing '/home/pan/ros2_ws/src/mobile/bluesea2/install/base/local/lib/python3.10/dist-packages/base'...
[2.076s] Listing '/home/pan/ros2_ws/src/mobile/bluesea2/install/base/local/lib/python3.10/dist-packages/base/srv'...
[2.087s] -- Up-to-date: /home/pan/ros2_ws/src/mobile/bluesea2/install/base/local/lib/python3.10/dist-packages/base/base_s__rosidl_typesupport_introspection_c.cpython-310-aarch64-linux-gnu.so
[2.087s] -- Up-to-date: /home/pan/ros2_ws/src/mobile/bluesea2/install/base/local/lib/python3.10/dist-packages/base/base_s__rosidl_typesupport_fastrtps_c.cpython-310-aarch64-linux-gnu.so
[2.088s] -- Up-to-date: /home/pan/ros2_ws/src/mobile/bluesea2/install/base/local/lib/python3.10/dist-packages/base/base_s__rosidl_typesupport_c.cpython-310-aarch64-linux-gnu.so
[2.090s] -- Up-to-date: /home/pan/ros2_ws/src/mobile/bluesea2/install/base/lib/libbase__rosidl_generator_py.so
[2.091s] -- Up-to-date: /home/pan/ros2_ws/src/mobile/bluesea2/install/base/share/base/srv/Control.idl
[2.091s] -- Up-to-date: /home/pan/ros2_ws/src/mobile/bluesea2/install/base/share/base/srv/Control.srv
[2.092s] -- Up-to-date: /home/pan/ros2_ws/src/mobile/bluesea2/install/base/share/base/srv/Control_Request.msg
[2.092s] -- Up-to-date: /home/pan/ros2_ws/src/mobile/bluesea2/install/base/share/base/srv/Control_Response.msg
[2.092s] -- Up-to-date: /home/pan/ros2_ws/src/mobile/bluesea2/install/base/share/ament_index/resource_index/package_run_dependencies/base
[2.092s] -- Up-to-date: /home/pan/ros2_ws/src/mobile/bluesea2/install/base/share/ament_index/resource_index/parent_prefix_path/base
[2.093s] -- Up-to-date: /home/pan/ros2_ws/src/mobile/bluesea2/install/base/share/base/environment/ament_prefix_path.dsv
[2.094s] -- Up-to-date: /home/pan/ros2_ws/src/mobile/bluesea2/install/base/share/base/environment/path.dsv
[2.094s] -- Up-to-date: /home/pan/ros2_ws/src/mobile/bluesea2/install/base/share/base/local_setup.bash
[2.094s] -- Up-to-date: /home/pan/ros2_ws/src/mobile/bluesea2/install/base/share/base/local_setup.sh
[2.094s] -- Up-to-date: /home/pan/ros2_ws/src/mobile/bluesea2/install/base/share/base/local_setup.zsh
[2.094s] -- Up-to-date: /home/pan/ros2_ws/src/mobile/bluesea2/install/base/share/base/local_setup.dsv
[2.094s] -- Installing: /home/pan/ros2_ws/src/mobile/bluesea2/install/base/share/base/package.dsv
[2.095s] -- Up-to-date: /home/pan/ros2_ws/src/mobile/bluesea2/install/base/share/ament_index/resource_index/packages/base
[2.098s] -- Up-to-date: /home/pan/ros2_ws/src/mobile/bluesea2/install/base/share/base/cmake/export_base__rosidl_generator_cExport.cmake
[2.098s] -- Up-to-date: /home/pan/ros2_ws/src/mobile/bluesea2/install/base/share/base/cmake/export_base__rosidl_generator_cExport-noconfig.cmake
[2.099s] -- Up-to-date: /home/pan/ros2_ws/src/mobile/bluesea2/install/base/share/base/cmake/export_base__rosidl_typesupport_fastrtps_cExport.cmake
[2.099s] -- Up-to-date: /home/pan/ros2_ws/src/mobile/bluesea2/install/base/share/base/cmake/export_base__rosidl_typesupport_fastrtps_cExport-noconfig.cmake
[2.100s] -- Up-to-date: /home/pan/ros2_ws/src/mobile/bluesea2/install/base/share/base/cmake/export_base__rosidl_generator_cppExport.cmake
[2.101s] -- Up-to-date: /home/pan/ros2_ws/src/mobile/bluesea2/install/base/share/base/cmake/export_base__rosidl_typesupport_fastrtps_cppExport.cmake
[2.101s] -- Up-to-date: /home/pan/ros2_ws/src/mobile/bluesea2/install/base/share/base/cmake/export_base__rosidl_typesupport_fastrtps_cppExport-noconfig.cmake
[2.102s] -- Up-to-date: /home/pan/ros2_ws/src/mobile/bluesea2/install/base/share/base/cmake/base__rosidl_typesupport_introspection_cExport.cmake
[2.102s] -- Up-to-date: /home/pan/ros2_ws/src/mobile/bluesea2/install/base/share/base/cmake/base__rosidl_typesupport_introspection_cExport-noconfig.cmake
[2.103s] -- Up-to-date: /home/pan/ros2_ws/src/mobile/bluesea2/install/base/share/base/cmake/base__rosidl_typesupport_cExport.cmake
[2.104s] -- Up-to-date: /home/pan/ros2_ws/src/mobile/bluesea2/install/base/share/base/cmake/base__rosidl_typesupport_cExport-noconfig.cmake
[2.105s] -- Up-to-date: /home/pan/ros2_ws/src/mobile/bluesea2/install/base/share/base/cmake/base__rosidl_typesupport_introspection_cppExport.cmake
[2.105s] -- Up-to-date: /home/pan/ros2_ws/src/mobile/bluesea2/install/base/share/base/cmake/base__rosidl_typesupport_introspection_cppExport-noconfig.cmake
[2.106s] -- Up-to-date: /home/pan/ros2_ws/src/mobile/bluesea2/install/base/share/base/cmake/base__rosidl_typesupport_cppExport.cmake
[2.106s] -- Up-to-date: /home/pan/ros2_ws/src/mobile/bluesea2/install/base/share/base/cmake/base__rosidl_typesupport_cppExport-noconfig.cmake
[2.107s] -- Up-to-date: /home/pan/ros2_ws/src/mobile/bluesea2/install/base/share/base/cmake/export_base__rosidl_generator_pyExport.cmake
[2.107s] -- Up-to-date: /home/pan/ros2_ws/src/mobile/bluesea2/install/base/share/base/cmake/export_base__rosidl_generator_pyExport-noconfig.cmake
[2.108s] -- Up-to-date: /home/pan/ros2_ws/src/mobile/bluesea2/install/base/share/base/cmake/rosidl_cmake-extras.cmake
[2.108s] -- Up-to-date: /home/pan/ros2_ws/src/mobile/bluesea2/install/base/share/base/cmake/ament_cmake_export_include_directories-extras.cmake
[2.108s] -- Up-to-date: /home/pan/ros2_ws/src/mobile/bluesea2/install/base/share/base/cmake/ament_cmake_export_libraries-extras.cmake
[2.108s] -- Up-to-date: /home/pan/ros2_ws/src/mobile/bluesea2/install/base/share/base/cmake/ament_cmake_export_targets-extras.cmake
[2.108s] -- Up-to-date: /home/pan/ros2_ws/src/mobile/bluesea2/install/base/share/base/cmake/rosidl_cmake_export_typesupport_targets-extras.cmake
[2.108s] -- Up-to-date: /home/pan/ros2_ws/src/mobile/bluesea2/install/base/share/base/cmake/ament_cmake_export_dependencies-extras.cmake
[2.109s] -- Up-to-date: /home/pan/ros2_ws/src/mobile/bluesea2/install/base/share/base/cmake/rosidl_cmake_export_typesupport_libraries-extras.cmake
[2.109s] -- Up-to-date: /home/pan/ros2_ws/src/mobile/bluesea2/install/base/share/base/cmake/baseConfig.cmake
[2.109s] -- Up-to-date: /home/pan/ros2_ws/src/mobile/bluesea2/install/base/share/base/cmake/baseConfig-version.cmake
[2.109s] -- Up-to-date: /home/pan/ros2_ws/src/mobile/bluesea2/install/base/share/base/package.xml
[2.115s] Invoked command in '/home/pan/ros2_ws/src/mobile/bluesea2/build/base' returned '0': CMAKE_PREFIX_PATH=${CMAKE_PREFIX_PATH}:/home/pan/ros2_humble/install/rqt_bag_plugins:/home/pan/ros2_humble/install/rqt_bag:/home/pan/ros2_humble/install/launch_testing_examples:/home/pan/ros2_humble/install/ros2bag:/home/pan/ros2_humble/install/tracetools_test:/home/pan/ros2_humble/install/tracetools_launch:/home/pan/ros2_humble/install/topic_monitor:/home/pan/ros2_humble/install/tf2_tools:/home/pan/ros2_humble/install/examples_tf2_py:/home/pan/ros2_humble/install/tf2_ros_py:/home/pan/ros2_humble/install/sros2:/home/pan/ros2_humble/install/rqt_topic:/home/pan/ros2_humble/install/rqt_srv:/home/pan/ros2_humble/install/rqt_shell:/home/pan/ros2_humble/install/rqt_service_caller:/home/pan/ros2_humble/install/rqt_reconfigure:/home/pan/ros2_humble/install/rqt_py_console:/home/pan/ros2_humble/install/rqt_publisher:/home/pan/ros2_humble/install/rqt_plot:/home/pan/ros2_humble/install/rqt_action:/home/pan/ros2_humble/install/rqt_msg:/home/pan/ros2_humble/install/rqt_console:/home/pan/ros2_humble/install/rqt:/home/pan/ros2_humble/install/rqt_graph:/home/pan/ros2_humble/install/rqt_gui_py:/home/pan/ros2_humble/install/rqt_gui:/home/pan/ros2_humble/install/ros2trace:/home/pan/ros2_humble/install/ros2topic:/home/pan/ros2_humble/install/ros2test:/home/pan/ros2_humble/install/ros2component:/home/pan/ros2_humble/install/ros2param:/home/pan/ros2_humble/install/ros2lifecycle:/home/pan/ros2_humble/install/ros2service:/home/pan/ros2_humble/install/ros2run:/home/pan/ros2_humble/install/ros2plugin:/home/pan/ros2_humble/install/ros2launch:/home/pan/ros2_humble/install/ros2pkg:/home/pan/ros2_humble/install/ros2node:/home/pan/ros2_humble/install/ros2multicast:/home/pan/ros2_humble/install/ros2interface:/home/pan/ros2_humble/install/ros2doctor:/home/pan/ros2_humble/install/ros2action:/home/pan/ros2_humble/install/ros2cli:/home/pan/ros2_humble/install/quality_of_service_demo_py:/home/pan/ros2_humble/install/lifecycle_py:/home/pan/ros2_humble/install/launch_testing_ros:/home/pan/ros2_humble/install/launch_ros:/home/pan/ros2_humble/install/examples_rclpy_pointcloud_publisher:/home/pan/ros2_humble/install/examples_rclpy_minimal_subscriber:/home/pan/ros2_humble/install/examples_rclpy_minimal_service:/home/pan/ros2_humble/install/examples_rclpy_minimal_publisher:/home/pan/ros2_humble/install/examples_rclpy_minimal_client:/home/pan/ros2_humble/install/examples_rclpy_minimal_action_server:/home/pan/ros2_humble/install/examples_rclpy_minimal_action_client:/home/pan/ros2_humble/install/examples_rclpy_guard_conditions:/home/pan/ros2_humble/install/examples_rclpy_executors:/home/pan/ros2_humble/install/demo_nodes_py:/home/pan/ros2_humble/install/camera_info_manager_py:/home/pan/ros2_humble/install/action_tutorials_py:/home/pan/ros2_humble/install/ament_uncrustify:/home/pan/ros2_humble/install/tracetools_trace:/home/pan/ros2_humble/install/tracetools_read:/home/pan/ros2_humble/install/test_tracetools_launch:/home/pan/ros2_humble/install/test_launch_ros:/home/pan/ros2_humble/install/sensor_msgs_py:/home/pan/ros2_humble/install/rpyutils:/home/pan/ros2_humble/install/rosidl_runtime_py:/home/pan/ros2_humble/install/rosidl_cli:/home/pan/ros2_humble/install/launch_pytest:/home/pan/ros2_humble/install/launch_testing:/home/pan/ros2_humble/install/launch_yaml:/home/pan/ros2_humble/install/launch_xml:/home/pan/ros2_humble/install/launch:/home/pan/ros2_humble/install/osrf_pycommon:/home/pan/ros2_humble/install/domain_coordinator:/home/pan/ros2_humble/install/ament_xmllint:/home/pan/ros2_humble/install/ament_pyflakes:/home/pan/ros2_humble/install/ament_pycodestyle:/home/pan/ros2_humble/install/ament_pep257:/home/pan/ros2_humble/install/ament_pclint:/home/pan/ros2_humble/install/ament_package:/home/pan/ros2_humble/install/ament_mypy:/home/pan/ros2_humble/install/ament_lint_cmake:/home/pan/ros2_humble/install/ament_flake8:/home/pan/ros2_humble/install/ament_copyright:/home/pan/ros2_humble/install/ament_lint:/home/pan/ros2_humble/install/ament_index_python:/home/pan/ros2_humble/install/ament_cpplint:/home/pan/ros2_humble/install/ament_cppcheck:/home/pan/ros2_humble/install/ament_clang_tidy:/home/pan/ros2_humble/install/ament_clang_format:/opt/ros/humble /usr/bin/cmake --install /home/pan/ros2_ws/src/mobile/bluesea2/build/base
