[0.510s] DEBUG:colcon:Command line arguments: ['/usr/bin/colcon', 'build']
[0.511s] DEBUG:colcon:Parsed command line arguments: Namespace(log_base=None, log_level=None, verb_name='build', build_base='build', install_base='install', merge_install=False, symlink_install=False, test_result_base=None, continue_on_error=False, executor='parallel', parallel_workers=6, event_handlers=None, ignore_user_meta=False, metas=['./colcon.meta'], base_paths=['.'], packages_ignore=None, packages_ignore_regex=None, paths=None, packages_up_to=None, packages_up_to_regex=None, packages_above=None, packages_above_and_dependencies=None, packages_above_depth=None, packages_select_by_dep=None, packages_skip_by_dep=None, packages_skip_up_to=None, packages_select_build_failed=False, packages_skip_build_finished=False, packages_select_test_failures=False, packages_skip_test_passed=False, packages_select=None, packages_skip=None, packages_select_regex=None, packages_skip_regex=None, packages_start=None, packages_end=None, allow_overriding=[], cmake_args=None, cmake_target=None, cmake_target_skip_unavailable=False, cmake_clean_cache=False, cmake_clean_first=False, cmake_force_configure=False, ament_cmake_args=None, catkin_cmake_args=None, catkin_skip_building_tests=False, verb_parser=<colcon_defaults.argument_parser.defaults.DefaultArgumentsDecorator object at 0xffff8c274340>, verb_extension=<colcon_core.verb.build.BuildVerb object at 0xffff8c23fa00>, main=<bound method BuildVerb.main of <colcon_core.verb.build.BuildVerb object at 0xffff8c23fa00>>)
[1.163s] Level 1:colcon.colcon_core.package_discovery:discover_packages(colcon_meta) check parameters
[1.163s] Level 1:colcon.colcon_core.package_discovery:discover_packages(recursive) check parameters
[1.163s] Level 1:colcon.colcon_core.package_discovery:discover_packages(ignore) check parameters
[1.163s] Level 1:colcon.colcon_core.package_discovery:discover_packages(path) check parameters
[1.163s] Level 1:colcon.colcon_core.package_discovery:discover_packages(colcon_meta) discover
[1.164s] Level 1:colcon.colcon_core.package_discovery:discover_packages(recursive) discover
[1.164s] INFO:colcon.colcon_core.package_discovery:Crawling recursively for packages in '/home/pan/ros2_ws/src'
[1.164s] Level 1:colcon.colcon_core.package_identification:_identify(.) by extensions ['ignore', 'ignore_ament_install']
[1.164s] Level 1:colcon.colcon_core.package_identification:_identify(.) by extension 'ignore'
[1.164s] Level 1:colcon.colcon_core.package_identification:_identify(.) by extension 'ignore_ament_install'
[1.165s] Level 1:colcon.colcon_core.package_identification:_identify(.) by extensions ['colcon_pkg']
[1.165s] Level 1:colcon.colcon_core.package_identification:_identify(.) by extension 'colcon_pkg'
[1.165s] Level 1:colcon.colcon_core.package_identification:_identify(.) by extensions ['colcon_meta']
[1.165s] Level 1:colcon.colcon_core.package_identification:_identify(.) by extension 'colcon_meta'
[1.165s] Level 1:colcon.colcon_core.package_identification:_identify(.) by extensions ['ros']
[1.165s] Level 1:colcon.colcon_core.package_identification:_identify(.) by extension 'ros'
[1.199s] Level 1:colcon.colcon_core.package_identification:_identify(.) by extensions ['cmake', 'python']
[1.199s] Level 1:colcon.colcon_core.package_identification:_identify(.) by extension 'cmake'
[1.199s] Level 1:colcon.colcon_core.package_identification:_identify(.) by extension 'python'
[1.200s] Level 1:colcon.colcon_core.package_identification:_identify(.) by extensions ['python_setup_py']
[1.200s] Level 1:colcon.colcon_core.package_identification:_identify(.) by extension 'python_setup_py'
[1.200s] Level 1:colcon.colcon_core.package_identification:_identify(CH341SER) by extensions ['ignore', 'ignore_ament_install']
[1.200s] Level 1:colcon.colcon_core.package_identification:_identify(CH341SER) by extension 'ignore'
[1.200s] Level 1:colcon.colcon_core.package_identification:_identify(CH341SER) by extension 'ignore_ament_install'
[1.201s] Level 1:colcon.colcon_core.package_identification:_identify(CH341SER) by extensions ['colcon_pkg']
[1.201s] Level 1:colcon.colcon_core.package_identification:_identify(CH341SER) by extension 'colcon_pkg'
[1.201s] Level 1:colcon.colcon_core.package_identification:_identify(CH341SER) by extensions ['colcon_meta']
[1.201s] Level 1:colcon.colcon_core.package_identification:_identify(CH341SER) by extension 'colcon_meta'
[1.201s] Level 1:colcon.colcon_core.package_identification:_identify(CH341SER) by extensions ['ros']
[1.201s] Level 1:colcon.colcon_core.package_identification:_identify(CH341SER) by extension 'ros'
[1.201s] Level 1:colcon.colcon_core.package_identification:_identify(CH341SER) by extensions ['cmake', 'python']
[1.201s] Level 1:colcon.colcon_core.package_identification:_identify(CH341SER) by extension 'cmake'
[1.201s] Level 1:colcon.colcon_core.package_identification:_identify(CH341SER) by extension 'python'
[1.201s] Level 1:colcon.colcon_core.package_identification:_identify(CH341SER) by extensions ['python_setup_py']
[1.202s] Level 1:colcon.colcon_core.package_identification:_identify(CH341SER) by extension 'python_setup_py'
[1.202s] Level 1:colcon.colcon_core.package_identification:_identify(build) by extensions ['ignore', 'ignore_ament_install']
[1.202s] Level 1:colcon.colcon_core.package_identification:_identify(build) by extension 'ignore'
[1.202s] Level 1:colcon.colcon_core.package_identification:_identify(build) ignored
[1.202s] Level 1:colcon.colcon_core.package_identification:_identify(hwt901b_ros2) by extensions ['ignore', 'ignore_ament_install']
[1.203s] Level 1:colcon.colcon_core.package_identification:_identify(hwt901b_ros2) by extension 'ignore'
[1.203s] Level 1:colcon.colcon_core.package_identification:_identify(hwt901b_ros2) by extension 'ignore_ament_install'
[1.203s] Level 1:colcon.colcon_core.package_identification:_identify(hwt901b_ros2) by extensions ['colcon_pkg']
[1.203s] Level 1:colcon.colcon_core.package_identification:_identify(hwt901b_ros2) by extension 'colcon_pkg'
[1.203s] Level 1:colcon.colcon_core.package_identification:_identify(hwt901b_ros2) by extensions ['colcon_meta']
[1.203s] Level 1:colcon.colcon_core.package_identification:_identify(hwt901b_ros2) by extension 'colcon_meta'
[1.203s] Level 1:colcon.colcon_core.package_identification:_identify(hwt901b_ros2) by extensions ['ros']
[1.203s] Level 1:colcon.colcon_core.package_identification:_identify(hwt901b_ros2) by extension 'ros'
[1.205s] DEBUG:colcon.colcon_core.package_identification:Failed to parse potential ROS package manifest in'hwt901b_ros2': Error(s) in package 'hwt901b_ros2/package.xml':
The manifest contains invalid XML:
no element found: line 1, column 0
[1.206s] Level 1:colcon.colcon_core.package_identification:_identify(hwt901b_ros2) by extensions ['cmake', 'python']
[1.206s] Level 1:colcon.colcon_core.package_identification:_identify(hwt901b_ros2) by extension 'cmake'
[1.206s] Level 1:colcon.colcon_core.package_identification:_identify(hwt901b_ros2) by extension 'python'
[1.206s] Level 1:colcon.colcon_core.package_identification:_identify(hwt901b_ros2) by extensions ['python_setup_py']
[1.206s] Level 1:colcon.colcon_core.package_identification:_identify(hwt901b_ros2) by extension 'python_setup_py'
[1.206s] Level 1:colcon.colcon_core.package_identification:_identify(install) by extensions ['ignore', 'ignore_ament_install']
[1.206s] Level 1:colcon.colcon_core.package_identification:_identify(install) by extension 'ignore'
[1.207s] Level 1:colcon.colcon_core.package_identification:_identify(install) ignored
[1.207s] Level 1:colcon.colcon_core.package_identification:_identify(log) by extensions ['ignore', 'ignore_ament_install']
[1.207s] Level 1:colcon.colcon_core.package_identification:_identify(log) by extension 'ignore'
[1.207s] Level 1:colcon.colcon_core.package_identification:_identify(log) ignored
[1.207s] Level 1:colcon.colcon_core.package_identification:_identify(mobile) by extensions ['ignore', 'ignore_ament_install']
[1.207s] Level 1:colcon.colcon_core.package_identification:_identify(mobile) by extension 'ignore'
[1.208s] Level 1:colcon.colcon_core.package_identification:_identify(mobile) by extension 'ignore_ament_install'
[1.208s] Level 1:colcon.colcon_core.package_identification:_identify(mobile) by extensions ['colcon_pkg']
[1.208s] Level 1:colcon.colcon_core.package_identification:_identify(mobile) by extension 'colcon_pkg'
[1.208s] Level 1:colcon.colcon_core.package_identification:_identify(mobile) by extensions ['colcon_meta']
[1.208s] Level 1:colcon.colcon_core.package_identification:_identify(mobile) by extension 'colcon_meta'
[1.208s] Level 1:colcon.colcon_core.package_identification:_identify(mobile) by extensions ['ros']
[1.208s] Level 1:colcon.colcon_core.package_identification:_identify(mobile) by extension 'ros'
[1.213s] DEBUG:colcon.colcon_core.package_identification:Package 'mobile' with type 'ros.ament_cmake' and name 'mobile'
[1.213s] Level 1:colcon.colcon_core.package_discovery:discover_packages(recursive) using defaults
[1.213s] Level 1:colcon.colcon_core.package_discovery:discover_packages(ignore) discover
[1.213s] Level 1:colcon.colcon_core.package_discovery:discover_packages(ignore) using defaults
[1.213s] Level 1:colcon.colcon_core.package_discovery:discover_packages(path) discover
[1.213s] Level 1:colcon.colcon_core.package_discovery:discover_packages(path) using defaults
[1.315s] Level 1:colcon.colcon_core.package_discovery:discover_packages(prefix_path) check parameters
[1.315s] Level 1:colcon.colcon_core.package_discovery:discover_packages(prefix_path) discover
[1.348s] DEBUG:colcon.colcon_installed_package_information.package_discovery:Found 1 installed packages in /home/pan/ros2_ws/src/install
[1.349s] DEBUG:colcon.colcon_installed_package_information.package_discovery:Found 1 installed packages in /home/pan/ros2_ws/install
[1.368s] DEBUG:colcon.colcon_installed_package_information.package_discovery:Found 347 installed packages in /home/pan/ros2_humble/install
[1.374s] DEBUG:colcon.colcon_installed_package_information.package_discovery:Found 172 installed packages in /opt/ros/humble
[1.385s] Level 1:colcon.colcon_core.package_discovery:discover_packages(prefix_path) using defaults
[1.491s] Level 5:colcon.colcon_core.verb:set package 'mobile' build argument 'cmake_args' from command line to 'None'
[1.492s] Level 5:colcon.colcon_core.verb:set package 'mobile' build argument 'cmake_target' from command line to 'None'
[1.492s] Level 5:colcon.colcon_core.verb:set package 'mobile' build argument 'cmake_target_skip_unavailable' from command line to 'False'
[1.492s] Level 5:colcon.colcon_core.verb:set package 'mobile' build argument 'cmake_clean_cache' from command line to 'False'
[1.492s] Level 5:colcon.colcon_core.verb:set package 'mobile' build argument 'cmake_clean_first' from command line to 'False'
[1.492s] Level 5:colcon.colcon_core.verb:set package 'mobile' build argument 'cmake_force_configure' from command line to 'False'
[1.492s] Level 5:colcon.colcon_core.verb:set package 'mobile' build argument 'ament_cmake_args' from command line to 'None'
[1.492s] Level 5:colcon.colcon_core.verb:set package 'mobile' build argument 'catkin_cmake_args' from command line to 'None'
[1.492s] Level 5:colcon.colcon_core.verb:set package 'mobile' build argument 'catkin_skip_building_tests' from command line to 'False'
[1.492s] DEBUG:colcon.colcon_core.verb:Building package 'mobile' with the following arguments: {'ament_cmake_args': None, 'build_base': '/home/pan/ros2_ws/src/build/mobile', 'catkin_cmake_args': None, 'catkin_skip_building_tests': False, 'cmake_args': None, 'cmake_clean_cache': False, 'cmake_clean_first': False, 'cmake_force_configure': False, 'cmake_target': None, 'cmake_target_skip_unavailable': False, 'install_base': '/home/pan/ros2_ws/src/install/mobile', 'merge_install': False, 'path': '/home/pan/ros2_ws/src/mobile', 'symlink_install': False, 'test_result_base': None}
[1.493s] INFO:colcon.colcon_core.executor:Executing jobs using 'parallel' executor
[1.495s] DEBUG:colcon.colcon_parallel_executor.executor.parallel:run_until_complete
[1.496s] INFO:colcon.colcon_ros.task.ament_cmake.build:Building ROS package in '/home/pan/ros2_ws/src/mobile' with build type 'ament_cmake'
[1.496s] INFO:colcon.colcon_cmake.task.cmake.build:Building CMake package in '/home/pan/ros2_ws/src/mobile'
[1.509s] INFO:colcon.colcon_core.plugin_system:Skipping extension 'colcon_core.shell.bat': Not used on non-Windows systems
[1.509s] INFO:colcon.colcon_core.shell:Skip shell extension 'powershell' for command environment: Not usable outside of PowerShell
[1.510s] DEBUG:colcon.colcon_core.shell:Skip shell extension 'dsv' for command environment
[1.584s] DEBUG:colcon.colcon_core.event_handler.log_command:Invoking command in '/home/pan/ros2_ws/src/build/mobile': CMAKE_PREFIX_PATH=${CMAKE_PREFIX_PATH}:/home/pan/ros2_humble/install/rqt_bag_plugins:/home/pan/ros2_humble/install/rqt_bag:/home/pan/ros2_humble/install/launch_testing_examples:/home/pan/ros2_humble/install/ros2bag:/home/pan/ros2_humble/install/tracetools_test:/home/pan/ros2_humble/install/tracetools_launch:/home/pan/ros2_humble/install/topic_monitor:/home/pan/ros2_humble/install/tf2_tools:/home/pan/ros2_humble/install/examples_tf2_py:/home/pan/ros2_humble/install/tf2_ros_py:/home/pan/ros2_humble/install/sros2:/home/pan/ros2_humble/install/rqt_topic:/home/pan/ros2_humble/install/rqt_srv:/home/pan/ros2_humble/install/rqt_shell:/home/pan/ros2_humble/install/rqt_service_caller:/home/pan/ros2_humble/install/rqt_reconfigure:/home/pan/ros2_humble/install/rqt_py_console:/home/pan/ros2_humble/install/rqt_publisher:/home/pan/ros2_humble/install/rqt_plot:/home/pan/ros2_humble/install/rqt_action:/home/pan/ros2_humble/install/rqt_msg:/home/pan/ros2_humble/install/rqt_console:/home/pan/ros2_humble/install/rqt:/home/pan/ros2_humble/install/rqt_graph:/home/pan/ros2_humble/install/rqt_gui_py:/home/pan/ros2_humble/install/rqt_gui:/home/pan/ros2_humble/install/ros2trace:/home/pan/ros2_humble/install/ros2topic:/home/pan/ros2_humble/install/ros2test:/home/pan/ros2_humble/install/ros2component:/home/pan/ros2_humble/install/ros2param:/home/pan/ros2_humble/install/ros2lifecycle:/home/pan/ros2_humble/install/ros2service:/home/pan/ros2_humble/install/ros2run:/home/pan/ros2_humble/install/ros2plugin:/home/pan/ros2_humble/install/ros2launch:/home/pan/ros2_humble/install/ros2pkg:/home/pan/ros2_humble/install/ros2node:/home/pan/ros2_humble/install/ros2multicast:/home/pan/ros2_humble/install/ros2interface:/home/pan/ros2_humble/install/ros2doctor:/home/pan/ros2_humble/install/ros2action:/home/pan/ros2_humble/install/ros2cli:/home/pan/ros2_humble/install/quality_of_service_demo_py:/home/pan/ros2_humble/install/lifecycle_py:/home/pan/ros2_humble/install/launch_testing_ros:/home/pan/ros2_humble/install/launch_ros:/home/pan/ros2_humble/install/examples_rclpy_pointcloud_publisher:/home/pan/ros2_humble/install/examples_rclpy_minimal_subscriber:/home/pan/ros2_humble/install/examples_rclpy_minimal_service:/home/pan/ros2_humble/install/examples_rclpy_minimal_publisher:/home/pan/ros2_humble/install/examples_rclpy_minimal_client:/home/pan/ros2_humble/install/examples_rclpy_minimal_action_server:/home/pan/ros2_humble/install/examples_rclpy_minimal_action_client:/home/pan/ros2_humble/install/examples_rclpy_guard_conditions:/home/pan/ros2_humble/install/examples_rclpy_executors:/home/pan/ros2_humble/install/demo_nodes_py:/home/pan/ros2_humble/install/camera_info_manager_py:/home/pan/ros2_humble/install/action_tutorials_py:/home/pan/ros2_humble/install/ament_uncrustify:/home/pan/ros2_humble/install/tracetools_trace:/home/pan/ros2_humble/install/tracetools_read:/home/pan/ros2_humble/install/test_tracetools_launch:/home/pan/ros2_humble/install/test_launch_ros:/home/pan/ros2_humble/install/sensor_msgs_py:/home/pan/ros2_humble/install/rpyutils:/home/pan/ros2_humble/install/rosidl_runtime_py:/home/pan/ros2_humble/install/rosidl_cli:/home/pan/ros2_humble/install/launch_pytest:/home/pan/ros2_humble/install/launch_testing:/home/pan/ros2_humble/install/launch_yaml:/home/pan/ros2_humble/install/launch_xml:/home/pan/ros2_humble/install/launch:/home/pan/ros2_humble/install/osrf_pycommon:/home/pan/ros2_humble/install/domain_coordinator:/home/pan/ros2_humble/install/ament_xmllint:/home/pan/ros2_humble/install/ament_pyflakes:/home/pan/ros2_humble/install/ament_pycodestyle:/home/pan/ros2_humble/install/ament_pep257:/home/pan/ros2_humble/install/ament_pclint:/home/pan/ros2_humble/install/ament_package:/home/pan/ros2_humble/install/ament_mypy:/home/pan/ros2_humble/install/ament_lint_cmake:/home/pan/ros2_humble/install/ament_flake8:/home/pan/ros2_humble/install/ament_copyright:/home/pan/ros2_humble/install/ament_lint:/home/pan/ros2_humble/install/ament_index_python:/home/pan/ros2_humble/install/ament_cpplint:/home/pan/ros2_humble/install/ament_cppcheck:/home/pan/ros2_humble/install/ament_clang_tidy:/home/pan/ros2_humble/install/ament_clang_format:/opt/ros/humble /usr/bin/cmake --build /home/pan/ros2_ws/src/build/mobile -- -j6 -l6
[1.784s] DEBUG:colcon.colcon_core.event_handler.log_command:Invoked command in '/home/pan/ros2_ws/src/build/mobile' returned '0': CMAKE_PREFIX_PATH=${CMAKE_PREFIX_PATH}:/home/pan/ros2_humble/install/rqt_bag_plugins:/home/pan/ros2_humble/install/rqt_bag:/home/pan/ros2_humble/install/launch_testing_examples:/home/pan/ros2_humble/install/ros2bag:/home/pan/ros2_humble/install/tracetools_test:/home/pan/ros2_humble/install/tracetools_launch:/home/pan/ros2_humble/install/topic_monitor:/home/pan/ros2_humble/install/tf2_tools:/home/pan/ros2_humble/install/examples_tf2_py:/home/pan/ros2_humble/install/tf2_ros_py:/home/pan/ros2_humble/install/sros2:/home/pan/ros2_humble/install/rqt_topic:/home/pan/ros2_humble/install/rqt_srv:/home/pan/ros2_humble/install/rqt_shell:/home/pan/ros2_humble/install/rqt_service_caller:/home/pan/ros2_humble/install/rqt_reconfigure:/home/pan/ros2_humble/install/rqt_py_console:/home/pan/ros2_humble/install/rqt_publisher:/home/pan/ros2_humble/install/rqt_plot:/home/pan/ros2_humble/install/rqt_action:/home/pan/ros2_humble/install/rqt_msg:/home/pan/ros2_humble/install/rqt_console:/home/pan/ros2_humble/install/rqt:/home/pan/ros2_humble/install/rqt_graph:/home/pan/ros2_humble/install/rqt_gui_py:/home/pan/ros2_humble/install/rqt_gui:/home/pan/ros2_humble/install/ros2trace:/home/pan/ros2_humble/install/ros2topic:/home/pan/ros2_humble/install/ros2test:/home/pan/ros2_humble/install/ros2component:/home/pan/ros2_humble/install/ros2param:/home/pan/ros2_humble/install/ros2lifecycle:/home/pan/ros2_humble/install/ros2service:/home/pan/ros2_humble/install/ros2run:/home/pan/ros2_humble/install/ros2plugin:/home/pan/ros2_humble/install/ros2launch:/home/pan/ros2_humble/install/ros2pkg:/home/pan/ros2_humble/install/ros2node:/home/pan/ros2_humble/install/ros2multicast:/home/pan/ros2_humble/install/ros2interface:/home/pan/ros2_humble/install/ros2doctor:/home/pan/ros2_humble/install/ros2action:/home/pan/ros2_humble/install/ros2cli:/home/pan/ros2_humble/install/quality_of_service_demo_py:/home/pan/ros2_humble/install/lifecycle_py:/home/pan/ros2_humble/install/launch_testing_ros:/home/pan/ros2_humble/install/launch_ros:/home/pan/ros2_humble/install/examples_rclpy_pointcloud_publisher:/home/pan/ros2_humble/install/examples_rclpy_minimal_subscriber:/home/pan/ros2_humble/install/examples_rclpy_minimal_service:/home/pan/ros2_humble/install/examples_rclpy_minimal_publisher:/home/pan/ros2_humble/install/examples_rclpy_minimal_client:/home/pan/ros2_humble/install/examples_rclpy_minimal_action_server:/home/pan/ros2_humble/install/examples_rclpy_minimal_action_client:/home/pan/ros2_humble/install/examples_rclpy_guard_conditions:/home/pan/ros2_humble/install/examples_rclpy_executors:/home/pan/ros2_humble/install/demo_nodes_py:/home/pan/ros2_humble/install/camera_info_manager_py:/home/pan/ros2_humble/install/action_tutorials_py:/home/pan/ros2_humble/install/ament_uncrustify:/home/pan/ros2_humble/install/tracetools_trace:/home/pan/ros2_humble/install/tracetools_read:/home/pan/ros2_humble/install/test_tracetools_launch:/home/pan/ros2_humble/install/test_launch_ros:/home/pan/ros2_humble/install/sensor_msgs_py:/home/pan/ros2_humble/install/rpyutils:/home/pan/ros2_humble/install/rosidl_runtime_py:/home/pan/ros2_humble/install/rosidl_cli:/home/pan/ros2_humble/install/launch_pytest:/home/pan/ros2_humble/install/launch_testing:/home/pan/ros2_humble/install/launch_yaml:/home/pan/ros2_humble/install/launch_xml:/home/pan/ros2_humble/install/launch:/home/pan/ros2_humble/install/osrf_pycommon:/home/pan/ros2_humble/install/domain_coordinator:/home/pan/ros2_humble/install/ament_xmllint:/home/pan/ros2_humble/install/ament_pyflakes:/home/pan/ros2_humble/install/ament_pycodestyle:/home/pan/ros2_humble/install/ament_pep257:/home/pan/ros2_humble/install/ament_pclint:/home/pan/ros2_humble/install/ament_package:/home/pan/ros2_humble/install/ament_mypy:/home/pan/ros2_humble/install/ament_lint_cmake:/home/pan/ros2_humble/install/ament_flake8:/home/pan/ros2_humble/install/ament_copyright:/home/pan/ros2_humble/install/ament_lint:/home/pan/ros2_humble/install/ament_index_python:/home/pan/ros2_humble/install/ament_cpplint:/home/pan/ros2_humble/install/ament_cppcheck:/home/pan/ros2_humble/install/ament_clang_tidy:/home/pan/ros2_humble/install/ament_clang_format:/opt/ros/humble /usr/bin/cmake --build /home/pan/ros2_ws/src/build/mobile -- -j6 -l6
[1.833s] DEBUG:colcon.colcon_core.event_handler.log_command:Invoking command in '/home/pan/ros2_ws/src/build/mobile': CMAKE_PREFIX_PATH=${CMAKE_PREFIX_PATH}:/home/pan/ros2_humble/install/rqt_bag_plugins:/home/pan/ros2_humble/install/rqt_bag:/home/pan/ros2_humble/install/launch_testing_examples:/home/pan/ros2_humble/install/ros2bag:/home/pan/ros2_humble/install/tracetools_test:/home/pan/ros2_humble/install/tracetools_launch:/home/pan/ros2_humble/install/topic_monitor:/home/pan/ros2_humble/install/tf2_tools:/home/pan/ros2_humble/install/examples_tf2_py:/home/pan/ros2_humble/install/tf2_ros_py:/home/pan/ros2_humble/install/sros2:/home/pan/ros2_humble/install/rqt_topic:/home/pan/ros2_humble/install/rqt_srv:/home/pan/ros2_humble/install/rqt_shell:/home/pan/ros2_humble/install/rqt_service_caller:/home/pan/ros2_humble/install/rqt_reconfigure:/home/pan/ros2_humble/install/rqt_py_console:/home/pan/ros2_humble/install/rqt_publisher:/home/pan/ros2_humble/install/rqt_plot:/home/pan/ros2_humble/install/rqt_action:/home/pan/ros2_humble/install/rqt_msg:/home/pan/ros2_humble/install/rqt_console:/home/pan/ros2_humble/install/rqt:/home/pan/ros2_humble/install/rqt_graph:/home/pan/ros2_humble/install/rqt_gui_py:/home/pan/ros2_humble/install/rqt_gui:/home/pan/ros2_humble/install/ros2trace:/home/pan/ros2_humble/install/ros2topic:/home/pan/ros2_humble/install/ros2test:/home/pan/ros2_humble/install/ros2component:/home/pan/ros2_humble/install/ros2param:/home/pan/ros2_humble/install/ros2lifecycle:/home/pan/ros2_humble/install/ros2service:/home/pan/ros2_humble/install/ros2run:/home/pan/ros2_humble/install/ros2plugin:/home/pan/ros2_humble/install/ros2launch:/home/pan/ros2_humble/install/ros2pkg:/home/pan/ros2_humble/install/ros2node:/home/pan/ros2_humble/install/ros2multicast:/home/pan/ros2_humble/install/ros2interface:/home/pan/ros2_humble/install/ros2doctor:/home/pan/ros2_humble/install/ros2action:/home/pan/ros2_humble/install/ros2cli:/home/pan/ros2_humble/install/quality_of_service_demo_py:/home/pan/ros2_humble/install/lifecycle_py:/home/pan/ros2_humble/install/launch_testing_ros:/home/pan/ros2_humble/install/launch_ros:/home/pan/ros2_humble/install/examples_rclpy_pointcloud_publisher:/home/pan/ros2_humble/install/examples_rclpy_minimal_subscriber:/home/pan/ros2_humble/install/examples_rclpy_minimal_service:/home/pan/ros2_humble/install/examples_rclpy_minimal_publisher:/home/pan/ros2_humble/install/examples_rclpy_minimal_client:/home/pan/ros2_humble/install/examples_rclpy_minimal_action_server:/home/pan/ros2_humble/install/examples_rclpy_minimal_action_client:/home/pan/ros2_humble/install/examples_rclpy_guard_conditions:/home/pan/ros2_humble/install/examples_rclpy_executors:/home/pan/ros2_humble/install/demo_nodes_py:/home/pan/ros2_humble/install/camera_info_manager_py:/home/pan/ros2_humble/install/action_tutorials_py:/home/pan/ros2_humble/install/ament_uncrustify:/home/pan/ros2_humble/install/tracetools_trace:/home/pan/ros2_humble/install/tracetools_read:/home/pan/ros2_humble/install/test_tracetools_launch:/home/pan/ros2_humble/install/test_launch_ros:/home/pan/ros2_humble/install/sensor_msgs_py:/home/pan/ros2_humble/install/rpyutils:/home/pan/ros2_humble/install/rosidl_runtime_py:/home/pan/ros2_humble/install/rosidl_cli:/home/pan/ros2_humble/install/launch_pytest:/home/pan/ros2_humble/install/launch_testing:/home/pan/ros2_humble/install/launch_yaml:/home/pan/ros2_humble/install/launch_xml:/home/pan/ros2_humble/install/launch:/home/pan/ros2_humble/install/osrf_pycommon:/home/pan/ros2_humble/install/domain_coordinator:/home/pan/ros2_humble/install/ament_xmllint:/home/pan/ros2_humble/install/ament_pyflakes:/home/pan/ros2_humble/install/ament_pycodestyle:/home/pan/ros2_humble/install/ament_pep257:/home/pan/ros2_humble/install/ament_pclint:/home/pan/ros2_humble/install/ament_package:/home/pan/ros2_humble/install/ament_mypy:/home/pan/ros2_humble/install/ament_lint_cmake:/home/pan/ros2_humble/install/ament_flake8:/home/pan/ros2_humble/install/ament_copyright:/home/pan/ros2_humble/install/ament_lint:/home/pan/ros2_humble/install/ament_index_python:/home/pan/ros2_humble/install/ament_cpplint:/home/pan/ros2_humble/install/ament_cppcheck:/home/pan/ros2_humble/install/ament_clang_tidy:/home/pan/ros2_humble/install/ament_clang_format:/opt/ros/humble /usr/bin/cmake --install /home/pan/ros2_ws/src/build/mobile
[1.879s] Level 1:colcon.colcon_core.environment:create_environment_scripts_only(mobile)
[1.897s] DEBUG:colcon.colcon_core.event_handler.log_command:Invoked command in '/home/pan/ros2_ws/src/build/mobile' returned '0': CMAKE_PREFIX_PATH=${CMAKE_PREFIX_PATH}:/home/pan/ros2_humble/install/rqt_bag_plugins:/home/pan/ros2_humble/install/rqt_bag:/home/pan/ros2_humble/install/launch_testing_examples:/home/pan/ros2_humble/install/ros2bag:/home/pan/ros2_humble/install/tracetools_test:/home/pan/ros2_humble/install/tracetools_launch:/home/pan/ros2_humble/install/topic_monitor:/home/pan/ros2_humble/install/tf2_tools:/home/pan/ros2_humble/install/examples_tf2_py:/home/pan/ros2_humble/install/tf2_ros_py:/home/pan/ros2_humble/install/sros2:/home/pan/ros2_humble/install/rqt_topic:/home/pan/ros2_humble/install/rqt_srv:/home/pan/ros2_humble/install/rqt_shell:/home/pan/ros2_humble/install/rqt_service_caller:/home/pan/ros2_humble/install/rqt_reconfigure:/home/pan/ros2_humble/install/rqt_py_console:/home/pan/ros2_humble/install/rqt_publisher:/home/pan/ros2_humble/install/rqt_plot:/home/pan/ros2_humble/install/rqt_action:/home/pan/ros2_humble/install/rqt_msg:/home/pan/ros2_humble/install/rqt_console:/home/pan/ros2_humble/install/rqt:/home/pan/ros2_humble/install/rqt_graph:/home/pan/ros2_humble/install/rqt_gui_py:/home/pan/ros2_humble/install/rqt_gui:/home/pan/ros2_humble/install/ros2trace:/home/pan/ros2_humble/install/ros2topic:/home/pan/ros2_humble/install/ros2test:/home/pan/ros2_humble/install/ros2component:/home/pan/ros2_humble/install/ros2param:/home/pan/ros2_humble/install/ros2lifecycle:/home/pan/ros2_humble/install/ros2service:/home/pan/ros2_humble/install/ros2run:/home/pan/ros2_humble/install/ros2plugin:/home/pan/ros2_humble/install/ros2launch:/home/pan/ros2_humble/install/ros2pkg:/home/pan/ros2_humble/install/ros2node:/home/pan/ros2_humble/install/ros2multicast:/home/pan/ros2_humble/install/ros2interface:/home/pan/ros2_humble/install/ros2doctor:/home/pan/ros2_humble/install/ros2action:/home/pan/ros2_humble/install/ros2cli:/home/pan/ros2_humble/install/quality_of_service_demo_py:/home/pan/ros2_humble/install/lifecycle_py:/home/pan/ros2_humble/install/launch_testing_ros:/home/pan/ros2_humble/install/launch_ros:/home/pan/ros2_humble/install/examples_rclpy_pointcloud_publisher:/home/pan/ros2_humble/install/examples_rclpy_minimal_subscriber:/home/pan/ros2_humble/install/examples_rclpy_minimal_service:/home/pan/ros2_humble/install/examples_rclpy_minimal_publisher:/home/pan/ros2_humble/install/examples_rclpy_minimal_client:/home/pan/ros2_humble/install/examples_rclpy_minimal_action_server:/home/pan/ros2_humble/install/examples_rclpy_minimal_action_client:/home/pan/ros2_humble/install/examples_rclpy_guard_conditions:/home/pan/ros2_humble/install/examples_rclpy_executors:/home/pan/ros2_humble/install/demo_nodes_py:/home/pan/ros2_humble/install/camera_info_manager_py:/home/pan/ros2_humble/install/action_tutorials_py:/home/pan/ros2_humble/install/ament_uncrustify:/home/pan/ros2_humble/install/tracetools_trace:/home/pan/ros2_humble/install/tracetools_read:/home/pan/ros2_humble/install/test_tracetools_launch:/home/pan/ros2_humble/install/test_launch_ros:/home/pan/ros2_humble/install/sensor_msgs_py:/home/pan/ros2_humble/install/rpyutils:/home/pan/ros2_humble/install/rosidl_runtime_py:/home/pan/ros2_humble/install/rosidl_cli:/home/pan/ros2_humble/install/launch_pytest:/home/pan/ros2_humble/install/launch_testing:/home/pan/ros2_humble/install/launch_yaml:/home/pan/ros2_humble/install/launch_xml:/home/pan/ros2_humble/install/launch:/home/pan/ros2_humble/install/osrf_pycommon:/home/pan/ros2_humble/install/domain_coordinator:/home/pan/ros2_humble/install/ament_xmllint:/home/pan/ros2_humble/install/ament_pyflakes:/home/pan/ros2_humble/install/ament_pycodestyle:/home/pan/ros2_humble/install/ament_pep257:/home/pan/ros2_humble/install/ament_pclint:/home/pan/ros2_humble/install/ament_package:/home/pan/ros2_humble/install/ament_mypy:/home/pan/ros2_humble/install/ament_lint_cmake:/home/pan/ros2_humble/install/ament_flake8:/home/pan/ros2_humble/install/ament_copyright:/home/pan/ros2_humble/install/ament_lint:/home/pan/ros2_humble/install/ament_index_python:/home/pan/ros2_humble/install/ament_cpplint:/home/pan/ros2_humble/install/ament_cppcheck:/home/pan/ros2_humble/install/ament_clang_tidy:/home/pan/ros2_humble/install/ament_clang_format:/opt/ros/humble /usr/bin/cmake --install /home/pan/ros2_ws/src/build/mobile
[1.908s] Level 1:colcon.colcon_core.environment:checking '/home/pan/ros2_ws/src/install/mobile' for CMake module files
[1.910s] Level 1:colcon.colcon_core.environment:checking '/home/pan/ros2_ws/src/install/mobile' for CMake config files
[1.912s] Level 1:colcon.colcon_core.shell:create_environment_hook('mobile', 'cmake_prefix_path')
[1.913s] INFO:colcon.colcon_core.shell:Creating environment hook '/home/pan/ros2_ws/src/install/mobile/share/mobile/hook/cmake_prefix_path.ps1'
[1.915s] INFO:colcon.colcon_core.shell:Creating environment descriptor '/home/pan/ros2_ws/src/install/mobile/share/mobile/hook/cmake_prefix_path.dsv'
[1.917s] INFO:colcon.colcon_core.shell:Creating environment hook '/home/pan/ros2_ws/src/install/mobile/share/mobile/hook/cmake_prefix_path.sh'
[1.920s] Level 1:colcon.colcon_core.environment:checking '/home/pan/ros2_ws/src/install/mobile/lib'
[1.921s] Level 1:colcon.colcon_core.environment:checking '/home/pan/ros2_ws/src/install/mobile/bin'
[1.921s] Level 1:colcon.colcon_core.environment:checking '/home/pan/ros2_ws/src/install/mobile/lib/pkgconfig/mobile.pc'
[1.922s] Level 1:colcon.colcon_core.environment:checking '/home/pan/ros2_ws/src/install/mobile/lib/python3.10/site-packages'
[1.923s] Level 1:colcon.colcon_core.environment:checking '/home/pan/ros2_ws/src/install/mobile/bin'
[1.924s] INFO:colcon.colcon_core.shell:Creating package script '/home/pan/ros2_ws/src/install/mobile/share/mobile/package.ps1'
[1.926s] INFO:colcon.colcon_core.shell:Creating package descriptor '/home/pan/ros2_ws/src/install/mobile/share/mobile/package.dsv'
[1.928s] INFO:colcon.colcon_core.shell:Creating package script '/home/pan/ros2_ws/src/install/mobile/share/mobile/package.sh'
[1.931s] INFO:colcon.colcon_core.shell:Creating package script '/home/pan/ros2_ws/src/install/mobile/share/mobile/package.bash'
[1.933s] INFO:colcon.colcon_core.shell:Creating package script '/home/pan/ros2_ws/src/install/mobile/share/mobile/package.zsh'
[1.935s] Level 1:colcon.colcon_core.environment:create_file_with_runtime_dependencies(/home/pan/ros2_ws/src/install/mobile/share/colcon-core/packages/mobile)
[1.937s] Level 1:colcon.colcon_core.environment:create_environment_scripts_only(mobile)
[1.937s] Level 1:colcon.colcon_core.environment:checking '/home/pan/ros2_ws/src/install/mobile' for CMake module files
[1.939s] Level 1:colcon.colcon_core.environment:checking '/home/pan/ros2_ws/src/install/mobile' for CMake config files
[1.940s] Level 1:colcon.colcon_core.shell:create_environment_hook('mobile', 'cmake_prefix_path')
[1.940s] INFO:colcon.colcon_core.shell:Creating environment hook '/home/pan/ros2_ws/src/install/mobile/share/mobile/hook/cmake_prefix_path.ps1'
[1.942s] INFO:colcon.colcon_core.shell:Creating environment descriptor '/home/pan/ros2_ws/src/install/mobile/share/mobile/hook/cmake_prefix_path.dsv'
[1.942s] INFO:colcon.colcon_core.shell:Creating environment hook '/home/pan/ros2_ws/src/install/mobile/share/mobile/hook/cmake_prefix_path.sh'
[1.944s] Level 1:colcon.colcon_core.environment:checking '/home/pan/ros2_ws/src/install/mobile/lib'
[1.944s] Level 1:colcon.colcon_core.environment:checking '/home/pan/ros2_ws/src/install/mobile/bin'
[1.944s] Level 1:colcon.colcon_core.environment:checking '/home/pan/ros2_ws/src/install/mobile/lib/pkgconfig/mobile.pc'
[1.945s] Level 1:colcon.colcon_core.environment:checking '/home/pan/ros2_ws/src/install/mobile/lib/python3.10/site-packages'
[1.946s] Level 1:colcon.colcon_core.environment:checking '/home/pan/ros2_ws/src/install/mobile/bin'
[1.947s] INFO:colcon.colcon_core.shell:Creating package script '/home/pan/ros2_ws/src/install/mobile/share/mobile/package.ps1'
[1.948s] INFO:colcon.colcon_core.shell:Creating package descriptor '/home/pan/ros2_ws/src/install/mobile/share/mobile/package.dsv'
[1.949s] INFO:colcon.colcon_core.shell:Creating package script '/home/pan/ros2_ws/src/install/mobile/share/mobile/package.sh'
[1.950s] INFO:colcon.colcon_core.shell:Creating package script '/home/pan/ros2_ws/src/install/mobile/share/mobile/package.bash'
[1.951s] INFO:colcon.colcon_core.shell:Creating package script '/home/pan/ros2_ws/src/install/mobile/share/mobile/package.zsh'
[1.952s] Level 1:colcon.colcon_core.environment:create_file_with_runtime_dependencies(/home/pan/ros2_ws/src/install/mobile/share/colcon-core/packages/mobile)
[1.953s] DEBUG:colcon.colcon_parallel_executor.executor.parallel:closing loop
[1.953s] DEBUG:colcon.colcon_parallel_executor.executor.parallel:loop closed
[1.953s] DEBUG:colcon.colcon_parallel_executor.executor.parallel:run_until_complete finished with '0'
[1.954s] DEBUG:colcon.colcon_core.event_reactor:joining thread
[1.993s] INFO:colcon.colcon_core.plugin_system:Skipping extension 'colcon_notification.desktop_notification.terminal_notifier': Not used on non-Darwin systems
[1.994s] INFO:colcon.colcon_core.plugin_system:Skipping extension 'colcon_notification.desktop_notification.win32': Not used on non-Windows systems
[1.994s] INFO:colcon.colcon_notification.desktop_notification:Sending desktop notification using 'notify2'
[2.036s] DEBUG:colcon.colcon_core.event_reactor:joined thread
[2.037s] INFO:colcon.colcon_core.shell:Creating prefix script '/home/pan/ros2_ws/src/install/local_setup.ps1'
[2.041s] INFO:colcon.colcon_core.shell:Creating prefix util module '/home/pan/ros2_ws/src/install/_local_setup_util_ps1.py'
[2.045s] INFO:colcon.colcon_core.shell:Creating prefix chain script '/home/pan/ros2_ws/src/install/setup.ps1'
[2.077s] INFO:colcon.colcon_core.shell:Creating prefix script '/home/pan/ros2_ws/src/install/local_setup.sh'
[2.079s] INFO:colcon.colcon_core.shell:Creating prefix util module '/home/pan/ros2_ws/src/install/_local_setup_util_sh.py'
[2.080s] INFO:colcon.colcon_core.shell:Creating prefix chain script '/home/pan/ros2_ws/src/install/setup.sh'
[2.110s] INFO:colcon.colcon_core.shell:Creating prefix script '/home/pan/ros2_ws/src/install/local_setup.bash'
[2.111s] INFO:colcon.colcon_core.shell:Creating prefix chain script '/home/pan/ros2_ws/src/install/setup.bash'
[2.140s] INFO:colcon.colcon_core.shell:Creating prefix script '/home/pan/ros2_ws/src/install/local_setup.zsh'
[2.141s] INFO:colcon.colcon_core.shell:Creating prefix chain script '/home/pan/ros2_ws/src/install/setup.zsh'
