-- The C compiler identification is GNU 11.4.0
-- The CXX compiler identification is GNU 11.4.0
-- Detecting C compiler ABI info
-- Detecting C compiler ABI info - done
-- Check for working C compiler: /usr/bin/cc - skipped
-- Detecting C compile features
-- Detecting C compile features - done
-- Detecting CXX compiler ABI info
-- Detecting CXX compiler ABI info - done
-- Check for working CXX compiler: /usr/bin/c++ - skipped
-- Detecting CXX compile features
-- Detecting CXX compile features - done
-- Found ament_cmake: 1.3.12 (/home/pan/ros2_humble/install/ament_cmake/share/ament_cmake/cmake)
-- Found Python3: /usr/bin/python3 (found version "3.10.12") found components: Interpreter 
-- Found ament_lint_auto: 0.12.14 (/home/pan/ros2_humble/install/ament_lint_auto/share/ament_lint_auto/cmake)
-- Added test 'cppcheck' to perform static code analysis on C / C++ code
-- Configured cppcheck include dirs: $<BUILD_INTERFACE:/home/pan/ros2_ws/src/wt901_driver/include>
-- Configured cppcheck exclude dirs and/or files: 
-- Added test 'lint_cmake' to check CMake code style
-- Added test 'uncrustify' to check C / C++ code style
-- Configured uncrustify additional arguments: 
-- Added test 'xmllint' to check XML markup files
-- Configuring done
-- Generating done
-- Build files have been written to: /home/pan/ros2_ws/src/build/wt901_driver
[ 50%] [32mBuilding C object CMakeFiles/wt901_driver.dir/src/serial.c.o[0m
[ 50%] [32mBuilding C object CMakeFiles/wt901_driver.dir/src/wt901_driver.c.o[0m
[ 75%] [32mBuilding C object CMakeFiles/wt901_driver.dir/src/wit_c_sdk.c.o[0m
[100%] [32m[1mLinking C shared library libwt901_driver.so[0m
[100%] Built target wt901_driver
-- Install configuration: ""
-- Installing: /home/pan/ros2_ws/src/install/wt901_driver/lib/libwt901_driver.so
-- Installing: /home/pan/ros2_ws/src/install/wt901_driver/include
-- Installing: /home/pan/ros2_ws/src/install/wt901_driver/include/wt901
-- Installing: /home/pan/ros2_ws/src/install/wt901_driver/include/wt901/wit_c_sdk.h
-- Installing: /home/pan/ros2_ws/src/install/wt901_driver/include/wt901/REG.h
-- Installing: /home/pan/ros2_ws/src/install/wt901_driver/include/wt901/wt901_driver.h
-- Installing: /home/pan/ros2_ws/src/install/wt901_driver/include/wt901/serial.h
-- Installing: /home/pan/ros2_ws/src/install/wt901_driver/share/wt901_driver/environment/library_path.sh
-- Installing: /home/pan/ros2_ws/src/install/wt901_driver/share/wt901_driver/environment/library_path.dsv
-- Installing: /home/pan/ros2_ws/src/install/wt901_driver/share/ament_index/resource_index/package_run_dependencies/wt901_driver
-- Installing: /home/pan/ros2_ws/src/install/wt901_driver/share/ament_index/resource_index/parent_prefix_path/wt901_driver
-- Installing: /home/pan/ros2_ws/src/install/wt901_driver/share/wt901_driver/environment/ament_prefix_path.sh
-- Installing: /home/pan/ros2_ws/src/install/wt901_driver/share/wt901_driver/environment/ament_prefix_path.dsv
-- Installing: /home/pan/ros2_ws/src/install/wt901_driver/share/wt901_driver/environment/path.sh
-- Installing: /home/pan/ros2_ws/src/install/wt901_driver/share/wt901_driver/environment/path.dsv
-- Installing: /home/pan/ros2_ws/src/install/wt901_driver/share/wt901_driver/local_setup.bash
-- Installing: /home/pan/ros2_ws/src/install/wt901_driver/share/wt901_driver/local_setup.sh
-- Installing: /home/pan/ros2_ws/src/install/wt901_driver/share/wt901_driver/local_setup.zsh
-- Installing: /home/pan/ros2_ws/src/install/wt901_driver/share/wt901_driver/local_setup.dsv
-- Installing: /home/pan/ros2_ws/src/install/wt901_driver/share/wt901_driver/package.dsv
-- Installing: /home/pan/ros2_ws/src/install/wt901_driver/share/ament_index/resource_index/packages/wt901_driver
-- Installing: /home/pan/ros2_ws/src/install/wt901_driver/share/wt901_driver/cmake/export_wt901_driverExport.cmake
-- Installing: /home/pan/ros2_ws/src/install/wt901_driver/share/wt901_driver/cmake/export_wt901_driverExport-noconfig.cmake
-- Installing: /home/pan/ros2_ws/src/install/wt901_driver/share/wt901_driver/cmake/ament_cmake_export_include_directories-extras.cmake
-- Installing: /home/pan/ros2_ws/src/install/wt901_driver/share/wt901_driver/cmake/ament_cmake_export_targets-extras.cmake
-- Installing: /home/pan/ros2_ws/src/install/wt901_driver/share/wt901_driver/cmake/wt901_driverConfig.cmake
-- Installing: /home/pan/ros2_ws/src/install/wt901_driver/share/wt901_driver/cmake/wt901_driverConfig-version.cmake
-- Installing: /home/pan/ros2_ws/src/install/wt901_driver/share/wt901_driver/package.xml
