[0.088s] Invoking command in '/home/pan/ros2_ws/src/mobile/bluesea2/build/base': CMAKE_PREFIX_PATH=${CMAKE_PREFIX_PATH}:/home/pan/ros2_humble/install/rqt_bag_plugins:/home/pan/ros2_humble/install/rqt_bag:/home/pan/ros2_humble/install/launch_testing_examples:/home/pan/ros2_humble/install/ros2bag:/home/pan/ros2_humble/install/tracetools_test:/home/pan/ros2_humble/install/tracetools_launch:/home/pan/ros2_humble/install/topic_monitor:/home/pan/ros2_humble/install/tf2_tools:/home/pan/ros2_humble/install/examples_tf2_py:/home/pan/ros2_humble/install/tf2_ros_py:/home/pan/ros2_humble/install/sros2:/home/pan/ros2_humble/install/rqt_topic:/home/pan/ros2_humble/install/rqt_srv:/home/pan/ros2_humble/install/rqt_shell:/home/pan/ros2_humble/install/rqt_service_caller:/home/pan/ros2_humble/install/rqt_reconfigure:/home/pan/ros2_humble/install/rqt_py_console:/home/pan/ros2_humble/install/rqt_publisher:/home/pan/ros2_humble/install/rqt_plot:/home/pan/ros2_humble/install/rqt_action:/home/pan/ros2_humble/install/rqt_msg:/home/pan/ros2_humble/install/rqt_console:/home/pan/ros2_humble/install/rqt:/home/pan/ros2_humble/install/rqt_graph:/home/pan/ros2_humble/install/rqt_gui_py:/home/pan/ros2_humble/install/rqt_gui:/home/pan/ros2_humble/install/ros2trace:/home/pan/ros2_humble/install/ros2topic:/home/pan/ros2_humble/install/ros2test:/home/pan/ros2_humble/install/ros2component:/home/pan/ros2_humble/install/ros2param:/home/pan/ros2_humble/install/ros2lifecycle:/home/pan/ros2_humble/install/ros2service:/home/pan/ros2_humble/install/ros2run:/home/pan/ros2_humble/install/ros2plugin:/home/pan/ros2_humble/install/ros2launch:/home/pan/ros2_humble/install/ros2pkg:/home/pan/ros2_humble/install/ros2node:/home/pan/ros2_humble/install/ros2multicast:/home/pan/ros2_humble/install/ros2interface:/home/pan/ros2_humble/install/ros2doctor:/home/pan/ros2_humble/install/ros2action:/home/pan/ros2_humble/install/ros2cli:/home/pan/ros2_humble/install/quality_of_service_demo_py:/home/pan/ros2_humble/install/lifecycle_py:/home/pan/ros2_humble/install/launch_testing_ros:/home/pan/ros2_humble/install/launch_ros:/home/pan/ros2_humble/install/examples_rclpy_pointcloud_publisher:/home/pan/ros2_humble/install/examples_rclpy_minimal_subscriber:/home/pan/ros2_humble/install/examples_rclpy_minimal_service:/home/pan/ros2_humble/install/examples_rclpy_minimal_publisher:/home/pan/ros2_humble/install/examples_rclpy_minimal_client:/home/pan/ros2_humble/install/examples_rclpy_minimal_action_server:/home/pan/ros2_humble/install/examples_rclpy_minimal_action_client:/home/pan/ros2_humble/install/examples_rclpy_guard_conditions:/home/pan/ros2_humble/install/examples_rclpy_executors:/home/pan/ros2_humble/install/demo_nodes_py:/home/pan/ros2_humble/install/camera_info_manager_py:/home/pan/ros2_humble/install/action_tutorials_py:/home/pan/ros2_humble/install/ament_uncrustify:/home/pan/ros2_humble/install/tracetools_trace:/home/pan/ros2_humble/install/tracetools_read:/home/pan/ros2_humble/install/test_tracetools_launch:/home/pan/ros2_humble/install/test_launch_ros:/home/pan/ros2_humble/install/sensor_msgs_py:/home/pan/ros2_humble/install/rpyutils:/home/pan/ros2_humble/install/rosidl_runtime_py:/home/pan/ros2_humble/install/rosidl_cli:/home/pan/ros2_humble/install/launch_pytest:/home/pan/ros2_humble/install/launch_testing:/home/pan/ros2_humble/install/launch_yaml:/home/pan/ros2_humble/install/launch_xml:/home/pan/ros2_humble/install/launch:/home/pan/ros2_humble/install/osrf_pycommon:/home/pan/ros2_humble/install/domain_coordinator:/home/pan/ros2_humble/install/ament_xmllint:/home/pan/ros2_humble/install/ament_pyflakes:/home/pan/ros2_humble/install/ament_pycodestyle:/home/pan/ros2_humble/install/ament_pep257:/home/pan/ros2_humble/install/ament_pclint:/home/pan/ros2_humble/install/ament_package:/home/pan/ros2_humble/install/ament_mypy:/home/pan/ros2_humble/install/ament_lint_cmake:/home/pan/ros2_humble/install/ament_flake8:/home/pan/ros2_humble/install/ament_copyright:/home/pan/ros2_humble/install/ament_lint:/home/pan/ros2_humble/install/ament_index_python:/home/pan/ros2_humble/install/ament_cpplint:/home/pan/ros2_humble/install/ament_cppcheck:/home/pan/ros2_humble/install/ament_clang_tidy:/home/pan/ros2_humble/install/ament_clang_format:/opt/ros/humble /usr/bin/cmake --build /home/pan/ros2_ws/src/mobile/bluesea2/build/base -- -j6 -l6
[0.356s] [  9%] Built target base__rosidl_generator_c
[0.362s] [ 12%] Built target base__cpp
[0.396s] [ 12%] Built target ament_cmake_python_copy_base
[0.465s] [ 32%] Built target base__rosidl_typesupport_c
[0.465s] [ 32%] Built target base__rosidl_typesupport_introspection_c
[0.470s] [ 41%] Built target base__rosidl_typesupport_fastrtps_c
[0.474s] [ 51%] Built target base__rosidl_typesupport_cpp
[0.486s] [ 61%] Built target base__rosidl_typesupport_fastrtps_cpp
[0.487s] [ 70%] Built target base__rosidl_typesupport_introspection_cpp
[0.596s] [ 70%] Built target base
[0.704s] [ 74%] Built target base__py
[0.820s] [ 80%] Built target base__rosidl_generator_py
[0.928s] [ 87%] Built target base__rosidl_typesupport_c__pyext
[0.929s] [ 93%] Built target base__rosidl_typesupport_fastrtps_c__pyext
[0.929s] [100%] Built target base__rosidl_typesupport_introspection_c__pyext
[1.436s] running egg_info
[1.437s] writing base.egg-info/PKG-INFO
[1.437s] writing dependency_links to base.egg-info/dependency_links.txt
[1.438s] writing top-level names to base.egg-info/top_level.txt
[1.442s] reading manifest file 'base.egg-info/SOURCES.txt'
[1.442s] writing manifest file 'base.egg-info/SOURCES.txt'
[1.537s] [100%] Built target ament_cmake_python_build_base_egg
[1.589s] Invoked command in '/home/pan/ros2_ws/src/mobile/bluesea2/build/base' returned '0': CMAKE_PREFIX_PATH=${CMAKE_PREFIX_PATH}:/home/pan/ros2_humble/install/rqt_bag_plugins:/home/pan/ros2_humble/install/rqt_bag:/home/pan/ros2_humble/install/launch_testing_examples:/home/pan/ros2_humble/install/ros2bag:/home/pan/ros2_humble/install/tracetools_test:/home/pan/ros2_humble/install/tracetools_launch:/home/pan/ros2_humble/install/topic_monitor:/home/pan/ros2_humble/install/tf2_tools:/home/pan/ros2_humble/install/examples_tf2_py:/home/pan/ros2_humble/install/tf2_ros_py:/home/pan/ros2_humble/install/sros2:/home/pan/ros2_humble/install/rqt_topic:/home/pan/ros2_humble/install/rqt_srv:/home/pan/ros2_humble/install/rqt_shell:/home/pan/ros2_humble/install/rqt_service_caller:/home/pan/ros2_humble/install/rqt_reconfigure:/home/pan/ros2_humble/install/rqt_py_console:/home/pan/ros2_humble/install/rqt_publisher:/home/pan/ros2_humble/install/rqt_plot:/home/pan/ros2_humble/install/rqt_action:/home/pan/ros2_humble/install/rqt_msg:/home/pan/ros2_humble/install/rqt_console:/home/pan/ros2_humble/install/rqt:/home/pan/ros2_humble/install/rqt_graph:/home/pan/ros2_humble/install/rqt_gui_py:/home/pan/ros2_humble/install/rqt_gui:/home/pan/ros2_humble/install/ros2trace:/home/pan/ros2_humble/install/ros2topic:/home/pan/ros2_humble/install/ros2test:/home/pan/ros2_humble/install/ros2component:/home/pan/ros2_humble/install/ros2param:/home/pan/ros2_humble/install/ros2lifecycle:/home/pan/ros2_humble/install/ros2service:/home/pan/ros2_humble/install/ros2run:/home/pan/ros2_humble/install/ros2plugin:/home/pan/ros2_humble/install/ros2launch:/home/pan/ros2_humble/install/ros2pkg:/home/pan/ros2_humble/install/ros2node:/home/pan/ros2_humble/install/ros2multicast:/home/pan/ros2_humble/install/ros2interface:/home/pan/ros2_humble/install/ros2doctor:/home/pan/ros2_humble/install/ros2action:/home/pan/ros2_humble/install/ros2cli:/home/pan/ros2_humble/install/quality_of_service_demo_py:/home/pan/ros2_humble/install/lifecycle_py:/home/pan/ros2_humble/install/launch_testing_ros:/home/pan/ros2_humble/install/launch_ros:/home/pan/ros2_humble/install/examples_rclpy_pointcloud_publisher:/home/pan/ros2_humble/install/examples_rclpy_minimal_subscriber:/home/pan/ros2_humble/install/examples_rclpy_minimal_service:/home/pan/ros2_humble/install/examples_rclpy_minimal_publisher:/home/pan/ros2_humble/install/examples_rclpy_minimal_client:/home/pan/ros2_humble/install/examples_rclpy_minimal_action_server:/home/pan/ros2_humble/install/examples_rclpy_minimal_action_client:/home/pan/ros2_humble/install/examples_rclpy_guard_conditions:/home/pan/ros2_humble/install/examples_rclpy_executors:/home/pan/ros2_humble/install/demo_nodes_py:/home/pan/ros2_humble/install/camera_info_manager_py:/home/pan/ros2_humble/install/action_tutorials_py:/home/pan/ros2_humble/install/ament_uncrustify:/home/pan/ros2_humble/install/tracetools_trace:/home/pan/ros2_humble/install/tracetools_read:/home/pan/ros2_humble/install/test_tracetools_launch:/home/pan/ros2_humble/install/test_launch_ros:/home/pan/ros2_humble/install/sensor_msgs_py:/home/pan/ros2_humble/install/rpyutils:/home/pan/ros2_humble/install/rosidl_runtime_py:/home/pan/ros2_humble/install/rosidl_cli:/home/pan/ros2_humble/install/launch_pytest:/home/pan/ros2_humble/install/launch_testing:/home/pan/ros2_humble/install/launch_yaml:/home/pan/ros2_humble/install/launch_xml:/home/pan/ros2_humble/install/launch:/home/pan/ros2_humble/install/osrf_pycommon:/home/pan/ros2_humble/install/domain_coordinator:/home/pan/ros2_humble/install/ament_xmllint:/home/pan/ros2_humble/install/ament_pyflakes:/home/pan/ros2_humble/install/ament_pycodestyle:/home/pan/ros2_humble/install/ament_pep257:/home/pan/ros2_humble/install/ament_pclint:/home/pan/ros2_humble/install/ament_package:/home/pan/ros2_humble/install/ament_mypy:/home/pan/ros2_humble/install/ament_lint_cmake:/home/pan/ros2_humble/install/ament_flake8:/home/pan/ros2_humble/install/ament_copyright:/home/pan/ros2_humble/install/ament_lint:/home/pan/ros2_humble/install/ament_index_python:/home/pan/ros2_humble/install/ament_cpplint:/home/pan/ros2_humble/install/ament_cppcheck:/home/pan/ros2_humble/install/ament_clang_tidy:/home/pan/ros2_humble/install/ament_clang_format:/opt/ros/humble /usr/bin/cmake --build /home/pan/ros2_ws/src/mobile/bluesea2/build/base -- -j6 -l6
[1.638s] Invoking command in '/home/pan/ros2_ws/src/mobile/bluesea2/build/base': CMAKE_PREFIX_PATH=${CMAKE_PREFIX_PATH}:/home/pan/ros2_humble/install/rqt_bag_plugins:/home/pan/ros2_humble/install/rqt_bag:/home/pan/ros2_humble/install/launch_testing_examples:/home/pan/ros2_humble/install/ros2bag:/home/pan/ros2_humble/install/tracetools_test:/home/pan/ros2_humble/install/tracetools_launch:/home/pan/ros2_humble/install/topic_monitor:/home/pan/ros2_humble/install/tf2_tools:/home/pan/ros2_humble/install/examples_tf2_py:/home/pan/ros2_humble/install/tf2_ros_py:/home/pan/ros2_humble/install/sros2:/home/pan/ros2_humble/install/rqt_topic:/home/pan/ros2_humble/install/rqt_srv:/home/pan/ros2_humble/install/rqt_shell:/home/pan/ros2_humble/install/rqt_service_caller:/home/pan/ros2_humble/install/rqt_reconfigure:/home/pan/ros2_humble/install/rqt_py_console:/home/pan/ros2_humble/install/rqt_publisher:/home/pan/ros2_humble/install/rqt_plot:/home/pan/ros2_humble/install/rqt_action:/home/pan/ros2_humble/install/rqt_msg:/home/pan/ros2_humble/install/rqt_console:/home/pan/ros2_humble/install/rqt:/home/pan/ros2_humble/install/rqt_graph:/home/pan/ros2_humble/install/rqt_gui_py:/home/pan/ros2_humble/install/rqt_gui:/home/pan/ros2_humble/install/ros2trace:/home/pan/ros2_humble/install/ros2topic:/home/pan/ros2_humble/install/ros2test:/home/pan/ros2_humble/install/ros2component:/home/pan/ros2_humble/install/ros2param:/home/pan/ros2_humble/install/ros2lifecycle:/home/pan/ros2_humble/install/ros2service:/home/pan/ros2_humble/install/ros2run:/home/pan/ros2_humble/install/ros2plugin:/home/pan/ros2_humble/install/ros2launch:/home/pan/ros2_humble/install/ros2pkg:/home/pan/ros2_humble/install/ros2node:/home/pan/ros2_humble/install/ros2multicast:/home/pan/ros2_humble/install/ros2interface:/home/pan/ros2_humble/install/ros2doctor:/home/pan/ros2_humble/install/ros2action:/home/pan/ros2_humble/install/ros2cli:/home/pan/ros2_humble/install/quality_of_service_demo_py:/home/pan/ros2_humble/install/lifecycle_py:/home/pan/ros2_humble/install/launch_testing_ros:/home/pan/ros2_humble/install/launch_ros:/home/pan/ros2_humble/install/examples_rclpy_pointcloud_publisher:/home/pan/ros2_humble/install/examples_rclpy_minimal_subscriber:/home/pan/ros2_humble/install/examples_rclpy_minimal_service:/home/pan/ros2_humble/install/examples_rclpy_minimal_publisher:/home/pan/ros2_humble/install/examples_rclpy_minimal_client:/home/pan/ros2_humble/install/examples_rclpy_minimal_action_server:/home/pan/ros2_humble/install/examples_rclpy_minimal_action_client:/home/pan/ros2_humble/install/examples_rclpy_guard_conditions:/home/pan/ros2_humble/install/examples_rclpy_executors:/home/pan/ros2_humble/install/demo_nodes_py:/home/pan/ros2_humble/install/camera_info_manager_py:/home/pan/ros2_humble/install/action_tutorials_py:/home/pan/ros2_humble/install/ament_uncrustify:/home/pan/ros2_humble/install/tracetools_trace:/home/pan/ros2_humble/install/tracetools_read:/home/pan/ros2_humble/install/test_tracetools_launch:/home/pan/ros2_humble/install/test_launch_ros:/home/pan/ros2_humble/install/sensor_msgs_py:/home/pan/ros2_humble/install/rpyutils:/home/pan/ros2_humble/install/rosidl_runtime_py:/home/pan/ros2_humble/install/rosidl_cli:/home/pan/ros2_humble/install/launch_pytest:/home/pan/ros2_humble/install/launch_testing:/home/pan/ros2_humble/install/launch_yaml:/home/pan/ros2_humble/install/launch_xml:/home/pan/ros2_humble/install/launch:/home/pan/ros2_humble/install/osrf_pycommon:/home/pan/ros2_humble/install/domain_coordinator:/home/pan/ros2_humble/install/ament_xmllint:/home/pan/ros2_humble/install/ament_pyflakes:/home/pan/ros2_humble/install/ament_pycodestyle:/home/pan/ros2_humble/install/ament_pep257:/home/pan/ros2_humble/install/ament_pclint:/home/pan/ros2_humble/install/ament_package:/home/pan/ros2_humble/install/ament_mypy:/home/pan/ros2_humble/install/ament_lint_cmake:/home/pan/ros2_humble/install/ament_flake8:/home/pan/ros2_humble/install/ament_copyright:/home/pan/ros2_humble/install/ament_lint:/home/pan/ros2_humble/install/ament_index_python:/home/pan/ros2_humble/install/ament_cpplint:/home/pan/ros2_humble/install/ament_cppcheck:/home/pan/ros2_humble/install/ament_clang_tidy:/home/pan/ros2_humble/install/ament_clang_format:/opt/ros/humble /usr/bin/cmake --install /home/pan/ros2_ws/src/mobile/bluesea2/build/base
[1.678s] -- Install configuration: ""
[1.678s] -- Up-to-date: /home/pan/ros2_ws/src/mobile/bluesea2/install/base/share/ament_index/resource_index/rosidl_interfaces/base
[1.679s] -- Up-to-date: /home/pan/ros2_ws/src/mobile/bluesea2/install/base/include/base/base
[1.679s] -- Up-to-date: /home/pan/ros2_ws/src/mobile/bluesea2/install/base/include/base/base/msg
[1.679s] -- Up-to-date: /home/pan/ros2_ws/src/mobile/bluesea2/install/base/include/base/base/msg/rosidl_generator_c__visibility_control.h
[1.680s] -- Up-to-date: /home/pan/ros2_ws/src/mobile/bluesea2/install/base/include/base/base/srv
[1.680s] -- Up-to-date: /home/pan/ros2_ws/src/mobile/bluesea2/install/base/include/base/base/srv/detail
[1.680s] -- Up-to-date: /home/pan/ros2_ws/src/mobile/bluesea2/install/base/include/base/base/srv/detail/control__struct.h
[1.681s] -- Up-to-date: /home/pan/ros2_ws/src/mobile/bluesea2/install/base/include/base/base/srv/detail/control__functions.h
[1.681s] -- Up-to-date: /home/pan/ros2_ws/src/mobile/bluesea2/install/base/include/base/base/srv/detail/control__type_support.h
[1.681s] -- Up-to-date: /home/pan/ros2_ws/src/mobile/bluesea2/install/base/include/base/base/srv/detail/control__functions.c
[1.682s] -- Up-to-date: /home/pan/ros2_ws/src/mobile/bluesea2/install/base/include/base/base/srv/control.h
[1.682s] -- Up-to-date: /home/pan/ros2_ws/src/mobile/bluesea2/install/base/share/base/environment/library_path.sh
[1.683s] -- Up-to-date: /home/pan/ros2_ws/src/mobile/bluesea2/install/base/share/base/environment/library_path.dsv
[1.683s] -- Up-to-date: /home/pan/ros2_ws/src/mobile/bluesea2/install/base/lib/libbase__rosidl_generator_c.so
[1.683s] -- Up-to-date: /home/pan/ros2_ws/src/mobile/bluesea2/install/base/include/base/base
[1.684s] -- Up-to-date: /home/pan/ros2_ws/src/mobile/bluesea2/install/base/include/base/base/msg
[1.684s] -- Up-to-date: /home/pan/ros2_ws/src/mobile/bluesea2/install/base/include/base/base/msg/rosidl_typesupport_fastrtps_c__visibility_control.h
[1.684s] -- Up-to-date: /home/pan/ros2_ws/src/mobile/bluesea2/install/base/include/base/base/srv
[1.685s] -- Up-to-date: /home/pan/ros2_ws/src/mobile/bluesea2/install/base/include/base/base/srv/detail
[1.685s] -- Up-to-date: /home/pan/ros2_ws/src/mobile/bluesea2/install/base/include/base/base/srv/detail/control__rosidl_typesupport_fastrtps_c.h
[1.685s] -- Up-to-date: /home/pan/ros2_ws/src/mobile/bluesea2/install/base/lib/libbase__rosidl_typesupport_fastrtps_c.so
[1.686s] -- Up-to-date: /home/pan/ros2_ws/src/mobile/bluesea2/install/base/include/base/base
[1.686s] -- Up-to-date: /home/pan/ros2_ws/src/mobile/bluesea2/install/base/include/base/base/msg
[1.686s] -- Up-to-date: /home/pan/ros2_ws/src/mobile/bluesea2/install/base/include/base/base/msg/rosidl_generator_cpp__visibility_control.hpp
[1.687s] -- Up-to-date: /home/pan/ros2_ws/src/mobile/bluesea2/install/base/include/base/base/srv
[1.687s] -- Up-to-date: /home/pan/ros2_ws/src/mobile/bluesea2/install/base/include/base/base/srv/detail
[1.687s] -- Up-to-date: /home/pan/ros2_ws/src/mobile/bluesea2/install/base/include/base/base/srv/detail/control__builder.hpp
[1.687s] -- Up-to-date: /home/pan/ros2_ws/src/mobile/bluesea2/install/base/include/base/base/srv/detail/control__struct.hpp
[1.688s] -- Up-to-date: /home/pan/ros2_ws/src/mobile/bluesea2/install/base/include/base/base/srv/detail/control__traits.hpp
[1.688s] -- Up-to-date: /home/pan/ros2_ws/src/mobile/bluesea2/install/base/include/base/base/srv/detail/control__type_support.hpp
[1.688s] -- Up-to-date: /home/pan/ros2_ws/src/mobile/bluesea2/install/base/include/base/base/srv/control.hpp
[1.689s] -- Up-to-date: /home/pan/ros2_ws/src/mobile/bluesea2/install/base/include/base/base
[1.689s] -- Up-to-date: /home/pan/ros2_ws/src/mobile/bluesea2/install/base/include/base/base/msg
[1.689s] -- Up-to-date: /home/pan/ros2_ws/src/mobile/bluesea2/install/base/include/base/base/msg/rosidl_typesupport_fastrtps_cpp__visibility_control.h
[1.689s] -- Up-to-date: /home/pan/ros2_ws/src/mobile/bluesea2/install/base/include/base/base/srv
[1.689s] -- Up-to-date: /home/pan/ros2_ws/src/mobile/bluesea2/install/base/include/base/base/srv/detail
[1.690s] -- Up-to-date: /home/pan/ros2_ws/src/mobile/bluesea2/install/base/include/base/base/srv/detail/control__rosidl_typesupport_fastrtps_cpp.hpp
[1.690s] -- Up-to-date: /home/pan/ros2_ws/src/mobile/bluesea2/install/base/include/base/base/srv/detail/dds_fastrtps
[1.690s] -- Up-to-date: /home/pan/ros2_ws/src/mobile/bluesea2/install/base/lib/libbase__rosidl_typesupport_fastrtps_cpp.so
[1.690s] -- Up-to-date: /home/pan/ros2_ws/src/mobile/bluesea2/install/base/include/base/base
[1.690s] -- Up-to-date: /home/pan/ros2_ws/src/mobile/bluesea2/install/base/include/base/base/msg
[1.690s] -- Up-to-date: /home/pan/ros2_ws/src/mobile/bluesea2/install/base/include/base/base/msg/rosidl_typesupport_introspection_c__visibility_control.h
[1.690s] -- Up-to-date: /home/pan/ros2_ws/src/mobile/bluesea2/install/base/include/base/base/srv
[1.690s] -- Up-to-date: /home/pan/ros2_ws/src/mobile/bluesea2/install/base/include/base/base/srv/detail
[1.690s] -- Up-to-date: /home/pan/ros2_ws/src/mobile/bluesea2/install/base/include/base/base/srv/detail/control__type_support.c
[1.690s] -- Up-to-date: /home/pan/ros2_ws/src/mobile/bluesea2/install/base/include/base/base/srv/detail/control__rosidl_typesupport_introspection_c.h
[1.690s] -- Up-to-date: /home/pan/ros2_ws/src/mobile/bluesea2/install/base/lib/libbase__rosidl_typesupport_introspection_c.so
[1.691s] -- Up-to-date: /home/pan/ros2_ws/src/mobile/bluesea2/install/base/lib/libbase__rosidl_typesupport_c.so
[1.691s] -- Up-to-date: /home/pan/ros2_ws/src/mobile/bluesea2/install/base/include/base/base
[1.691s] -- Up-to-date: /home/pan/ros2_ws/src/mobile/bluesea2/install/base/include/base/base/srv
[1.691s] -- Up-to-date: /home/pan/ros2_ws/src/mobile/bluesea2/install/base/include/base/base/srv/detail
[1.691s] -- Up-to-date: /home/pan/ros2_ws/src/mobile/bluesea2/install/base/include/base/base/srv/detail/control__rosidl_typesupport_introspection_cpp.hpp
[1.691s] -- Up-to-date: /home/pan/ros2_ws/src/mobile/bluesea2/install/base/include/base/base/srv/detail/control__type_support.cpp
[1.691s] -- Up-to-date: /home/pan/ros2_ws/src/mobile/bluesea2/install/base/lib/libbase__rosidl_typesupport_introspection_cpp.so
[1.691s] -- Up-to-date: /home/pan/ros2_ws/src/mobile/bluesea2/install/base/lib/libbase__rosidl_typesupport_cpp.so
[1.692s] -- Up-to-date: /home/pan/ros2_ws/src/mobile/bluesea2/install/base/share/base/environment/pythonpath.sh
[1.692s] -- Up-to-date: /home/pan/ros2_ws/src/mobile/bluesea2/install/base/share/base/environment/pythonpath.dsv
[1.692s] -- Up-to-date: /home/pan/ros2_ws/src/mobile/bluesea2/install/base/local/lib/python3.10/dist-packages/base-0.0.0-py3.10.egg-info
[1.692s] -- Installing: /home/pan/ros2_ws/src/mobile/bluesea2/install/base/local/lib/python3.10/dist-packages/base-0.0.0-py3.10.egg-info/dependency_links.txt
[1.693s] -- Installing: /home/pan/ros2_ws/src/mobile/bluesea2/install/base/local/lib/python3.10/dist-packages/base-0.0.0-py3.10.egg-info/SOURCES.txt
[1.693s] -- Installing: /home/pan/ros2_ws/src/mobile/bluesea2/install/base/local/lib/python3.10/dist-packages/base-0.0.0-py3.10.egg-info/top_level.txt
[1.693s] -- Installing: /home/pan/ros2_ws/src/mobile/bluesea2/install/base/local/lib/python3.10/dist-packages/base-0.0.0-py3.10.egg-info/PKG-INFO
[1.693s] -- Up-to-date: /home/pan/ros2_ws/src/mobile/bluesea2/install/base/local/lib/python3.10/dist-packages/base
[1.693s] -- Up-to-date: /home/pan/ros2_ws/src/mobile/bluesea2/install/base/local/lib/python3.10/dist-packages/base/base_s__rosidl_typesupport_c.cpython-310-aarch64-linux-gnu.so
[1.694s] -- Up-to-date: /home/pan/ros2_ws/src/mobile/bluesea2/install/base/local/lib/python3.10/dist-packages/base/base_s__rosidl_typesupport_introspection_c.cpython-310-aarch64-linux-gnu.so
[1.694s] -- Up-to-date: /home/pan/ros2_ws/src/mobile/bluesea2/install/base/local/lib/python3.10/dist-packages/base/srv
[1.694s] -- Up-to-date: /home/pan/ros2_ws/src/mobile/bluesea2/install/base/local/lib/python3.10/dist-packages/base/srv/_control_s.c
[1.694s] -- Up-to-date: /home/pan/ros2_ws/src/mobile/bluesea2/install/base/local/lib/python3.10/dist-packages/base/srv/__init__.py
[1.695s] -- Up-to-date: /home/pan/ros2_ws/src/mobile/bluesea2/install/base/local/lib/python3.10/dist-packages/base/srv/_control.py
[1.695s] -- Up-to-date: /home/pan/ros2_ws/src/mobile/bluesea2/install/base/local/lib/python3.10/dist-packages/base/_base_s.ep.rosidl_typesupport_c.c
[1.695s] -- Up-to-date: /home/pan/ros2_ws/src/mobile/bluesea2/install/base/local/lib/python3.10/dist-packages/base/__init__.py
[1.695s] -- Up-to-date: /home/pan/ros2_ws/src/mobile/bluesea2/install/base/local/lib/python3.10/dist-packages/base/_base_s.ep.rosidl_typesupport_fastrtps_c.c
[1.696s] -- Up-to-date: /home/pan/ros2_ws/src/mobile/bluesea2/install/base/local/lib/python3.10/dist-packages/base/base_s__rosidl_typesupport_fastrtps_c.cpython-310-aarch64-linux-gnu.so
[1.696s] -- Up-to-date: /home/pan/ros2_ws/src/mobile/bluesea2/install/base/local/lib/python3.10/dist-packages/base/_base_s.ep.rosidl_typesupport_introspection_c.c
[1.696s] -- Up-to-date: /home/pan/ros2_ws/src/mobile/bluesea2/install/base/local/lib/python3.10/dist-packages/base/libbase__rosidl_generator_py.so
[2.014s] Listing '/home/pan/ros2_ws/src/mobile/bluesea2/install/base/local/lib/python3.10/dist-packages/base'...
[2.015s] Listing '/home/pan/ros2_ws/src/mobile/bluesea2/install/base/local/lib/python3.10/dist-packages/base/srv'...
[2.026s] -- Up-to-date: /home/pan/ros2_ws/src/mobile/bluesea2/install/base/local/lib/python3.10/dist-packages/base/base_s__rosidl_typesupport_introspection_c.cpython-310-aarch64-linux-gnu.so
[2.026s] -- Up-to-date: /home/pan/ros2_ws/src/mobile/bluesea2/install/base/local/lib/python3.10/dist-packages/base/base_s__rosidl_typesupport_fastrtps_c.cpython-310-aarch64-linux-gnu.so
[2.027s] -- Up-to-date: /home/pan/ros2_ws/src/mobile/bluesea2/install/base/local/lib/python3.10/dist-packages/base/base_s__rosidl_typesupport_c.cpython-310-aarch64-linux-gnu.so
[2.027s] -- Up-to-date: /home/pan/ros2_ws/src/mobile/bluesea2/install/base/lib/libbase__rosidl_generator_py.so
[2.028s] -- Up-to-date: /home/pan/ros2_ws/src/mobile/bluesea2/install/base/share/base/srv/Control.idl
[2.028s] -- Up-to-date: /home/pan/ros2_ws/src/mobile/bluesea2/install/base/share/base/srv/Control.srv
[2.029s] -- Up-to-date: /home/pan/ros2_ws/src/mobile/bluesea2/install/base/share/base/srv/Control_Request.msg
[2.029s] -- Up-to-date: /home/pan/ros2_ws/src/mobile/bluesea2/install/base/share/base/srv/Control_Response.msg
[2.029s] -- Up-to-date: /home/pan/ros2_ws/src/mobile/bluesea2/install/base/share/ament_index/resource_index/package_run_dependencies/base
[2.030s] -- Up-to-date: /home/pan/ros2_ws/src/mobile/bluesea2/install/base/share/ament_index/resource_index/parent_prefix_path/base
[2.030s] -- Up-to-date: /home/pan/ros2_ws/src/mobile/bluesea2/install/base/share/base/environment/ament_prefix_path.dsv
[2.030s] -- Up-to-date: /home/pan/ros2_ws/src/mobile/bluesea2/install/base/share/base/environment/path.dsv
[2.031s] -- Up-to-date: /home/pan/ros2_ws/src/mobile/bluesea2/install/base/share/base/local_setup.bash
[2.031s] -- Up-to-date: /home/pan/ros2_ws/src/mobile/bluesea2/install/base/share/base/local_setup.sh
[2.032s] -- Up-to-date: /home/pan/ros2_ws/src/mobile/bluesea2/install/base/share/base/local_setup.zsh
[2.032s] -- Up-to-date: /home/pan/ros2_ws/src/mobile/bluesea2/install/base/share/base/local_setup.dsv
[2.032s] -- Installing: /home/pan/ros2_ws/src/mobile/bluesea2/install/base/share/base/package.dsv
[2.033s] -- Up-to-date: /home/pan/ros2_ws/src/mobile/bluesea2/install/base/share/ament_index/resource_index/packages/base
[2.033s] -- Up-to-date: /home/pan/ros2_ws/src/mobile/bluesea2/install/base/share/base/cmake/export_base__rosidl_generator_cExport.cmake
[2.033s] -- Up-to-date: /home/pan/ros2_ws/src/mobile/bluesea2/install/base/share/base/cmake/export_base__rosidl_generator_cExport-noconfig.cmake
[2.034s] -- Up-to-date: /home/pan/ros2_ws/src/mobile/bluesea2/install/base/share/base/cmake/export_base__rosidl_typesupport_fastrtps_cExport.cmake
[2.034s] -- Up-to-date: /home/pan/ros2_ws/src/mobile/bluesea2/install/base/share/base/cmake/export_base__rosidl_typesupport_fastrtps_cExport-noconfig.cmake
[2.034s] -- Up-to-date: /home/pan/ros2_ws/src/mobile/bluesea2/install/base/share/base/cmake/export_base__rosidl_generator_cppExport.cmake
[2.035s] -- Up-to-date: /home/pan/ros2_ws/src/mobile/bluesea2/install/base/share/base/cmake/export_base__rosidl_typesupport_fastrtps_cppExport.cmake
[2.035s] -- Up-to-date: /home/pan/ros2_ws/src/mobile/bluesea2/install/base/share/base/cmake/export_base__rosidl_typesupport_fastrtps_cppExport-noconfig.cmake
[2.035s] -- Up-to-date: /home/pan/ros2_ws/src/mobile/bluesea2/install/base/share/base/cmake/base__rosidl_typesupport_introspection_cExport.cmake
[2.035s] -- Up-to-date: /home/pan/ros2_ws/src/mobile/bluesea2/install/base/share/base/cmake/base__rosidl_typesupport_introspection_cExport-noconfig.cmake
[2.035s] -- Up-to-date: /home/pan/ros2_ws/src/mobile/bluesea2/install/base/share/base/cmake/base__rosidl_typesupport_cExport.cmake
[2.036s] -- Up-to-date: /home/pan/ros2_ws/src/mobile/bluesea2/install/base/share/base/cmake/base__rosidl_typesupport_cExport-noconfig.cmake
[2.036s] -- Up-to-date: /home/pan/ros2_ws/src/mobile/bluesea2/install/base/share/base/cmake/base__rosidl_typesupport_introspection_cppExport.cmake
[2.036s] -- Up-to-date: /home/pan/ros2_ws/src/mobile/bluesea2/install/base/share/base/cmake/base__rosidl_typesupport_introspection_cppExport-noconfig.cmake
[2.037s] -- Up-to-date: /home/pan/ros2_ws/src/mobile/bluesea2/install/base/share/base/cmake/base__rosidl_typesupport_cppExport.cmake
[2.037s] -- Up-to-date: /home/pan/ros2_ws/src/mobile/bluesea2/install/base/share/base/cmake/base__rosidl_typesupport_cppExport-noconfig.cmake
[2.038s] -- Up-to-date: /home/pan/ros2_ws/src/mobile/bluesea2/install/base/share/base/cmake/export_base__rosidl_generator_pyExport.cmake
[2.040s] -- Up-to-date: /home/pan/ros2_ws/src/mobile/bluesea2/install/base/share/base/cmake/export_base__rosidl_generator_pyExport-noconfig.cmake
[2.041s] -- Up-to-date: /home/pan/ros2_ws/src/mobile/bluesea2/install/base/share/base/cmake/rosidl_cmake-extras.cmake
[2.041s] -- Up-to-date: /home/pan/ros2_ws/src/mobile/bluesea2/install/base/share/base/cmake/ament_cmake_export_include_directories-extras.cmake
[2.042s] -- Up-to-date: /home/pan/ros2_ws/src/mobile/bluesea2/install/base/share/base/cmake/ament_cmake_export_libraries-extras.cmake
[2.042s] -- Up-to-date: /home/pan/ros2_ws/src/mobile/bluesea2/install/base/share/base/cmake/ament_cmake_export_targets-extras.cmake
[2.043s] -- Up-to-date: /home/pan/ros2_ws/src/mobile/bluesea2/install/base/share/base/cmake/rosidl_cmake_export_typesupport_targets-extras.cmake
[2.043s] -- Up-to-date: /home/pan/ros2_ws/src/mobile/bluesea2/install/base/share/base/cmake/ament_cmake_export_dependencies-extras.cmake
[2.044s] -- Up-to-date: /home/pan/ros2_ws/src/mobile/bluesea2/install/base/share/base/cmake/rosidl_cmake_export_typesupport_libraries-extras.cmake
[2.044s] -- Up-to-date: /home/pan/ros2_ws/src/mobile/bluesea2/install/base/share/base/cmake/baseConfig.cmake
[2.045s] -- Up-to-date: /home/pan/ros2_ws/src/mobile/bluesea2/install/base/share/base/cmake/baseConfig-version.cmake
[2.045s] -- Up-to-date: /home/pan/ros2_ws/src/mobile/bluesea2/install/base/share/base/package.xml
[2.046s] Invoked command in '/home/pan/ros2_ws/src/mobile/bluesea2/build/base' returned '0': CMAKE_PREFIX_PATH=${CMAKE_PREFIX_PATH}:/home/pan/ros2_humble/install/rqt_bag_plugins:/home/pan/ros2_humble/install/rqt_bag:/home/pan/ros2_humble/install/launch_testing_examples:/home/pan/ros2_humble/install/ros2bag:/home/pan/ros2_humble/install/tracetools_test:/home/pan/ros2_humble/install/tracetools_launch:/home/pan/ros2_humble/install/topic_monitor:/home/pan/ros2_humble/install/tf2_tools:/home/pan/ros2_humble/install/examples_tf2_py:/home/pan/ros2_humble/install/tf2_ros_py:/home/pan/ros2_humble/install/sros2:/home/pan/ros2_humble/install/rqt_topic:/home/pan/ros2_humble/install/rqt_srv:/home/pan/ros2_humble/install/rqt_shell:/home/pan/ros2_humble/install/rqt_service_caller:/home/pan/ros2_humble/install/rqt_reconfigure:/home/pan/ros2_humble/install/rqt_py_console:/home/pan/ros2_humble/install/rqt_publisher:/home/pan/ros2_humble/install/rqt_plot:/home/pan/ros2_humble/install/rqt_action:/home/pan/ros2_humble/install/rqt_msg:/home/pan/ros2_humble/install/rqt_console:/home/pan/ros2_humble/install/rqt:/home/pan/ros2_humble/install/rqt_graph:/home/pan/ros2_humble/install/rqt_gui_py:/home/pan/ros2_humble/install/rqt_gui:/home/pan/ros2_humble/install/ros2trace:/home/pan/ros2_humble/install/ros2topic:/home/pan/ros2_humble/install/ros2test:/home/pan/ros2_humble/install/ros2component:/home/pan/ros2_humble/install/ros2param:/home/pan/ros2_humble/install/ros2lifecycle:/home/pan/ros2_humble/install/ros2service:/home/pan/ros2_humble/install/ros2run:/home/pan/ros2_humble/install/ros2plugin:/home/pan/ros2_humble/install/ros2launch:/home/pan/ros2_humble/install/ros2pkg:/home/pan/ros2_humble/install/ros2node:/home/pan/ros2_humble/install/ros2multicast:/home/pan/ros2_humble/install/ros2interface:/home/pan/ros2_humble/install/ros2doctor:/home/pan/ros2_humble/install/ros2action:/home/pan/ros2_humble/install/ros2cli:/home/pan/ros2_humble/install/quality_of_service_demo_py:/home/pan/ros2_humble/install/lifecycle_py:/home/pan/ros2_humble/install/launch_testing_ros:/home/pan/ros2_humble/install/launch_ros:/home/pan/ros2_humble/install/examples_rclpy_pointcloud_publisher:/home/pan/ros2_humble/install/examples_rclpy_minimal_subscriber:/home/pan/ros2_humble/install/examples_rclpy_minimal_service:/home/pan/ros2_humble/install/examples_rclpy_minimal_publisher:/home/pan/ros2_humble/install/examples_rclpy_minimal_client:/home/pan/ros2_humble/install/examples_rclpy_minimal_action_server:/home/pan/ros2_humble/install/examples_rclpy_minimal_action_client:/home/pan/ros2_humble/install/examples_rclpy_guard_conditions:/home/pan/ros2_humble/install/examples_rclpy_executors:/home/pan/ros2_humble/install/demo_nodes_py:/home/pan/ros2_humble/install/camera_info_manager_py:/home/pan/ros2_humble/install/action_tutorials_py:/home/pan/ros2_humble/install/ament_uncrustify:/home/pan/ros2_humble/install/tracetools_trace:/home/pan/ros2_humble/install/tracetools_read:/home/pan/ros2_humble/install/test_tracetools_launch:/home/pan/ros2_humble/install/test_launch_ros:/home/pan/ros2_humble/install/sensor_msgs_py:/home/pan/ros2_humble/install/rpyutils:/home/pan/ros2_humble/install/rosidl_runtime_py:/home/pan/ros2_humble/install/rosidl_cli:/home/pan/ros2_humble/install/launch_pytest:/home/pan/ros2_humble/install/launch_testing:/home/pan/ros2_humble/install/launch_yaml:/home/pan/ros2_humble/install/launch_xml:/home/pan/ros2_humble/install/launch:/home/pan/ros2_humble/install/osrf_pycommon:/home/pan/ros2_humble/install/domain_coordinator:/home/pan/ros2_humble/install/ament_xmllint:/home/pan/ros2_humble/install/ament_pyflakes:/home/pan/ros2_humble/install/ament_pycodestyle:/home/pan/ros2_humble/install/ament_pep257:/home/pan/ros2_humble/install/ament_pclint:/home/pan/ros2_humble/install/ament_package:/home/pan/ros2_humble/install/ament_mypy:/home/pan/ros2_humble/install/ament_lint_cmake:/home/pan/ros2_humble/install/ament_flake8:/home/pan/ros2_humble/install/ament_copyright:/home/pan/ros2_humble/install/ament_lint:/home/pan/ros2_humble/install/ament_index_python:/home/pan/ros2_humble/install/ament_cpplint:/home/pan/ros2_humble/install/ament_cppcheck:/home/pan/ros2_humble/install/ament_clang_tidy:/home/pan/ros2_humble/install/ament_clang_format:/opt/ros/humble /usr/bin/cmake --install /home/pan/ros2_ws/src/mobile/bluesea2/build/base
