[0.075s] Invoking command in '/home/pan/ros2_ws/src/mobile/bluesea2/build/base': CMAKE_PREFIX_PATH=${CMAKE_PREFIX_PATH}:/home/pan/ros2_humble/install/rqt_bag_plugins:/home/pan/ros2_humble/install/rqt_bag:/home/pan/ros2_humble/install/launch_testing_examples:/home/pan/ros2_humble/install/ros2bag:/home/pan/ros2_humble/install/tracetools_test:/home/pan/ros2_humble/install/tracetools_launch:/home/pan/ros2_humble/install/topic_monitor:/home/pan/ros2_humble/install/tf2_tools:/home/pan/ros2_humble/install/examples_tf2_py:/home/pan/ros2_humble/install/tf2_ros_py:/home/pan/ros2_humble/install/sros2:/home/pan/ros2_humble/install/rqt_topic:/home/pan/ros2_humble/install/rqt_srv:/home/pan/ros2_humble/install/rqt_shell:/home/pan/ros2_humble/install/rqt_service_caller:/home/pan/ros2_humble/install/rqt_reconfigure:/home/pan/ros2_humble/install/rqt_py_console:/home/pan/ros2_humble/install/rqt_publisher:/home/pan/ros2_humble/install/rqt_plot:/home/pan/ros2_humble/install/rqt_action:/home/pan/ros2_humble/install/rqt_msg:/home/pan/ros2_humble/install/rqt_console:/home/pan/ros2_humble/install/rqt:/home/pan/ros2_humble/install/rqt_graph:/home/pan/ros2_humble/install/rqt_gui_py:/home/pan/ros2_humble/install/rqt_gui:/home/pan/ros2_humble/install/ros2trace:/home/pan/ros2_humble/install/ros2topic:/home/pan/ros2_humble/install/ros2test:/home/pan/ros2_humble/install/ros2component:/home/pan/ros2_humble/install/ros2param:/home/pan/ros2_humble/install/ros2lifecycle:/home/pan/ros2_humble/install/ros2service:/home/pan/ros2_humble/install/ros2run:/home/pan/ros2_humble/install/ros2plugin:/home/pan/ros2_humble/install/ros2launch:/home/pan/ros2_humble/install/ros2pkg:/home/pan/ros2_humble/install/ros2node:/home/pan/ros2_humble/install/ros2multicast:/home/pan/ros2_humble/install/ros2interface:/home/pan/ros2_humble/install/ros2doctor:/home/pan/ros2_humble/install/ros2action:/home/pan/ros2_humble/install/ros2cli:/home/pan/ros2_humble/install/quality_of_service_demo_py:/home/pan/ros2_humble/install/lifecycle_py:/home/pan/ros2_humble/install/launch_testing_ros:/home/pan/ros2_humble/install/launch_ros:/home/pan/ros2_humble/install/examples_rclpy_pointcloud_publisher:/home/pan/ros2_humble/install/examples_rclpy_minimal_subscriber:/home/pan/ros2_humble/install/examples_rclpy_minimal_service:/home/pan/ros2_humble/install/examples_rclpy_minimal_publisher:/home/pan/ros2_humble/install/examples_rclpy_minimal_client:/home/pan/ros2_humble/install/examples_rclpy_minimal_action_server:/home/pan/ros2_humble/install/examples_rclpy_minimal_action_client:/home/pan/ros2_humble/install/examples_rclpy_guard_conditions:/home/pan/ros2_humble/install/examples_rclpy_executors:/home/pan/ros2_humble/install/demo_nodes_py:/home/pan/ros2_humble/install/camera_info_manager_py:/home/pan/ros2_humble/install/action_tutorials_py:/home/pan/ros2_humble/install/ament_uncrustify:/home/pan/ros2_humble/install/tracetools_trace:/home/pan/ros2_humble/install/tracetools_read:/home/pan/ros2_humble/install/test_tracetools_launch:/home/pan/ros2_humble/install/test_launch_ros:/home/pan/ros2_humble/install/sensor_msgs_py:/home/pan/ros2_humble/install/rpyutils:/home/pan/ros2_humble/install/rosidl_runtime_py:/home/pan/ros2_humble/install/rosidl_cli:/home/pan/ros2_humble/install/launch_pytest:/home/pan/ros2_humble/install/launch_testing:/home/pan/ros2_humble/install/launch_yaml:/home/pan/ros2_humble/install/launch_xml:/home/pan/ros2_humble/install/launch:/home/pan/ros2_humble/install/osrf_pycommon:/home/pan/ros2_humble/install/domain_coordinator:/home/pan/ros2_humble/install/ament_xmllint:/home/pan/ros2_humble/install/ament_pyflakes:/home/pan/ros2_humble/install/ament_pycodestyle:/home/pan/ros2_humble/install/ament_pep257:/home/pan/ros2_humble/install/ament_pclint:/home/pan/ros2_humble/install/ament_package:/home/pan/ros2_humble/install/ament_mypy:/home/pan/ros2_humble/install/ament_lint_cmake:/home/pan/ros2_humble/install/ament_flake8:/home/pan/ros2_humble/install/ament_copyright:/home/pan/ros2_humble/install/ament_lint:/home/pan/ros2_humble/install/ament_index_python:/home/pan/ros2_humble/install/ament_cpplint:/home/pan/ros2_humble/install/ament_cppcheck:/home/pan/ros2_humble/install/ament_clang_tidy:/home/pan/ros2_humble/install/ament_clang_format:/opt/ros/humble /usr/bin/cmake --build /home/pan/ros2_ws/src/mobile/bluesea2/build/base -- -j6 -l6
[0.360s] [  9%] Built target base__cpp
[0.360s] [ 12%] Built target base__rosidl_generator_c
[0.414s] [ 12%] Built target ament_cmake_python_copy_base
[0.464s] [ 22%] Built target base__rosidl_typesupport_c
[0.468s] [ 32%] Built target base__rosidl_typesupport_introspection_cpp
[0.475s] [ 41%] Built target base__rosidl_typesupport_introspection_c
[0.476s] [ 51%] Built target base__rosidl_typesupport_cpp
[0.477s] [ 61%] Built target base__rosidl_typesupport_fastrtps_cpp
[0.522s] [ 70%] Built target base__rosidl_typesupport_fastrtps_c
[0.630s] [ 70%] Built target base
[0.739s] [ 74%] Built target base__py
[0.854s] [ 80%] Built target base__rosidl_generator_py
[0.963s] [ 90%] Built target base__rosidl_typesupport_introspection_c__pyext
[0.963s] [ 93%] Built target base__rosidl_typesupport_fastrtps_c__pyext
[0.966s] [100%] Built target base__rosidl_typesupport_c__pyext
[1.747s] running egg_info
[1.748s] writing base.egg-info/PKG-INFO
[1.748s] writing dependency_links to base.egg-info/dependency_links.txt
[1.749s] writing top-level names to base.egg-info/top_level.txt
[1.755s] reading manifest file 'base.egg-info/SOURCES.txt'
[1.756s] writing manifest file 'base.egg-info/SOURCES.txt'
[1.865s] [100%] Built target ament_cmake_python_build_base_egg
[1.910s] Invoked command in '/home/pan/ros2_ws/src/mobile/bluesea2/build/base' returned '0': CMAKE_PREFIX_PATH=${CMAKE_PREFIX_PATH}:/home/pan/ros2_humble/install/rqt_bag_plugins:/home/pan/ros2_humble/install/rqt_bag:/home/pan/ros2_humble/install/launch_testing_examples:/home/pan/ros2_humble/install/ros2bag:/home/pan/ros2_humble/install/tracetools_test:/home/pan/ros2_humble/install/tracetools_launch:/home/pan/ros2_humble/install/topic_monitor:/home/pan/ros2_humble/install/tf2_tools:/home/pan/ros2_humble/install/examples_tf2_py:/home/pan/ros2_humble/install/tf2_ros_py:/home/pan/ros2_humble/install/sros2:/home/pan/ros2_humble/install/rqt_topic:/home/pan/ros2_humble/install/rqt_srv:/home/pan/ros2_humble/install/rqt_shell:/home/pan/ros2_humble/install/rqt_service_caller:/home/pan/ros2_humble/install/rqt_reconfigure:/home/pan/ros2_humble/install/rqt_py_console:/home/pan/ros2_humble/install/rqt_publisher:/home/pan/ros2_humble/install/rqt_plot:/home/pan/ros2_humble/install/rqt_action:/home/pan/ros2_humble/install/rqt_msg:/home/pan/ros2_humble/install/rqt_console:/home/pan/ros2_humble/install/rqt:/home/pan/ros2_humble/install/rqt_graph:/home/pan/ros2_humble/install/rqt_gui_py:/home/pan/ros2_humble/install/rqt_gui:/home/pan/ros2_humble/install/ros2trace:/home/pan/ros2_humble/install/ros2topic:/home/pan/ros2_humble/install/ros2test:/home/pan/ros2_humble/install/ros2component:/home/pan/ros2_humble/install/ros2param:/home/pan/ros2_humble/install/ros2lifecycle:/home/pan/ros2_humble/install/ros2service:/home/pan/ros2_humble/install/ros2run:/home/pan/ros2_humble/install/ros2plugin:/home/pan/ros2_humble/install/ros2launch:/home/pan/ros2_humble/install/ros2pkg:/home/pan/ros2_humble/install/ros2node:/home/pan/ros2_humble/install/ros2multicast:/home/pan/ros2_humble/install/ros2interface:/home/pan/ros2_humble/install/ros2doctor:/home/pan/ros2_humble/install/ros2action:/home/pan/ros2_humble/install/ros2cli:/home/pan/ros2_humble/install/quality_of_service_demo_py:/home/pan/ros2_humble/install/lifecycle_py:/home/pan/ros2_humble/install/launch_testing_ros:/home/pan/ros2_humble/install/launch_ros:/home/pan/ros2_humble/install/examples_rclpy_pointcloud_publisher:/home/pan/ros2_humble/install/examples_rclpy_minimal_subscriber:/home/pan/ros2_humble/install/examples_rclpy_minimal_service:/home/pan/ros2_humble/install/examples_rclpy_minimal_publisher:/home/pan/ros2_humble/install/examples_rclpy_minimal_client:/home/pan/ros2_humble/install/examples_rclpy_minimal_action_server:/home/pan/ros2_humble/install/examples_rclpy_minimal_action_client:/home/pan/ros2_humble/install/examples_rclpy_guard_conditions:/home/pan/ros2_humble/install/examples_rclpy_executors:/home/pan/ros2_humble/install/demo_nodes_py:/home/pan/ros2_humble/install/camera_info_manager_py:/home/pan/ros2_humble/install/action_tutorials_py:/home/pan/ros2_humble/install/ament_uncrustify:/home/pan/ros2_humble/install/tracetools_trace:/home/pan/ros2_humble/install/tracetools_read:/home/pan/ros2_humble/install/test_tracetools_launch:/home/pan/ros2_humble/install/test_launch_ros:/home/pan/ros2_humble/install/sensor_msgs_py:/home/pan/ros2_humble/install/rpyutils:/home/pan/ros2_humble/install/rosidl_runtime_py:/home/pan/ros2_humble/install/rosidl_cli:/home/pan/ros2_humble/install/launch_pytest:/home/pan/ros2_humble/install/launch_testing:/home/pan/ros2_humble/install/launch_yaml:/home/pan/ros2_humble/install/launch_xml:/home/pan/ros2_humble/install/launch:/home/pan/ros2_humble/install/osrf_pycommon:/home/pan/ros2_humble/install/domain_coordinator:/home/pan/ros2_humble/install/ament_xmllint:/home/pan/ros2_humble/install/ament_pyflakes:/home/pan/ros2_humble/install/ament_pycodestyle:/home/pan/ros2_humble/install/ament_pep257:/home/pan/ros2_humble/install/ament_pclint:/home/pan/ros2_humble/install/ament_package:/home/pan/ros2_humble/install/ament_mypy:/home/pan/ros2_humble/install/ament_lint_cmake:/home/pan/ros2_humble/install/ament_flake8:/home/pan/ros2_humble/install/ament_copyright:/home/pan/ros2_humble/install/ament_lint:/home/pan/ros2_humble/install/ament_index_python:/home/pan/ros2_humble/install/ament_cpplint:/home/pan/ros2_humble/install/ament_cppcheck:/home/pan/ros2_humble/install/ament_clang_tidy:/home/pan/ros2_humble/install/ament_clang_format:/opt/ros/humble /usr/bin/cmake --build /home/pan/ros2_ws/src/mobile/bluesea2/build/base -- -j6 -l6
[1.959s] Invoking command in '/home/pan/ros2_ws/src/mobile/bluesea2/build/base': CMAKE_PREFIX_PATH=${CMAKE_PREFIX_PATH}:/home/pan/ros2_humble/install/rqt_bag_plugins:/home/pan/ros2_humble/install/rqt_bag:/home/pan/ros2_humble/install/launch_testing_examples:/home/pan/ros2_humble/install/ros2bag:/home/pan/ros2_humble/install/tracetools_test:/home/pan/ros2_humble/install/tracetools_launch:/home/pan/ros2_humble/install/topic_monitor:/home/pan/ros2_humble/install/tf2_tools:/home/pan/ros2_humble/install/examples_tf2_py:/home/pan/ros2_humble/install/tf2_ros_py:/home/pan/ros2_humble/install/sros2:/home/pan/ros2_humble/install/rqt_topic:/home/pan/ros2_humble/install/rqt_srv:/home/pan/ros2_humble/install/rqt_shell:/home/pan/ros2_humble/install/rqt_service_caller:/home/pan/ros2_humble/install/rqt_reconfigure:/home/pan/ros2_humble/install/rqt_py_console:/home/pan/ros2_humble/install/rqt_publisher:/home/pan/ros2_humble/install/rqt_plot:/home/pan/ros2_humble/install/rqt_action:/home/pan/ros2_humble/install/rqt_msg:/home/pan/ros2_humble/install/rqt_console:/home/pan/ros2_humble/install/rqt:/home/pan/ros2_humble/install/rqt_graph:/home/pan/ros2_humble/install/rqt_gui_py:/home/pan/ros2_humble/install/rqt_gui:/home/pan/ros2_humble/install/ros2trace:/home/pan/ros2_humble/install/ros2topic:/home/pan/ros2_humble/install/ros2test:/home/pan/ros2_humble/install/ros2component:/home/pan/ros2_humble/install/ros2param:/home/pan/ros2_humble/install/ros2lifecycle:/home/pan/ros2_humble/install/ros2service:/home/pan/ros2_humble/install/ros2run:/home/pan/ros2_humble/install/ros2plugin:/home/pan/ros2_humble/install/ros2launch:/home/pan/ros2_humble/install/ros2pkg:/home/pan/ros2_humble/install/ros2node:/home/pan/ros2_humble/install/ros2multicast:/home/pan/ros2_humble/install/ros2interface:/home/pan/ros2_humble/install/ros2doctor:/home/pan/ros2_humble/install/ros2action:/home/pan/ros2_humble/install/ros2cli:/home/pan/ros2_humble/install/quality_of_service_demo_py:/home/pan/ros2_humble/install/lifecycle_py:/home/pan/ros2_humble/install/launch_testing_ros:/home/pan/ros2_humble/install/launch_ros:/home/pan/ros2_humble/install/examples_rclpy_pointcloud_publisher:/home/pan/ros2_humble/install/examples_rclpy_minimal_subscriber:/home/pan/ros2_humble/install/examples_rclpy_minimal_service:/home/pan/ros2_humble/install/examples_rclpy_minimal_publisher:/home/pan/ros2_humble/install/examples_rclpy_minimal_client:/home/pan/ros2_humble/install/examples_rclpy_minimal_action_server:/home/pan/ros2_humble/install/examples_rclpy_minimal_action_client:/home/pan/ros2_humble/install/examples_rclpy_guard_conditions:/home/pan/ros2_humble/install/examples_rclpy_executors:/home/pan/ros2_humble/install/demo_nodes_py:/home/pan/ros2_humble/install/camera_info_manager_py:/home/pan/ros2_humble/install/action_tutorials_py:/home/pan/ros2_humble/install/ament_uncrustify:/home/pan/ros2_humble/install/tracetools_trace:/home/pan/ros2_humble/install/tracetools_read:/home/pan/ros2_humble/install/test_tracetools_launch:/home/pan/ros2_humble/install/test_launch_ros:/home/pan/ros2_humble/install/sensor_msgs_py:/home/pan/ros2_humble/install/rpyutils:/home/pan/ros2_humble/install/rosidl_runtime_py:/home/pan/ros2_humble/install/rosidl_cli:/home/pan/ros2_humble/install/launch_pytest:/home/pan/ros2_humble/install/launch_testing:/home/pan/ros2_humble/install/launch_yaml:/home/pan/ros2_humble/install/launch_xml:/home/pan/ros2_humble/install/launch:/home/pan/ros2_humble/install/osrf_pycommon:/home/pan/ros2_humble/install/domain_coordinator:/home/pan/ros2_humble/install/ament_xmllint:/home/pan/ros2_humble/install/ament_pyflakes:/home/pan/ros2_humble/install/ament_pycodestyle:/home/pan/ros2_humble/install/ament_pep257:/home/pan/ros2_humble/install/ament_pclint:/home/pan/ros2_humble/install/ament_package:/home/pan/ros2_humble/install/ament_mypy:/home/pan/ros2_humble/install/ament_lint_cmake:/home/pan/ros2_humble/install/ament_flake8:/home/pan/ros2_humble/install/ament_copyright:/home/pan/ros2_humble/install/ament_lint:/home/pan/ros2_humble/install/ament_index_python:/home/pan/ros2_humble/install/ament_cpplint:/home/pan/ros2_humble/install/ament_cppcheck:/home/pan/ros2_humble/install/ament_clang_tidy:/home/pan/ros2_humble/install/ament_clang_format:/opt/ros/humble /usr/bin/cmake --install /home/pan/ros2_ws/src/mobile/bluesea2/build/base
[1.999s] -- Install configuration: ""
[2.000s] -- Up-to-date: /home/pan/ros2_ws/src/mobile/bluesea2/install/base/share/ament_index/resource_index/rosidl_interfaces/base
[2.000s] -- Up-to-date: /home/pan/ros2_ws/src/mobile/bluesea2/install/base/include/base/base
[2.000s] -- Up-to-date: /home/pan/ros2_ws/src/mobile/bluesea2/install/base/include/base/base/msg
[2.001s] -- Up-to-date: /home/pan/ros2_ws/src/mobile/bluesea2/install/base/include/base/base/msg/rosidl_generator_c__visibility_control.h
[2.001s] -- Up-to-date: /home/pan/ros2_ws/src/mobile/bluesea2/install/base/include/base/base/srv
[2.001s] -- Up-to-date: /home/pan/ros2_ws/src/mobile/bluesea2/install/base/include/base/base/srv/detail
[2.002s] -- Up-to-date: /home/pan/ros2_ws/src/mobile/bluesea2/install/base/include/base/base/srv/detail/control__struct.h
[2.002s] -- Up-to-date: /home/pan/ros2_ws/src/mobile/bluesea2/install/base/include/base/base/srv/detail/control__functions.h
[2.002s] -- Up-to-date: /home/pan/ros2_ws/src/mobile/bluesea2/install/base/include/base/base/srv/detail/control__type_support.h
[2.002s] -- Up-to-date: /home/pan/ros2_ws/src/mobile/bluesea2/install/base/include/base/base/srv/detail/control__functions.c
[2.003s] -- Up-to-date: /home/pan/ros2_ws/src/mobile/bluesea2/install/base/include/base/base/srv/control.h
[2.003s] -- Up-to-date: /home/pan/ros2_ws/src/mobile/bluesea2/install/base/share/base/environment/library_path.sh
[2.003s] -- Up-to-date: /home/pan/ros2_ws/src/mobile/bluesea2/install/base/share/base/environment/library_path.dsv
[2.003s] -- Up-to-date: /home/pan/ros2_ws/src/mobile/bluesea2/install/base/lib/libbase__rosidl_generator_c.so
[2.004s] -- Up-to-date: /home/pan/ros2_ws/src/mobile/bluesea2/install/base/include/base/base
[2.004s] -- Up-to-date: /home/pan/ros2_ws/src/mobile/bluesea2/install/base/include/base/base/msg
[2.004s] -- Up-to-date: /home/pan/ros2_ws/src/mobile/bluesea2/install/base/include/base/base/msg/rosidl_typesupport_fastrtps_c__visibility_control.h
[2.004s] -- Up-to-date: /home/pan/ros2_ws/src/mobile/bluesea2/install/base/include/base/base/srv
[2.005s] -- Up-to-date: /home/pan/ros2_ws/src/mobile/bluesea2/install/base/include/base/base/srv/detail
[2.005s] -- Up-to-date: /home/pan/ros2_ws/src/mobile/bluesea2/install/base/include/base/base/srv/detail/control__rosidl_typesupport_fastrtps_c.h
[2.006s] -- Up-to-date: /home/pan/ros2_ws/src/mobile/bluesea2/install/base/lib/libbase__rosidl_typesupport_fastrtps_c.so
[2.006s] -- Up-to-date: /home/pan/ros2_ws/src/mobile/bluesea2/install/base/include/base/base
[2.006s] -- Up-to-date: /home/pan/ros2_ws/src/mobile/bluesea2/install/base/include/base/base/msg
[2.006s] -- Up-to-date: /home/pan/ros2_ws/src/mobile/bluesea2/install/base/include/base/base/msg/rosidl_generator_cpp__visibility_control.hpp
[2.006s] -- Up-to-date: /home/pan/ros2_ws/src/mobile/bluesea2/install/base/include/base/base/srv
[2.007s] -- Up-to-date: /home/pan/ros2_ws/src/mobile/bluesea2/install/base/include/base/base/srv/detail
[2.007s] -- Up-to-date: /home/pan/ros2_ws/src/mobile/bluesea2/install/base/include/base/base/srv/detail/control__builder.hpp
[2.007s] -- Up-to-date: /home/pan/ros2_ws/src/mobile/bluesea2/install/base/include/base/base/srv/detail/control__struct.hpp
[2.008s] -- Up-to-date: /home/pan/ros2_ws/src/mobile/bluesea2/install/base/include/base/base/srv/detail/control__traits.hpp
[2.008s] -- Up-to-date: /home/pan/ros2_ws/src/mobile/bluesea2/install/base/include/base/base/srv/detail/control__type_support.hpp
[2.008s] -- Up-to-date: /home/pan/ros2_ws/src/mobile/bluesea2/install/base/include/base/base/srv/control.hpp
[2.008s] -- Up-to-date: /home/pan/ros2_ws/src/mobile/bluesea2/install/base/include/base/base
[2.008s] -- Up-to-date: /home/pan/ros2_ws/src/mobile/bluesea2/install/base/include/base/base/msg
[2.008s] -- Up-to-date: /home/pan/ros2_ws/src/mobile/bluesea2/install/base/include/base/base/msg/rosidl_typesupport_fastrtps_cpp__visibility_control.h
[2.009s] -- Up-to-date: /home/pan/ros2_ws/src/mobile/bluesea2/install/base/include/base/base/srv
[2.009s] -- Up-to-date: /home/pan/ros2_ws/src/mobile/bluesea2/install/base/include/base/base/srv/detail
[2.009s] -- Up-to-date: /home/pan/ros2_ws/src/mobile/bluesea2/install/base/include/base/base/srv/detail/control__rosidl_typesupport_fastrtps_cpp.hpp
[2.009s] -- Up-to-date: /home/pan/ros2_ws/src/mobile/bluesea2/install/base/include/base/base/srv/detail/dds_fastrtps
[2.009s] -- Up-to-date: /home/pan/ros2_ws/src/mobile/bluesea2/install/base/lib/libbase__rosidl_typesupport_fastrtps_cpp.so
[2.009s] -- Up-to-date: /home/pan/ros2_ws/src/mobile/bluesea2/install/base/include/base/base
[2.010s] -- Up-to-date: /home/pan/ros2_ws/src/mobile/bluesea2/install/base/include/base/base/msg
[2.010s] -- Up-to-date: /home/pan/ros2_ws/src/mobile/bluesea2/install/base/include/base/base/msg/rosidl_typesupport_introspection_c__visibility_control.h
[2.010s] -- Up-to-date: /home/pan/ros2_ws/src/mobile/bluesea2/install/base/include/base/base/srv
[2.010s] -- Up-to-date: /home/pan/ros2_ws/src/mobile/bluesea2/install/base/include/base/base/srv/detail
[2.010s] -- Up-to-date: /home/pan/ros2_ws/src/mobile/bluesea2/install/base/include/base/base/srv/detail/control__type_support.c
[2.010s] -- Up-to-date: /home/pan/ros2_ws/src/mobile/bluesea2/install/base/include/base/base/srv/detail/control__rosidl_typesupport_introspection_c.h
[2.010s] -- Up-to-date: /home/pan/ros2_ws/src/mobile/bluesea2/install/base/lib/libbase__rosidl_typesupport_introspection_c.so
[2.010s] -- Up-to-date: /home/pan/ros2_ws/src/mobile/bluesea2/install/base/lib/libbase__rosidl_typesupport_c.so
[2.011s] -- Up-to-date: /home/pan/ros2_ws/src/mobile/bluesea2/install/base/include/base/base
[2.011s] -- Up-to-date: /home/pan/ros2_ws/src/mobile/bluesea2/install/base/include/base/base/srv
[2.011s] -- Up-to-date: /home/pan/ros2_ws/src/mobile/bluesea2/install/base/include/base/base/srv/detail
[2.011s] -- Up-to-date: /home/pan/ros2_ws/src/mobile/bluesea2/install/base/include/base/base/srv/detail/control__rosidl_typesupport_introspection_cpp.hpp
[2.011s] -- Up-to-date: /home/pan/ros2_ws/src/mobile/bluesea2/install/base/include/base/base/srv/detail/control__type_support.cpp
[2.011s] -- Up-to-date: /home/pan/ros2_ws/src/mobile/bluesea2/install/base/lib/libbase__rosidl_typesupport_introspection_cpp.so
[2.011s] -- Up-to-date: /home/pan/ros2_ws/src/mobile/bluesea2/install/base/lib/libbase__rosidl_typesupport_cpp.so
[2.011s] -- Up-to-date: /home/pan/ros2_ws/src/mobile/bluesea2/install/base/share/base/environment/pythonpath.sh
[2.012s] -- Up-to-date: /home/pan/ros2_ws/src/mobile/bluesea2/install/base/share/base/environment/pythonpath.dsv
[2.012s] -- Up-to-date: /home/pan/ros2_ws/src/mobile/bluesea2/install/base/local/lib/python3.10/dist-packages/base-0.0.0-py3.10.egg-info
[2.012s] -- Installing: /home/pan/ros2_ws/src/mobile/bluesea2/install/base/local/lib/python3.10/dist-packages/base-0.0.0-py3.10.egg-info/dependency_links.txt
[2.012s] -- Installing: /home/pan/ros2_ws/src/mobile/bluesea2/install/base/local/lib/python3.10/dist-packages/base-0.0.0-py3.10.egg-info/SOURCES.txt
[2.013s] -- Installing: /home/pan/ros2_ws/src/mobile/bluesea2/install/base/local/lib/python3.10/dist-packages/base-0.0.0-py3.10.egg-info/top_level.txt
[2.013s] -- Installing: /home/pan/ros2_ws/src/mobile/bluesea2/install/base/local/lib/python3.10/dist-packages/base-0.0.0-py3.10.egg-info/PKG-INFO
[2.013s] -- Up-to-date: /home/pan/ros2_ws/src/mobile/bluesea2/install/base/local/lib/python3.10/dist-packages/base
[2.013s] -- Up-to-date: /home/pan/ros2_ws/src/mobile/bluesea2/install/base/local/lib/python3.10/dist-packages/base/base_s__rosidl_typesupport_c.cpython-310-aarch64-linux-gnu.so
[2.013s] -- Up-to-date: /home/pan/ros2_ws/src/mobile/bluesea2/install/base/local/lib/python3.10/dist-packages/base/base_s__rosidl_typesupport_introspection_c.cpython-310-aarch64-linux-gnu.so
[2.013s] -- Up-to-date: /home/pan/ros2_ws/src/mobile/bluesea2/install/base/local/lib/python3.10/dist-packages/base/srv
[2.014s] -- Up-to-date: /home/pan/ros2_ws/src/mobile/bluesea2/install/base/local/lib/python3.10/dist-packages/base/srv/_control_s.c
[2.014s] -- Up-to-date: /home/pan/ros2_ws/src/mobile/bluesea2/install/base/local/lib/python3.10/dist-packages/base/srv/__init__.py
[2.014s] -- Up-to-date: /home/pan/ros2_ws/src/mobile/bluesea2/install/base/local/lib/python3.10/dist-packages/base/srv/_control.py
[2.014s] -- Up-to-date: /home/pan/ros2_ws/src/mobile/bluesea2/install/base/local/lib/python3.10/dist-packages/base/_base_s.ep.rosidl_typesupport_c.c
[2.014s] -- Up-to-date: /home/pan/ros2_ws/src/mobile/bluesea2/install/base/local/lib/python3.10/dist-packages/base/__init__.py
[2.014s] -- Up-to-date: /home/pan/ros2_ws/src/mobile/bluesea2/install/base/local/lib/python3.10/dist-packages/base/_base_s.ep.rosidl_typesupport_fastrtps_c.c
[2.014s] -- Up-to-date: /home/pan/ros2_ws/src/mobile/bluesea2/install/base/local/lib/python3.10/dist-packages/base/base_s__rosidl_typesupport_fastrtps_c.cpython-310-aarch64-linux-gnu.so
[2.015s] -- Up-to-date: /home/pan/ros2_ws/src/mobile/bluesea2/install/base/local/lib/python3.10/dist-packages/base/_base_s.ep.rosidl_typesupport_introspection_c.c
[2.015s] -- Up-to-date: /home/pan/ros2_ws/src/mobile/bluesea2/install/base/local/lib/python3.10/dist-packages/base/libbase__rosidl_generator_py.so
[2.351s] Listing '/home/pan/ros2_ws/src/mobile/bluesea2/install/base/local/lib/python3.10/dist-packages/base'...
[2.351s] Listing '/home/pan/ros2_ws/src/mobile/bluesea2/install/base/local/lib/python3.10/dist-packages/base/srv'...
[2.364s] -- Up-to-date: /home/pan/ros2_ws/src/mobile/bluesea2/install/base/local/lib/python3.10/dist-packages/base/base_s__rosidl_typesupport_introspection_c.cpython-310-aarch64-linux-gnu.so
[2.365s] -- Up-to-date: /home/pan/ros2_ws/src/mobile/bluesea2/install/base/local/lib/python3.10/dist-packages/base/base_s__rosidl_typesupport_fastrtps_c.cpython-310-aarch64-linux-gnu.so
[2.365s] -- Up-to-date: /home/pan/ros2_ws/src/mobile/bluesea2/install/base/local/lib/python3.10/dist-packages/base/base_s__rosidl_typesupport_c.cpython-310-aarch64-linux-gnu.so
[2.366s] -- Up-to-date: /home/pan/ros2_ws/src/mobile/bluesea2/install/base/lib/libbase__rosidl_generator_py.so
[2.366s] -- Up-to-date: /home/pan/ros2_ws/src/mobile/bluesea2/install/base/share/base/srv/Control.idl
[2.366s] -- Up-to-date: /home/pan/ros2_ws/src/mobile/bluesea2/install/base/share/base/srv/Control.srv
[2.367s] -- Up-to-date: /home/pan/ros2_ws/src/mobile/bluesea2/install/base/share/base/srv/Control_Request.msg
[2.367s] -- Up-to-date: /home/pan/ros2_ws/src/mobile/bluesea2/install/base/share/base/srv/Control_Response.msg
[2.367s] -- Up-to-date: /home/pan/ros2_ws/src/mobile/bluesea2/install/base/share/ament_index/resource_index/package_run_dependencies/base
[2.367s] -- Up-to-date: /home/pan/ros2_ws/src/mobile/bluesea2/install/base/share/ament_index/resource_index/parent_prefix_path/base
[2.367s] -- Up-to-date: /home/pan/ros2_ws/src/mobile/bluesea2/install/base/share/base/environment/ament_prefix_path.dsv
[2.367s] -- Up-to-date: /home/pan/ros2_ws/src/mobile/bluesea2/install/base/share/base/environment/path.dsv
[2.368s] -- Up-to-date: /home/pan/ros2_ws/src/mobile/bluesea2/install/base/share/base/local_setup.bash
[2.368s] -- Up-to-date: /home/pan/ros2_ws/src/mobile/bluesea2/install/base/share/base/local_setup.sh
[2.368s] -- Up-to-date: /home/pan/ros2_ws/src/mobile/bluesea2/install/base/share/base/local_setup.zsh
[2.368s] -- Up-to-date: /home/pan/ros2_ws/src/mobile/bluesea2/install/base/share/base/local_setup.dsv
[2.369s] -- Installing: /home/pan/ros2_ws/src/mobile/bluesea2/install/base/share/base/package.dsv
[2.369s] -- Up-to-date: /home/pan/ros2_ws/src/mobile/bluesea2/install/base/share/ament_index/resource_index/packages/base
[2.369s] -- Up-to-date: /home/pan/ros2_ws/src/mobile/bluesea2/install/base/share/base/cmake/export_base__rosidl_generator_cExport.cmake
[2.370s] -- Up-to-date: /home/pan/ros2_ws/src/mobile/bluesea2/install/base/share/base/cmake/export_base__rosidl_generator_cExport-noconfig.cmake
[2.370s] -- Up-to-date: /home/pan/ros2_ws/src/mobile/bluesea2/install/base/share/base/cmake/export_base__rosidl_typesupport_fastrtps_cExport.cmake
[2.370s] -- Up-to-date: /home/pan/ros2_ws/src/mobile/bluesea2/install/base/share/base/cmake/export_base__rosidl_typesupport_fastrtps_cExport-noconfig.cmake
[2.371s] -- Up-to-date: /home/pan/ros2_ws/src/mobile/bluesea2/install/base/share/base/cmake/export_base__rosidl_generator_cppExport.cmake
[2.371s] -- Up-to-date: /home/pan/ros2_ws/src/mobile/bluesea2/install/base/share/base/cmake/export_base__rosidl_typesupport_fastrtps_cppExport.cmake
[2.371s] -- Up-to-date: /home/pan/ros2_ws/src/mobile/bluesea2/install/base/share/base/cmake/export_base__rosidl_typesupport_fastrtps_cppExport-noconfig.cmake
[2.372s] -- Up-to-date: /home/pan/ros2_ws/src/mobile/bluesea2/install/base/share/base/cmake/base__rosidl_typesupport_introspection_cExport.cmake
[2.372s] -- Up-to-date: /home/pan/ros2_ws/src/mobile/bluesea2/install/base/share/base/cmake/base__rosidl_typesupport_introspection_cExport-noconfig.cmake
[2.372s] -- Up-to-date: /home/pan/ros2_ws/src/mobile/bluesea2/install/base/share/base/cmake/base__rosidl_typesupport_cExport.cmake
[2.373s] -- Up-to-date: /home/pan/ros2_ws/src/mobile/bluesea2/install/base/share/base/cmake/base__rosidl_typesupport_cExport-noconfig.cmake
[2.373s] -- Up-to-date: /home/pan/ros2_ws/src/mobile/bluesea2/install/base/share/base/cmake/base__rosidl_typesupport_introspection_cppExport.cmake
[2.373s] -- Up-to-date: /home/pan/ros2_ws/src/mobile/bluesea2/install/base/share/base/cmake/base__rosidl_typesupport_introspection_cppExport-noconfig.cmake
[2.374s] -- Up-to-date: /home/pan/ros2_ws/src/mobile/bluesea2/install/base/share/base/cmake/base__rosidl_typesupport_cppExport.cmake
[2.374s] -- Up-to-date: /home/pan/ros2_ws/src/mobile/bluesea2/install/base/share/base/cmake/base__rosidl_typesupport_cppExport-noconfig.cmake
[2.374s] -- Up-to-date: /home/pan/ros2_ws/src/mobile/bluesea2/install/base/share/base/cmake/export_base__rosidl_generator_pyExport.cmake
[2.375s] -- Up-to-date: /home/pan/ros2_ws/src/mobile/bluesea2/install/base/share/base/cmake/export_base__rosidl_generator_pyExport-noconfig.cmake
[2.375s] -- Up-to-date: /home/pan/ros2_ws/src/mobile/bluesea2/install/base/share/base/cmake/rosidl_cmake-extras.cmake
[2.375s] -- Up-to-date: /home/pan/ros2_ws/src/mobile/bluesea2/install/base/share/base/cmake/ament_cmake_export_include_directories-extras.cmake
[2.375s] -- Up-to-date: /home/pan/ros2_ws/src/mobile/bluesea2/install/base/share/base/cmake/ament_cmake_export_libraries-extras.cmake
[2.375s] -- Up-to-date: /home/pan/ros2_ws/src/mobile/bluesea2/install/base/share/base/cmake/ament_cmake_export_targets-extras.cmake
[2.376s] -- Up-to-date: /home/pan/ros2_ws/src/mobile/bluesea2/install/base/share/base/cmake/rosidl_cmake_export_typesupport_targets-extras.cmake
[2.376s] -- Up-to-date: /home/pan/ros2_ws/src/mobile/bluesea2/install/base/share/base/cmake/ament_cmake_export_dependencies-extras.cmake
[2.376s] -- Up-to-date: /home/pan/ros2_ws/src/mobile/bluesea2/install/base/share/base/cmake/rosidl_cmake_export_typesupport_libraries-extras.cmake
[2.376s] -- Up-to-date: /home/pan/ros2_ws/src/mobile/bluesea2/install/base/share/base/cmake/baseConfig.cmake
[2.376s] -- Up-to-date: /home/pan/ros2_ws/src/mobile/bluesea2/install/base/share/base/cmake/baseConfig-version.cmake
[2.376s] -- Up-to-date: /home/pan/ros2_ws/src/mobile/bluesea2/install/base/share/base/package.xml
[2.381s] Invoked command in '/home/pan/ros2_ws/src/mobile/bluesea2/build/base' returned '0': CMAKE_PREFIX_PATH=${CMAKE_PREFIX_PATH}:/home/pan/ros2_humble/install/rqt_bag_plugins:/home/pan/ros2_humble/install/rqt_bag:/home/pan/ros2_humble/install/launch_testing_examples:/home/pan/ros2_humble/install/ros2bag:/home/pan/ros2_humble/install/tracetools_test:/home/pan/ros2_humble/install/tracetools_launch:/home/pan/ros2_humble/install/topic_monitor:/home/pan/ros2_humble/install/tf2_tools:/home/pan/ros2_humble/install/examples_tf2_py:/home/pan/ros2_humble/install/tf2_ros_py:/home/pan/ros2_humble/install/sros2:/home/pan/ros2_humble/install/rqt_topic:/home/pan/ros2_humble/install/rqt_srv:/home/pan/ros2_humble/install/rqt_shell:/home/pan/ros2_humble/install/rqt_service_caller:/home/pan/ros2_humble/install/rqt_reconfigure:/home/pan/ros2_humble/install/rqt_py_console:/home/pan/ros2_humble/install/rqt_publisher:/home/pan/ros2_humble/install/rqt_plot:/home/pan/ros2_humble/install/rqt_action:/home/pan/ros2_humble/install/rqt_msg:/home/pan/ros2_humble/install/rqt_console:/home/pan/ros2_humble/install/rqt:/home/pan/ros2_humble/install/rqt_graph:/home/pan/ros2_humble/install/rqt_gui_py:/home/pan/ros2_humble/install/rqt_gui:/home/pan/ros2_humble/install/ros2trace:/home/pan/ros2_humble/install/ros2topic:/home/pan/ros2_humble/install/ros2test:/home/pan/ros2_humble/install/ros2component:/home/pan/ros2_humble/install/ros2param:/home/pan/ros2_humble/install/ros2lifecycle:/home/pan/ros2_humble/install/ros2service:/home/pan/ros2_humble/install/ros2run:/home/pan/ros2_humble/install/ros2plugin:/home/pan/ros2_humble/install/ros2launch:/home/pan/ros2_humble/install/ros2pkg:/home/pan/ros2_humble/install/ros2node:/home/pan/ros2_humble/install/ros2multicast:/home/pan/ros2_humble/install/ros2interface:/home/pan/ros2_humble/install/ros2doctor:/home/pan/ros2_humble/install/ros2action:/home/pan/ros2_humble/install/ros2cli:/home/pan/ros2_humble/install/quality_of_service_demo_py:/home/pan/ros2_humble/install/lifecycle_py:/home/pan/ros2_humble/install/launch_testing_ros:/home/pan/ros2_humble/install/launch_ros:/home/pan/ros2_humble/install/examples_rclpy_pointcloud_publisher:/home/pan/ros2_humble/install/examples_rclpy_minimal_subscriber:/home/pan/ros2_humble/install/examples_rclpy_minimal_service:/home/pan/ros2_humble/install/examples_rclpy_minimal_publisher:/home/pan/ros2_humble/install/examples_rclpy_minimal_client:/home/pan/ros2_humble/install/examples_rclpy_minimal_action_server:/home/pan/ros2_humble/install/examples_rclpy_minimal_action_client:/home/pan/ros2_humble/install/examples_rclpy_guard_conditions:/home/pan/ros2_humble/install/examples_rclpy_executors:/home/pan/ros2_humble/install/demo_nodes_py:/home/pan/ros2_humble/install/camera_info_manager_py:/home/pan/ros2_humble/install/action_tutorials_py:/home/pan/ros2_humble/install/ament_uncrustify:/home/pan/ros2_humble/install/tracetools_trace:/home/pan/ros2_humble/install/tracetools_read:/home/pan/ros2_humble/install/test_tracetools_launch:/home/pan/ros2_humble/install/test_launch_ros:/home/pan/ros2_humble/install/sensor_msgs_py:/home/pan/ros2_humble/install/rpyutils:/home/pan/ros2_humble/install/rosidl_runtime_py:/home/pan/ros2_humble/install/rosidl_cli:/home/pan/ros2_humble/install/launch_pytest:/home/pan/ros2_humble/install/launch_testing:/home/pan/ros2_humble/install/launch_yaml:/home/pan/ros2_humble/install/launch_xml:/home/pan/ros2_humble/install/launch:/home/pan/ros2_humble/install/osrf_pycommon:/home/pan/ros2_humble/install/domain_coordinator:/home/pan/ros2_humble/install/ament_xmllint:/home/pan/ros2_humble/install/ament_pyflakes:/home/pan/ros2_humble/install/ament_pycodestyle:/home/pan/ros2_humble/install/ament_pep257:/home/pan/ros2_humble/install/ament_pclint:/home/pan/ros2_humble/install/ament_package:/home/pan/ros2_humble/install/ament_mypy:/home/pan/ros2_humble/install/ament_lint_cmake:/home/pan/ros2_humble/install/ament_flake8:/home/pan/ros2_humble/install/ament_copyright:/home/pan/ros2_humble/install/ament_lint:/home/pan/ros2_humble/install/ament_index_python:/home/pan/ros2_humble/install/ament_cpplint:/home/pan/ros2_humble/install/ament_cppcheck:/home/pan/ros2_humble/install/ament_clang_tidy:/home/pan/ros2_humble/install/ament_clang_format:/opt/ros/humble /usr/bin/cmake --install /home/pan/ros2_ws/src/mobile/bluesea2/build/base
