[0.071s] Invoking command in '/home/pan/ros2_ws/src/mobile/bluesea2/build/base': CMAKE_PREFIX_PATH=${CMAKE_PREFIX_PATH}:/home/pan/ros2_humble/install/rqt_bag_plugins:/home/pan/ros2_humble/install/rqt_bag:/home/pan/ros2_humble/install/launch_testing_examples:/home/pan/ros2_humble/install/ros2bag:/home/pan/ros2_humble/install/tracetools_test:/home/pan/ros2_humble/install/tracetools_launch:/home/pan/ros2_humble/install/topic_monitor:/home/pan/ros2_humble/install/tf2_tools:/home/pan/ros2_humble/install/examples_tf2_py:/home/pan/ros2_humble/install/tf2_ros_py:/home/pan/ros2_humble/install/sros2:/home/pan/ros2_humble/install/rqt_topic:/home/pan/ros2_humble/install/rqt_srv:/home/pan/ros2_humble/install/rqt_shell:/home/pan/ros2_humble/install/rqt_service_caller:/home/pan/ros2_humble/install/rqt_reconfigure:/home/pan/ros2_humble/install/rqt_py_console:/home/pan/ros2_humble/install/rqt_publisher:/home/pan/ros2_humble/install/rqt_plot:/home/pan/ros2_humble/install/rqt_action:/home/pan/ros2_humble/install/rqt_msg:/home/pan/ros2_humble/install/rqt_console:/home/pan/ros2_humble/install/rqt:/home/pan/ros2_humble/install/rqt_graph:/home/pan/ros2_humble/install/rqt_gui_py:/home/pan/ros2_humble/install/rqt_gui:/home/pan/ros2_humble/install/ros2trace:/home/pan/ros2_humble/install/ros2topic:/home/pan/ros2_humble/install/ros2test:/home/pan/ros2_humble/install/ros2component:/home/pan/ros2_humble/install/ros2param:/home/pan/ros2_humble/install/ros2lifecycle:/home/pan/ros2_humble/install/ros2service:/home/pan/ros2_humble/install/ros2run:/home/pan/ros2_humble/install/ros2plugin:/home/pan/ros2_humble/install/ros2launch:/home/pan/ros2_humble/install/ros2pkg:/home/pan/ros2_humble/install/ros2node:/home/pan/ros2_humble/install/ros2multicast:/home/pan/ros2_humble/install/ros2interface:/home/pan/ros2_humble/install/ros2doctor:/home/pan/ros2_humble/install/ros2action:/home/pan/ros2_humble/install/ros2cli:/home/pan/ros2_humble/install/quality_of_service_demo_py:/home/pan/ros2_humble/install/lifecycle_py:/home/pan/ros2_humble/install/launch_testing_ros:/home/pan/ros2_humble/install/launch_ros:/home/pan/ros2_humble/install/examples_rclpy_pointcloud_publisher:/home/pan/ros2_humble/install/examples_rclpy_minimal_subscriber:/home/pan/ros2_humble/install/examples_rclpy_minimal_service:/home/pan/ros2_humble/install/examples_rclpy_minimal_publisher:/home/pan/ros2_humble/install/examples_rclpy_minimal_client:/home/pan/ros2_humble/install/examples_rclpy_minimal_action_server:/home/pan/ros2_humble/install/examples_rclpy_minimal_action_client:/home/pan/ros2_humble/install/examples_rclpy_guard_conditions:/home/pan/ros2_humble/install/examples_rclpy_executors:/home/pan/ros2_humble/install/demo_nodes_py:/home/pan/ros2_humble/install/camera_info_manager_py:/home/pan/ros2_humble/install/action_tutorials_py:/home/pan/ros2_humble/install/ament_uncrustify:/home/pan/ros2_humble/install/tracetools_trace:/home/pan/ros2_humble/install/tracetools_read:/home/pan/ros2_humble/install/test_tracetools_launch:/home/pan/ros2_humble/install/test_launch_ros:/home/pan/ros2_humble/install/sensor_msgs_py:/home/pan/ros2_humble/install/rpyutils:/home/pan/ros2_humble/install/rosidl_runtime_py:/home/pan/ros2_humble/install/rosidl_cli:/home/pan/ros2_humble/install/launch_pytest:/home/pan/ros2_humble/install/launch_testing:/home/pan/ros2_humble/install/launch_yaml:/home/pan/ros2_humble/install/launch_xml:/home/pan/ros2_humble/install/launch:/home/pan/ros2_humble/install/osrf_pycommon:/home/pan/ros2_humble/install/domain_coordinator:/home/pan/ros2_humble/install/ament_xmllint:/home/pan/ros2_humble/install/ament_pyflakes:/home/pan/ros2_humble/install/ament_pycodestyle:/home/pan/ros2_humble/install/ament_pep257:/home/pan/ros2_humble/install/ament_pclint:/home/pan/ros2_humble/install/ament_package:/home/pan/ros2_humble/install/ament_mypy:/home/pan/ros2_humble/install/ament_lint_cmake:/home/pan/ros2_humble/install/ament_flake8:/home/pan/ros2_humble/install/ament_copyright:/home/pan/ros2_humble/install/ament_lint:/home/pan/ros2_humble/install/ament_index_python:/home/pan/ros2_humble/install/ament_cpplint:/home/pan/ros2_humble/install/ament_cppcheck:/home/pan/ros2_humble/install/ament_clang_tidy:/home/pan/ros2_humble/install/ament_clang_format:/opt/ros/humble /usr/bin/cmake --build /home/pan/ros2_ws/src/mobile/bluesea2/build/base -- -j6 -l6
[0.321s] [  3%] Built target base__cpp
[0.322s] [ 12%] Built target base__rosidl_generator_c
[0.367s] [ 12%] Built target ament_cmake_python_copy_base
[0.412s] [ 22%] Built target base__rosidl_typesupport_cpp
[0.421s] [ 32%] Built target base__rosidl_typesupport_introspection_c
[0.426s] [ 51%] Built target base__rosidl_typesupport_c
[0.427s] [ 51%] Built target base__rosidl_typesupport_fastrtps_cpp
[0.438s] [ 61%] Built target base__rosidl_typesupport_introspection_cpp
[0.468s] [ 70%] Built target base__rosidl_typesupport_fastrtps_c
[0.571s] [ 70%] Built target base
[0.672s] [ 74%] Built target base__py
[0.782s] [ 80%] Built target base__rosidl_generator_py
[0.883s] [ 90%] Built target base__rosidl_typesupport_fastrtps_c__pyext
[0.883s] [ 93%] Built target base__rosidl_typesupport_c__pyext
[0.883s] [100%] Built target base__rosidl_typesupport_introspection_c__pyext
[1.344s] running egg_info
[1.345s] writing base.egg-info/PKG-INFO
[1.345s] writing dependency_links to base.egg-info/dependency_links.txt
[1.346s] writing top-level names to base.egg-info/top_level.txt
[1.349s] reading manifest file 'base.egg-info/SOURCES.txt'
[1.350s] writing manifest file 'base.egg-info/SOURCES.txt'
[1.441s] [100%] Built target ament_cmake_python_build_base_egg
[1.488s] Invoked command in '/home/pan/ros2_ws/src/mobile/bluesea2/build/base' returned '0': CMAKE_PREFIX_PATH=${CMAKE_PREFIX_PATH}:/home/pan/ros2_humble/install/rqt_bag_plugins:/home/pan/ros2_humble/install/rqt_bag:/home/pan/ros2_humble/install/launch_testing_examples:/home/pan/ros2_humble/install/ros2bag:/home/pan/ros2_humble/install/tracetools_test:/home/pan/ros2_humble/install/tracetools_launch:/home/pan/ros2_humble/install/topic_monitor:/home/pan/ros2_humble/install/tf2_tools:/home/pan/ros2_humble/install/examples_tf2_py:/home/pan/ros2_humble/install/tf2_ros_py:/home/pan/ros2_humble/install/sros2:/home/pan/ros2_humble/install/rqt_topic:/home/pan/ros2_humble/install/rqt_srv:/home/pan/ros2_humble/install/rqt_shell:/home/pan/ros2_humble/install/rqt_service_caller:/home/pan/ros2_humble/install/rqt_reconfigure:/home/pan/ros2_humble/install/rqt_py_console:/home/pan/ros2_humble/install/rqt_publisher:/home/pan/ros2_humble/install/rqt_plot:/home/pan/ros2_humble/install/rqt_action:/home/pan/ros2_humble/install/rqt_msg:/home/pan/ros2_humble/install/rqt_console:/home/pan/ros2_humble/install/rqt:/home/pan/ros2_humble/install/rqt_graph:/home/pan/ros2_humble/install/rqt_gui_py:/home/pan/ros2_humble/install/rqt_gui:/home/pan/ros2_humble/install/ros2trace:/home/pan/ros2_humble/install/ros2topic:/home/pan/ros2_humble/install/ros2test:/home/pan/ros2_humble/install/ros2component:/home/pan/ros2_humble/install/ros2param:/home/pan/ros2_humble/install/ros2lifecycle:/home/pan/ros2_humble/install/ros2service:/home/pan/ros2_humble/install/ros2run:/home/pan/ros2_humble/install/ros2plugin:/home/pan/ros2_humble/install/ros2launch:/home/pan/ros2_humble/install/ros2pkg:/home/pan/ros2_humble/install/ros2node:/home/pan/ros2_humble/install/ros2multicast:/home/pan/ros2_humble/install/ros2interface:/home/pan/ros2_humble/install/ros2doctor:/home/pan/ros2_humble/install/ros2action:/home/pan/ros2_humble/install/ros2cli:/home/pan/ros2_humble/install/quality_of_service_demo_py:/home/pan/ros2_humble/install/lifecycle_py:/home/pan/ros2_humble/install/launch_testing_ros:/home/pan/ros2_humble/install/launch_ros:/home/pan/ros2_humble/install/examples_rclpy_pointcloud_publisher:/home/pan/ros2_humble/install/examples_rclpy_minimal_subscriber:/home/pan/ros2_humble/install/examples_rclpy_minimal_service:/home/pan/ros2_humble/install/examples_rclpy_minimal_publisher:/home/pan/ros2_humble/install/examples_rclpy_minimal_client:/home/pan/ros2_humble/install/examples_rclpy_minimal_action_server:/home/pan/ros2_humble/install/examples_rclpy_minimal_action_client:/home/pan/ros2_humble/install/examples_rclpy_guard_conditions:/home/pan/ros2_humble/install/examples_rclpy_executors:/home/pan/ros2_humble/install/demo_nodes_py:/home/pan/ros2_humble/install/camera_info_manager_py:/home/pan/ros2_humble/install/action_tutorials_py:/home/pan/ros2_humble/install/ament_uncrustify:/home/pan/ros2_humble/install/tracetools_trace:/home/pan/ros2_humble/install/tracetools_read:/home/pan/ros2_humble/install/test_tracetools_launch:/home/pan/ros2_humble/install/test_launch_ros:/home/pan/ros2_humble/install/sensor_msgs_py:/home/pan/ros2_humble/install/rpyutils:/home/pan/ros2_humble/install/rosidl_runtime_py:/home/pan/ros2_humble/install/rosidl_cli:/home/pan/ros2_humble/install/launch_pytest:/home/pan/ros2_humble/install/launch_testing:/home/pan/ros2_humble/install/launch_yaml:/home/pan/ros2_humble/install/launch_xml:/home/pan/ros2_humble/install/launch:/home/pan/ros2_humble/install/osrf_pycommon:/home/pan/ros2_humble/install/domain_coordinator:/home/pan/ros2_humble/install/ament_xmllint:/home/pan/ros2_humble/install/ament_pyflakes:/home/pan/ros2_humble/install/ament_pycodestyle:/home/pan/ros2_humble/install/ament_pep257:/home/pan/ros2_humble/install/ament_pclint:/home/pan/ros2_humble/install/ament_package:/home/pan/ros2_humble/install/ament_mypy:/home/pan/ros2_humble/install/ament_lint_cmake:/home/pan/ros2_humble/install/ament_flake8:/home/pan/ros2_humble/install/ament_copyright:/home/pan/ros2_humble/install/ament_lint:/home/pan/ros2_humble/install/ament_index_python:/home/pan/ros2_humble/install/ament_cpplint:/home/pan/ros2_humble/install/ament_cppcheck:/home/pan/ros2_humble/install/ament_clang_tidy:/home/pan/ros2_humble/install/ament_clang_format:/opt/ros/humble /usr/bin/cmake --build /home/pan/ros2_ws/src/mobile/bluesea2/build/base -- -j6 -l6
[1.533s] Invoking command in '/home/pan/ros2_ws/src/mobile/bluesea2/build/base': CMAKE_PREFIX_PATH=${CMAKE_PREFIX_PATH}:/home/pan/ros2_humble/install/rqt_bag_plugins:/home/pan/ros2_humble/install/rqt_bag:/home/pan/ros2_humble/install/launch_testing_examples:/home/pan/ros2_humble/install/ros2bag:/home/pan/ros2_humble/install/tracetools_test:/home/pan/ros2_humble/install/tracetools_launch:/home/pan/ros2_humble/install/topic_monitor:/home/pan/ros2_humble/install/tf2_tools:/home/pan/ros2_humble/install/examples_tf2_py:/home/pan/ros2_humble/install/tf2_ros_py:/home/pan/ros2_humble/install/sros2:/home/pan/ros2_humble/install/rqt_topic:/home/pan/ros2_humble/install/rqt_srv:/home/pan/ros2_humble/install/rqt_shell:/home/pan/ros2_humble/install/rqt_service_caller:/home/pan/ros2_humble/install/rqt_reconfigure:/home/pan/ros2_humble/install/rqt_py_console:/home/pan/ros2_humble/install/rqt_publisher:/home/pan/ros2_humble/install/rqt_plot:/home/pan/ros2_humble/install/rqt_action:/home/pan/ros2_humble/install/rqt_msg:/home/pan/ros2_humble/install/rqt_console:/home/pan/ros2_humble/install/rqt:/home/pan/ros2_humble/install/rqt_graph:/home/pan/ros2_humble/install/rqt_gui_py:/home/pan/ros2_humble/install/rqt_gui:/home/pan/ros2_humble/install/ros2trace:/home/pan/ros2_humble/install/ros2topic:/home/pan/ros2_humble/install/ros2test:/home/pan/ros2_humble/install/ros2component:/home/pan/ros2_humble/install/ros2param:/home/pan/ros2_humble/install/ros2lifecycle:/home/pan/ros2_humble/install/ros2service:/home/pan/ros2_humble/install/ros2run:/home/pan/ros2_humble/install/ros2plugin:/home/pan/ros2_humble/install/ros2launch:/home/pan/ros2_humble/install/ros2pkg:/home/pan/ros2_humble/install/ros2node:/home/pan/ros2_humble/install/ros2multicast:/home/pan/ros2_humble/install/ros2interface:/home/pan/ros2_humble/install/ros2doctor:/home/pan/ros2_humble/install/ros2action:/home/pan/ros2_humble/install/ros2cli:/home/pan/ros2_humble/install/quality_of_service_demo_py:/home/pan/ros2_humble/install/lifecycle_py:/home/pan/ros2_humble/install/launch_testing_ros:/home/pan/ros2_humble/install/launch_ros:/home/pan/ros2_humble/install/examples_rclpy_pointcloud_publisher:/home/pan/ros2_humble/install/examples_rclpy_minimal_subscriber:/home/pan/ros2_humble/install/examples_rclpy_minimal_service:/home/pan/ros2_humble/install/examples_rclpy_minimal_publisher:/home/pan/ros2_humble/install/examples_rclpy_minimal_client:/home/pan/ros2_humble/install/examples_rclpy_minimal_action_server:/home/pan/ros2_humble/install/examples_rclpy_minimal_action_client:/home/pan/ros2_humble/install/examples_rclpy_guard_conditions:/home/pan/ros2_humble/install/examples_rclpy_executors:/home/pan/ros2_humble/install/demo_nodes_py:/home/pan/ros2_humble/install/camera_info_manager_py:/home/pan/ros2_humble/install/action_tutorials_py:/home/pan/ros2_humble/install/ament_uncrustify:/home/pan/ros2_humble/install/tracetools_trace:/home/pan/ros2_humble/install/tracetools_read:/home/pan/ros2_humble/install/test_tracetools_launch:/home/pan/ros2_humble/install/test_launch_ros:/home/pan/ros2_humble/install/sensor_msgs_py:/home/pan/ros2_humble/install/rpyutils:/home/pan/ros2_humble/install/rosidl_runtime_py:/home/pan/ros2_humble/install/rosidl_cli:/home/pan/ros2_humble/install/launch_pytest:/home/pan/ros2_humble/install/launch_testing:/home/pan/ros2_humble/install/launch_yaml:/home/pan/ros2_humble/install/launch_xml:/home/pan/ros2_humble/install/launch:/home/pan/ros2_humble/install/osrf_pycommon:/home/pan/ros2_humble/install/domain_coordinator:/home/pan/ros2_humble/install/ament_xmllint:/home/pan/ros2_humble/install/ament_pyflakes:/home/pan/ros2_humble/install/ament_pycodestyle:/home/pan/ros2_humble/install/ament_pep257:/home/pan/ros2_humble/install/ament_pclint:/home/pan/ros2_humble/install/ament_package:/home/pan/ros2_humble/install/ament_mypy:/home/pan/ros2_humble/install/ament_lint_cmake:/home/pan/ros2_humble/install/ament_flake8:/home/pan/ros2_humble/install/ament_copyright:/home/pan/ros2_humble/install/ament_lint:/home/pan/ros2_humble/install/ament_index_python:/home/pan/ros2_humble/install/ament_cpplint:/home/pan/ros2_humble/install/ament_cppcheck:/home/pan/ros2_humble/install/ament_clang_tidy:/home/pan/ros2_humble/install/ament_clang_format:/opt/ros/humble /usr/bin/cmake --install /home/pan/ros2_ws/src/mobile/bluesea2/build/base
[1.572s] -- Install configuration: ""
[1.572s] -- Up-to-date: /home/pan/ros2_ws/src/mobile/bluesea2/install/base/share/ament_index/resource_index/rosidl_interfaces/base
[1.572s] -- Up-to-date: /home/pan/ros2_ws/src/mobile/bluesea2/install/base/include/base/base
[1.572s] -- Up-to-date: /home/pan/ros2_ws/src/mobile/bluesea2/install/base/include/base/base/msg
[1.572s] -- Up-to-date: /home/pan/ros2_ws/src/mobile/bluesea2/install/base/include/base/base/msg/rosidl_generator_c__visibility_control.h
[1.573s] -- Up-to-date: /home/pan/ros2_ws/src/mobile/bluesea2/install/base/include/base/base/srv
[1.573s] -- Up-to-date: /home/pan/ros2_ws/src/mobile/bluesea2/install/base/include/base/base/srv/detail
[1.573s] -- Up-to-date: /home/pan/ros2_ws/src/mobile/bluesea2/install/base/include/base/base/srv/detail/control__struct.h
[1.573s] -- Up-to-date: /home/pan/ros2_ws/src/mobile/bluesea2/install/base/include/base/base/srv/detail/control__functions.h
[1.573s] -- Up-to-date: /home/pan/ros2_ws/src/mobile/bluesea2/install/base/include/base/base/srv/detail/control__type_support.h
[1.573s] -- Up-to-date: /home/pan/ros2_ws/src/mobile/bluesea2/install/base/include/base/base/srv/detail/control__functions.c
[1.574s] -- Up-to-date: /home/pan/ros2_ws/src/mobile/bluesea2/install/base/include/base/base/srv/control.h
[1.574s] -- Up-to-date: /home/pan/ros2_ws/src/mobile/bluesea2/install/base/share/base/environment/library_path.sh
[1.574s] -- Up-to-date: /home/pan/ros2_ws/src/mobile/bluesea2/install/base/share/base/environment/library_path.dsv
[1.574s] -- Up-to-date: /home/pan/ros2_ws/src/mobile/bluesea2/install/base/lib/libbase__rosidl_generator_c.so
[1.574s] -- Up-to-date: /home/pan/ros2_ws/src/mobile/bluesea2/install/base/include/base/base
[1.575s] -- Up-to-date: /home/pan/ros2_ws/src/mobile/bluesea2/install/base/include/base/base/msg
[1.575s] -- Up-to-date: /home/pan/ros2_ws/src/mobile/bluesea2/install/base/include/base/base/msg/rosidl_typesupport_fastrtps_c__visibility_control.h
[1.575s] -- Up-to-date: /home/pan/ros2_ws/src/mobile/bluesea2/install/base/include/base/base/srv
[1.575s] -- Up-to-date: /home/pan/ros2_ws/src/mobile/bluesea2/install/base/include/base/base/srv/detail
[1.575s] -- Up-to-date: /home/pan/ros2_ws/src/mobile/bluesea2/install/base/include/base/base/srv/detail/control__rosidl_typesupport_fastrtps_c.h
[1.576s] -- Up-to-date: /home/pan/ros2_ws/src/mobile/bluesea2/install/base/lib/libbase__rosidl_typesupport_fastrtps_c.so
[1.576s] -- Up-to-date: /home/pan/ros2_ws/src/mobile/bluesea2/install/base/include/base/base
[1.576s] -- Up-to-date: /home/pan/ros2_ws/src/mobile/bluesea2/install/base/include/base/base/msg
[1.576s] -- Up-to-date: /home/pan/ros2_ws/src/mobile/bluesea2/install/base/include/base/base/msg/rosidl_generator_cpp__visibility_control.hpp
[1.576s] -- Up-to-date: /home/pan/ros2_ws/src/mobile/bluesea2/install/base/include/base/base/srv
[1.576s] -- Up-to-date: /home/pan/ros2_ws/src/mobile/bluesea2/install/base/include/base/base/srv/detail
[1.577s] -- Up-to-date: /home/pan/ros2_ws/src/mobile/bluesea2/install/base/include/base/base/srv/detail/control__builder.hpp
[1.577s] -- Up-to-date: /home/pan/ros2_ws/src/mobile/bluesea2/install/base/include/base/base/srv/detail/control__struct.hpp
[1.577s] -- Up-to-date: /home/pan/ros2_ws/src/mobile/bluesea2/install/base/include/base/base/srv/detail/control__traits.hpp
[1.577s] -- Up-to-date: /home/pan/ros2_ws/src/mobile/bluesea2/install/base/include/base/base/srv/detail/control__type_support.hpp
[1.577s] -- Up-to-date: /home/pan/ros2_ws/src/mobile/bluesea2/install/base/include/base/base/srv/control.hpp
[1.577s] -- Up-to-date: /home/pan/ros2_ws/src/mobile/bluesea2/install/base/include/base/base
[1.577s] -- Up-to-date: /home/pan/ros2_ws/src/mobile/bluesea2/install/base/include/base/base/msg
[1.578s] -- Up-to-date: /home/pan/ros2_ws/src/mobile/bluesea2/install/base/include/base/base/msg/rosidl_typesupport_fastrtps_cpp__visibility_control.h
[1.578s] -- Up-to-date: /home/pan/ros2_ws/src/mobile/bluesea2/install/base/include/base/base/srv
[1.578s] -- Up-to-date: /home/pan/ros2_ws/src/mobile/bluesea2/install/base/include/base/base/srv/detail
[1.578s] -- Up-to-date: /home/pan/ros2_ws/src/mobile/bluesea2/install/base/include/base/base/srv/detail/control__rosidl_typesupport_fastrtps_cpp.hpp
[1.578s] -- Up-to-date: /home/pan/ros2_ws/src/mobile/bluesea2/install/base/include/base/base/srv/detail/dds_fastrtps
[1.578s] -- Up-to-date: /home/pan/ros2_ws/src/mobile/bluesea2/install/base/lib/libbase__rosidl_typesupport_fastrtps_cpp.so
[1.579s] -- Up-to-date: /home/pan/ros2_ws/src/mobile/bluesea2/install/base/include/base/base
[1.579s] -- Up-to-date: /home/pan/ros2_ws/src/mobile/bluesea2/install/base/include/base/base/msg
[1.579s] -- Up-to-date: /home/pan/ros2_ws/src/mobile/bluesea2/install/base/include/base/base/msg/rosidl_typesupport_introspection_c__visibility_control.h
[1.579s] -- Up-to-date: /home/pan/ros2_ws/src/mobile/bluesea2/install/base/include/base/base/srv
[1.579s] -- Up-to-date: /home/pan/ros2_ws/src/mobile/bluesea2/install/base/include/base/base/srv/detail
[1.580s] -- Up-to-date: /home/pan/ros2_ws/src/mobile/bluesea2/install/base/include/base/base/srv/detail/control__type_support.c
[1.580s] -- Up-to-date: /home/pan/ros2_ws/src/mobile/bluesea2/install/base/include/base/base/srv/detail/control__rosidl_typesupport_introspection_c.h
[1.580s] -- Up-to-date: /home/pan/ros2_ws/src/mobile/bluesea2/install/base/lib/libbase__rosidl_typesupport_introspection_c.so
[1.580s] -- Up-to-date: /home/pan/ros2_ws/src/mobile/bluesea2/install/base/lib/libbase__rosidl_typesupport_c.so
[1.580s] -- Up-to-date: /home/pan/ros2_ws/src/mobile/bluesea2/install/base/include/base/base
[1.580s] -- Up-to-date: /home/pan/ros2_ws/src/mobile/bluesea2/install/base/include/base/base/srv
[1.580s] -- Up-to-date: /home/pan/ros2_ws/src/mobile/bluesea2/install/base/include/base/base/srv/detail
[1.581s] -- Up-to-date: /home/pan/ros2_ws/src/mobile/bluesea2/install/base/include/base/base/srv/detail/control__rosidl_typesupport_introspection_cpp.hpp
[1.581s] -- Up-to-date: /home/pan/ros2_ws/src/mobile/bluesea2/install/base/include/base/base/srv/detail/control__type_support.cpp
[1.581s] -- Up-to-date: /home/pan/ros2_ws/src/mobile/bluesea2/install/base/lib/libbase__rosidl_typesupport_introspection_cpp.so
[1.581s] -- Up-to-date: /home/pan/ros2_ws/src/mobile/bluesea2/install/base/lib/libbase__rosidl_typesupport_cpp.so
[1.581s] -- Up-to-date: /home/pan/ros2_ws/src/mobile/bluesea2/install/base/share/base/environment/pythonpath.sh
[1.581s] -- Up-to-date: /home/pan/ros2_ws/src/mobile/bluesea2/install/base/share/base/environment/pythonpath.dsv
[1.581s] -- Up-to-date: /home/pan/ros2_ws/src/mobile/bluesea2/install/base/local/lib/python3.10/dist-packages/base-0.0.0-py3.10.egg-info
[1.581s] -- Installing: /home/pan/ros2_ws/src/mobile/bluesea2/install/base/local/lib/python3.10/dist-packages/base-0.0.0-py3.10.egg-info/dependency_links.txt
[1.582s] -- Installing: /home/pan/ros2_ws/src/mobile/bluesea2/install/base/local/lib/python3.10/dist-packages/base-0.0.0-py3.10.egg-info/SOURCES.txt
[1.582s] -- Installing: /home/pan/ros2_ws/src/mobile/bluesea2/install/base/local/lib/python3.10/dist-packages/base-0.0.0-py3.10.egg-info/top_level.txt
[1.582s] -- Installing: /home/pan/ros2_ws/src/mobile/bluesea2/install/base/local/lib/python3.10/dist-packages/base-0.0.0-py3.10.egg-info/PKG-INFO
[1.582s] -- Up-to-date: /home/pan/ros2_ws/src/mobile/bluesea2/install/base/local/lib/python3.10/dist-packages/base
[1.582s] -- Up-to-date: /home/pan/ros2_ws/src/mobile/bluesea2/install/base/local/lib/python3.10/dist-packages/base/base_s__rosidl_typesupport_c.cpython-310-aarch64-linux-gnu.so
[1.582s] -- Up-to-date: /home/pan/ros2_ws/src/mobile/bluesea2/install/base/local/lib/python3.10/dist-packages/base/base_s__rosidl_typesupport_introspection_c.cpython-310-aarch64-linux-gnu.so
[1.582s] -- Up-to-date: /home/pan/ros2_ws/src/mobile/bluesea2/install/base/local/lib/python3.10/dist-packages/base/srv
[1.582s] -- Up-to-date: /home/pan/ros2_ws/src/mobile/bluesea2/install/base/local/lib/python3.10/dist-packages/base/srv/_control_s.c
[1.583s] -- Up-to-date: /home/pan/ros2_ws/src/mobile/bluesea2/install/base/local/lib/python3.10/dist-packages/base/srv/__init__.py
[1.583s] -- Up-to-date: /home/pan/ros2_ws/src/mobile/bluesea2/install/base/local/lib/python3.10/dist-packages/base/srv/_control.py
[1.583s] -- Up-to-date: /home/pan/ros2_ws/src/mobile/bluesea2/install/base/local/lib/python3.10/dist-packages/base/_base_s.ep.rosidl_typesupport_c.c
[1.583s] -- Up-to-date: /home/pan/ros2_ws/src/mobile/bluesea2/install/base/local/lib/python3.10/dist-packages/base/__init__.py
[1.583s] -- Up-to-date: /home/pan/ros2_ws/src/mobile/bluesea2/install/base/local/lib/python3.10/dist-packages/base/_base_s.ep.rosidl_typesupport_fastrtps_c.c
[1.583s] -- Up-to-date: /home/pan/ros2_ws/src/mobile/bluesea2/install/base/local/lib/python3.10/dist-packages/base/base_s__rosidl_typesupport_fastrtps_c.cpython-310-aarch64-linux-gnu.so
[1.583s] -- Up-to-date: /home/pan/ros2_ws/src/mobile/bluesea2/install/base/local/lib/python3.10/dist-packages/base/_base_s.ep.rosidl_typesupport_introspection_c.c
[1.583s] -- Up-to-date: /home/pan/ros2_ws/src/mobile/bluesea2/install/base/local/lib/python3.10/dist-packages/base/libbase__rosidl_generator_py.so
[1.851s] Listing '/home/pan/ros2_ws/src/mobile/bluesea2/install/base/local/lib/python3.10/dist-packages/base'...
[1.852s] Listing '/home/pan/ros2_ws/src/mobile/bluesea2/install/base/local/lib/python3.10/dist-packages/base/srv'...
[1.861s] -- Up-to-date: /home/pan/ros2_ws/src/mobile/bluesea2/install/base/local/lib/python3.10/dist-packages/base/base_s__rosidl_typesupport_introspection_c.cpython-310-aarch64-linux-gnu.so
[1.862s] -- Up-to-date: /home/pan/ros2_ws/src/mobile/bluesea2/install/base/local/lib/python3.10/dist-packages/base/base_s__rosidl_typesupport_fastrtps_c.cpython-310-aarch64-linux-gnu.so
[1.862s] -- Up-to-date: /home/pan/ros2_ws/src/mobile/bluesea2/install/base/local/lib/python3.10/dist-packages/base/base_s__rosidl_typesupport_c.cpython-310-aarch64-linux-gnu.so
[1.863s] -- Up-to-date: /home/pan/ros2_ws/src/mobile/bluesea2/install/base/lib/libbase__rosidl_generator_py.so
[1.863s] -- Up-to-date: /home/pan/ros2_ws/src/mobile/bluesea2/install/base/share/base/srv/Control.idl
[1.863s] -- Up-to-date: /home/pan/ros2_ws/src/mobile/bluesea2/install/base/share/base/srv/Control.srv
[1.864s] -- Up-to-date: /home/pan/ros2_ws/src/mobile/bluesea2/install/base/share/base/srv/Control_Request.msg
[1.864s] -- Up-to-date: /home/pan/ros2_ws/src/mobile/bluesea2/install/base/share/base/srv/Control_Response.msg
[1.864s] -- Up-to-date: /home/pan/ros2_ws/src/mobile/bluesea2/install/base/share/ament_index/resource_index/package_run_dependencies/base
[1.864s] -- Up-to-date: /home/pan/ros2_ws/src/mobile/bluesea2/install/base/share/ament_index/resource_index/parent_prefix_path/base
[1.865s] -- Up-to-date: /home/pan/ros2_ws/src/mobile/bluesea2/install/base/share/base/environment/ament_prefix_path.dsv
[1.865s] -- Up-to-date: /home/pan/ros2_ws/src/mobile/bluesea2/install/base/share/base/environment/path.dsv
[1.865s] -- Up-to-date: /home/pan/ros2_ws/src/mobile/bluesea2/install/base/share/base/local_setup.bash
[1.866s] -- Up-to-date: /home/pan/ros2_ws/src/mobile/bluesea2/install/base/share/base/local_setup.sh
[1.866s] -- Up-to-date: /home/pan/ros2_ws/src/mobile/bluesea2/install/base/share/base/local_setup.zsh
[1.866s] -- Up-to-date: /home/pan/ros2_ws/src/mobile/bluesea2/install/base/share/base/local_setup.dsv
[1.867s] -- Installing: /home/pan/ros2_ws/src/mobile/bluesea2/install/base/share/base/package.dsv
[1.867s] -- Up-to-date: /home/pan/ros2_ws/src/mobile/bluesea2/install/base/share/ament_index/resource_index/packages/base
[1.867s] -- Up-to-date: /home/pan/ros2_ws/src/mobile/bluesea2/install/base/share/base/cmake/export_base__rosidl_generator_cExport.cmake
[1.867s] -- Up-to-date: /home/pan/ros2_ws/src/mobile/bluesea2/install/base/share/base/cmake/export_base__rosidl_generator_cExport-noconfig.cmake
[1.868s] -- Up-to-date: /home/pan/ros2_ws/src/mobile/bluesea2/install/base/share/base/cmake/export_base__rosidl_typesupport_fastrtps_cExport.cmake
[1.868s] -- Up-to-date: /home/pan/ros2_ws/src/mobile/bluesea2/install/base/share/base/cmake/export_base__rosidl_typesupport_fastrtps_cExport-noconfig.cmake
[1.868s] -- Up-to-date: /home/pan/ros2_ws/src/mobile/bluesea2/install/base/share/base/cmake/export_base__rosidl_generator_cppExport.cmake
[1.868s] -- Up-to-date: /home/pan/ros2_ws/src/mobile/bluesea2/install/base/share/base/cmake/export_base__rosidl_typesupport_fastrtps_cppExport.cmake
[1.869s] -- Up-to-date: /home/pan/ros2_ws/src/mobile/bluesea2/install/base/share/base/cmake/export_base__rosidl_typesupport_fastrtps_cppExport-noconfig.cmake
[1.869s] -- Up-to-date: /home/pan/ros2_ws/src/mobile/bluesea2/install/base/share/base/cmake/base__rosidl_typesupport_introspection_cExport.cmake
[1.869s] -- Up-to-date: /home/pan/ros2_ws/src/mobile/bluesea2/install/base/share/base/cmake/base__rosidl_typesupport_introspection_cExport-noconfig.cmake
[1.869s] -- Up-to-date: /home/pan/ros2_ws/src/mobile/bluesea2/install/base/share/base/cmake/base__rosidl_typesupport_cExport.cmake
[1.869s] -- Up-to-date: /home/pan/ros2_ws/src/mobile/bluesea2/install/base/share/base/cmake/base__rosidl_typesupport_cExport-noconfig.cmake
[1.870s] -- Up-to-date: /home/pan/ros2_ws/src/mobile/bluesea2/install/base/share/base/cmake/base__rosidl_typesupport_introspection_cppExport.cmake
[1.870s] -- Up-to-date: /home/pan/ros2_ws/src/mobile/bluesea2/install/base/share/base/cmake/base__rosidl_typesupport_introspection_cppExport-noconfig.cmake
[1.870s] -- Up-to-date: /home/pan/ros2_ws/src/mobile/bluesea2/install/base/share/base/cmake/base__rosidl_typesupport_cppExport.cmake
[1.871s] -- Up-to-date: /home/pan/ros2_ws/src/mobile/bluesea2/install/base/share/base/cmake/base__rosidl_typesupport_cppExport-noconfig.cmake
[1.872s] -- Up-to-date: /home/pan/ros2_ws/src/mobile/bluesea2/install/base/share/base/cmake/export_base__rosidl_generator_pyExport.cmake
[1.873s] -- Up-to-date: /home/pan/ros2_ws/src/mobile/bluesea2/install/base/share/base/cmake/export_base__rosidl_generator_pyExport-noconfig.cmake
[1.874s] -- Up-to-date: /home/pan/ros2_ws/src/mobile/bluesea2/install/base/share/base/cmake/rosidl_cmake-extras.cmake
[1.875s] -- Up-to-date: /home/pan/ros2_ws/src/mobile/bluesea2/install/base/share/base/cmake/ament_cmake_export_include_directories-extras.cmake
[1.875s] -- Up-to-date: /home/pan/ros2_ws/src/mobile/bluesea2/install/base/share/base/cmake/ament_cmake_export_libraries-extras.cmake
[1.876s] -- Up-to-date: /home/pan/ros2_ws/src/mobile/bluesea2/install/base/share/base/cmake/ament_cmake_export_targets-extras.cmake
[1.876s] -- Up-to-date: /home/pan/ros2_ws/src/mobile/bluesea2/install/base/share/base/cmake/rosidl_cmake_export_typesupport_targets-extras.cmake
[1.877s] -- Up-to-date: /home/pan/ros2_ws/src/mobile/bluesea2/install/base/share/base/cmake/ament_cmake_export_dependencies-extras.cmake
[1.877s] -- Up-to-date: /home/pan/ros2_ws/src/mobile/bluesea2/install/base/share/base/cmake/rosidl_cmake_export_typesupport_libraries-extras.cmake
[1.878s] -- Up-to-date: /home/pan/ros2_ws/src/mobile/bluesea2/install/base/share/base/cmake/baseConfig.cmake
[1.878s] -- Up-to-date: /home/pan/ros2_ws/src/mobile/bluesea2/install/base/share/base/cmake/baseConfig-version.cmake
[1.879s] -- Up-to-date: /home/pan/ros2_ws/src/mobile/bluesea2/install/base/share/base/package.xml
[1.880s] Invoked command in '/home/pan/ros2_ws/src/mobile/bluesea2/build/base' returned '0': CMAKE_PREFIX_PATH=${CMAKE_PREFIX_PATH}:/home/pan/ros2_humble/install/rqt_bag_plugins:/home/pan/ros2_humble/install/rqt_bag:/home/pan/ros2_humble/install/launch_testing_examples:/home/pan/ros2_humble/install/ros2bag:/home/pan/ros2_humble/install/tracetools_test:/home/pan/ros2_humble/install/tracetools_launch:/home/pan/ros2_humble/install/topic_monitor:/home/pan/ros2_humble/install/tf2_tools:/home/pan/ros2_humble/install/examples_tf2_py:/home/pan/ros2_humble/install/tf2_ros_py:/home/pan/ros2_humble/install/sros2:/home/pan/ros2_humble/install/rqt_topic:/home/pan/ros2_humble/install/rqt_srv:/home/pan/ros2_humble/install/rqt_shell:/home/pan/ros2_humble/install/rqt_service_caller:/home/pan/ros2_humble/install/rqt_reconfigure:/home/pan/ros2_humble/install/rqt_py_console:/home/pan/ros2_humble/install/rqt_publisher:/home/pan/ros2_humble/install/rqt_plot:/home/pan/ros2_humble/install/rqt_action:/home/pan/ros2_humble/install/rqt_msg:/home/pan/ros2_humble/install/rqt_console:/home/pan/ros2_humble/install/rqt:/home/pan/ros2_humble/install/rqt_graph:/home/pan/ros2_humble/install/rqt_gui_py:/home/pan/ros2_humble/install/rqt_gui:/home/pan/ros2_humble/install/ros2trace:/home/pan/ros2_humble/install/ros2topic:/home/pan/ros2_humble/install/ros2test:/home/pan/ros2_humble/install/ros2component:/home/pan/ros2_humble/install/ros2param:/home/pan/ros2_humble/install/ros2lifecycle:/home/pan/ros2_humble/install/ros2service:/home/pan/ros2_humble/install/ros2run:/home/pan/ros2_humble/install/ros2plugin:/home/pan/ros2_humble/install/ros2launch:/home/pan/ros2_humble/install/ros2pkg:/home/pan/ros2_humble/install/ros2node:/home/pan/ros2_humble/install/ros2multicast:/home/pan/ros2_humble/install/ros2interface:/home/pan/ros2_humble/install/ros2doctor:/home/pan/ros2_humble/install/ros2action:/home/pan/ros2_humble/install/ros2cli:/home/pan/ros2_humble/install/quality_of_service_demo_py:/home/pan/ros2_humble/install/lifecycle_py:/home/pan/ros2_humble/install/launch_testing_ros:/home/pan/ros2_humble/install/launch_ros:/home/pan/ros2_humble/install/examples_rclpy_pointcloud_publisher:/home/pan/ros2_humble/install/examples_rclpy_minimal_subscriber:/home/pan/ros2_humble/install/examples_rclpy_minimal_service:/home/pan/ros2_humble/install/examples_rclpy_minimal_publisher:/home/pan/ros2_humble/install/examples_rclpy_minimal_client:/home/pan/ros2_humble/install/examples_rclpy_minimal_action_server:/home/pan/ros2_humble/install/examples_rclpy_minimal_action_client:/home/pan/ros2_humble/install/examples_rclpy_guard_conditions:/home/pan/ros2_humble/install/examples_rclpy_executors:/home/pan/ros2_humble/install/demo_nodes_py:/home/pan/ros2_humble/install/camera_info_manager_py:/home/pan/ros2_humble/install/action_tutorials_py:/home/pan/ros2_humble/install/ament_uncrustify:/home/pan/ros2_humble/install/tracetools_trace:/home/pan/ros2_humble/install/tracetools_read:/home/pan/ros2_humble/install/test_tracetools_launch:/home/pan/ros2_humble/install/test_launch_ros:/home/pan/ros2_humble/install/sensor_msgs_py:/home/pan/ros2_humble/install/rpyutils:/home/pan/ros2_humble/install/rosidl_runtime_py:/home/pan/ros2_humble/install/rosidl_cli:/home/pan/ros2_humble/install/launch_pytest:/home/pan/ros2_humble/install/launch_testing:/home/pan/ros2_humble/install/launch_yaml:/home/pan/ros2_humble/install/launch_xml:/home/pan/ros2_humble/install/launch:/home/pan/ros2_humble/install/osrf_pycommon:/home/pan/ros2_humble/install/domain_coordinator:/home/pan/ros2_humble/install/ament_xmllint:/home/pan/ros2_humble/install/ament_pyflakes:/home/pan/ros2_humble/install/ament_pycodestyle:/home/pan/ros2_humble/install/ament_pep257:/home/pan/ros2_humble/install/ament_pclint:/home/pan/ros2_humble/install/ament_package:/home/pan/ros2_humble/install/ament_mypy:/home/pan/ros2_humble/install/ament_lint_cmake:/home/pan/ros2_humble/install/ament_flake8:/home/pan/ros2_humble/install/ament_copyright:/home/pan/ros2_humble/install/ament_lint:/home/pan/ros2_humble/install/ament_index_python:/home/pan/ros2_humble/install/ament_cpplint:/home/pan/ros2_humble/install/ament_cppcheck:/home/pan/ros2_humble/install/ament_clang_tidy:/home/pan/ros2_humble/install/ament_clang_format:/opt/ros/humble /usr/bin/cmake --install /home/pan/ros2_ws/src/mobile/bluesea2/build/base
