-- Install configuration: ""
-- Up-to-date: /home/pan/ros2_ws/src/install/mobile/share/mobile/launch
-- Up-to-date: /home/pan/ros2_ws/src/install/mobile/share/mobile/launch/spawn_obstacles.launch.py
-- Up-to-date: /home/pan/ros2_ws/src/install/mobile/share/mobile/launch/agv.launch.py
-- Up-to-date: /home/pan/ros2_ws/src/install/mobile/share/mobile/launch/setup.launch.py
-- Up-to-date: /home/pan/ros2_ws/src/install/mobile/share/mobile/launch/gazebo.launch.py
-- Up-to-date: /home/pan/ros2_ws/src/install/mobile/share/mobile/launch/nav2.launch.py
-- Up-to-date: /home/pan/ros2_ws/src/install/mobile/share/mobile/launch/display.launch
-- Up-to-date: /home/pan/ros2_ws/src/install/mobile/share/mobile/launch/display.launch.py
-- Up-to-date: /home/pan/ros2_ws/src/install/mobile/share/mobile/launch/gazebo.launch
-- Up-to-date: /home/pan/ros2_ws/src/install/mobile/share/mobile/urdf
-- Up-to-date: /home/pan/ros2_ws/src/install/mobile/share/mobile/urdf/mobile.csv
-- Up-to-date: /home/pan/ros2_ws/src/install/mobile/share/mobile/urdf/mobile.urdf
-- Up-to-date: /home/pan/ros2_ws/src/install/mobile/share/mobile/meshes
-- Up-to-date: /home/pan/ros2_ws/src/install/mobile/share/mobile/meshes/truoctrai_tren.STL
-- Up-to-date: /home/pan/ros2_ws/src/install/mobile/share/mobile/meshes/laser.STL
-- Up-to-date: /home/pan/ros2_ws/src/install/mobile/share/mobile/meshes/imu.STL
-- Up-to-date: /home/pan/ros2_ws/src/install/mobile/share/mobile/meshes/left_wheel.STL
-- Up-to-date: /home/pan/ros2_ws/src/install/mobile/share/mobile/meshes/base_footprint.STL
-- Up-to-date: /home/pan/ros2_ws/src/install/mobile/share/mobile/meshes/truoctrai_duoi.STL
-- Up-to-date: /home/pan/ros2_ws/src/install/mobile/share/mobile/meshes/right_wheel.STL
-- Up-to-date: /home/pan/ros2_ws/src/install/mobile/share/mobile/meshes/truocphai_tren.STL
-- Up-to-date: /home/pan/ros2_ws/src/install/mobile/share/mobile/meshes/phaisau_tren.STL
-- Up-to-date: /home/pan/ros2_ws/src/install/mobile/share/mobile/meshes/phaisau_duoi.STL
-- Up-to-date: /home/pan/ros2_ws/src/install/mobile/share/mobile/meshes/traisau_tren.STL
-- Up-to-date: /home/pan/ros2_ws/src/install/mobile/share/mobile/meshes/base_link.STL
-- Up-to-date: /home/pan/ros2_ws/src/install/mobile/share/mobile/meshes/truocphai_duoi.STL
-- Up-to-date: /home/pan/ros2_ws/src/install/mobile/share/mobile/meshes/traisau_duoi.STL
-- Up-to-date: /home/pan/ros2_ws/src/install/mobile/share/mobile/config
-- Up-to-date: /home/pan/ros2_ws/src/install/mobile/share/mobile/config/nav2_params.yaml
-- Installing: /home/pan/ros2_ws/src/install/mobile/share/mobile/config/ekf.yaml
-- Up-to-date: /home/pan/ros2_ws/src/install/mobile/share/mobile/map
-- Up-to-date: /home/pan/ros2_ws/src/install/mobile/share/mobile/map/map.yaml
-- Up-to-date: /home/pan/ros2_ws/src/install/mobile/share/mobile/map/map.pgm
-- Up-to-date: /home/pan/ros2_ws/src/install/mobile/share/mobile/world
-- Up-to-date: /home/pan/ros2_ws/src/install/mobile/share/mobile/world/maze
-- Up-to-date: /home/pan/ros2_ws/src/install/mobile/share/mobile/rviz
-- Up-to-date: /home/pan/ros2_ws/src/install/mobile/share/mobile/rviz/rviz.rviz
-- Up-to-date: /home/pan/ros2_ws/src/install/mobile/share/mobile/scripts
-- Up-to-date: /home/pan/ros2_ws/src/install/mobile/share/mobile/scripts/moving_obstacle.py
-- Up-to-date: /home/pan/ros2_ws/src/install/mobile/share/mobile/scripts/teleop_gui.py
-- Up-to-date: /home/pan/ros2_ws/src/install/mobile/share/mobile/scripts/hwt901b.py
-- Up-to-date: /home/pan/ros2_ws/src/install/mobile/share/mobile/scripts/monitor_tab.py
-- Up-to-date: /home/pan/ros2_ws/src/install/mobile/share/mobile/scripts/goal_markers.py
-- Up-to-date: /home/pan/ros2_ws/src/install/mobile/share/mobile/scripts/lidar_filter.py
-- Up-to-date: /home/pan/ros2_ws/src/install/mobile/share/mobile/scripts/lds50cr.py
-- Up-to-date: /home/pan/ros2_ws/src/install/mobile/share/mobile/scripts/hwt901b_imu.py
-- Up-to-date: /home/pan/ros2_ws/src/install/mobile/share/mobile/scripts/predefined_goals.yaml
-- Up-to-date: /home/pan/ros2_ws/src/install/mobile/share/mobile/scripts/history.yaml
-- Up-to-date: /home/pan/ros2_ws/src/install/mobile/share/mobile/scripts/__pycache__
-- Up-to-date: /home/pan/ros2_ws/src/install/mobile/share/mobile/scripts/__pycache__/monitor_tab.cpython-310.pyc
-- Up-to-date: /home/pan/ros2_ws/src/install/mobile/share/mobile/world
-- Up-to-date: /home/pan/ros2_ws/src/install/mobile/share/mobile/world/maze
-- Up-to-date: /home/pan/ros2_ws/src/install/mobile/lib/mobile/teleop_gui.py
-- Up-to-date: /home/pan/ros2_ws/src/install/mobile/lib/mobile/monitor_tab.py
-- Up-to-date: /home/pan/ros2_ws/src/install/mobile/lib/mobile/lidar_filter.py
-- Up-to-date: /home/pan/ros2_ws/src/install/mobile/lib/mobile/lds50cr.py
-- Up-to-date: /home/pan/ros2_ws/src/install/mobile/lib/mobile/hwt901b.py
-- Up-to-date: /home/pan/ros2_ws/src/install/mobile/lib/mobile/moving_obstacle.py
-- Up-to-date: /home/pan/ros2_ws/src/install/mobile/lib/mobile/goal_markers.py
-- Up-to-date: /home/pan/ros2_ws/src/install/mobile/share/ament_index/resource_index/package_run_dependencies/mobile
-- Up-to-date: /home/pan/ros2_ws/src/install/mobile/share/ament_index/resource_index/parent_prefix_path/mobile
-- Up-to-date: /home/pan/ros2_ws/src/install/mobile/share/mobile/environment/ament_prefix_path.dsv
-- Up-to-date: /home/pan/ros2_ws/src/install/mobile/share/mobile/environment/path.dsv
-- Up-to-date: /home/pan/ros2_ws/src/install/mobile/share/mobile/local_setup.bash
-- Up-to-date: /home/pan/ros2_ws/src/install/mobile/share/mobile/local_setup.sh
-- Up-to-date: /home/pan/ros2_ws/src/install/mobile/share/mobile/local_setup.zsh
-- Up-to-date: /home/pan/ros2_ws/src/install/mobile/share/mobile/local_setup.dsv
-- Up-to-date: /home/pan/ros2_ws/src/install/mobile/share/mobile/package.dsv
-- Up-to-date: /home/pan/ros2_ws/src/install/mobile/share/ament_index/resource_index/packages/mobile
-- Up-to-date: /home/pan/ros2_ws/src/install/mobile/share/mobile/cmake/mobileConfig.cmake
-- Up-to-date: /home/pan/ros2_ws/src/install/mobile/share/mobile/cmake/mobileConfig-version.cmake
-- Up-to-date: /home/pan/ros2_ws/src/install/mobile/share/mobile/package.xml
