-- Found ament_cmake: 1.3.12 (/home/pan/ros2_humble/install/ament_cmake/share/ament_cmake/cmake)
-- Found rclcpp: 16.0.16 (/home/pan/ros2_humble/install/rclcpp/share/rclcpp/cmake)
-- Found rosidl_generator_c: 3.1.7 (/home/pan/ros2_humble/install/rosidl_generator_c/share/rosidl_generator_c/cmake)
-- Found rosidl_adapter: 3.1.7 (/home/pan/ros2_humble/install/rosidl_adapter/share/rosidl_adapter/cmake)
-- Found rosidl_generator_cpp: 3.1.7 (/home/pan/ros2_humble/install/rosidl_generator_cpp/share/rosidl_generator_cpp/cmake)
-- Using all available rosidl_typesupport_c: rosidl_typesupport_introspection_c;rosidl_typesupport_fastrtps_c
-- Using all available rosidl_typesupport_cpp: rosidl_typesupport_introspection_cpp;rosidl_typesupport_fastrtps_cpp
-- Found rmw_implementation_cmake: 6.1.2 (/home/pan/ros2_humble/install/rmw_implementation_cmake/share/rmw_implementation_cmake/cmake)
-- Found rmw_fastrtps_cpp: 6.2.9 (/home/pan/ros2_humble/install/rmw_fastrtps_cpp/share/rmw_fastrtps_cpp/cmake)
-- Using RMW implementation 'rmw_fastrtps_cpp' as default
-- Found sensor_msgs: 4.9.0 (/home/pan/ros2_humble/install/sensor_msgs/share/sensor_msgs/cmake)
-- Found wt901_driver: 0.0.0 (/home/pan/ros2_ws/install/wt901_driver/share/wt901_driver/cmake)
-- Found tf2: 0.25.18 (/home/pan/ros2_humble/install/tf2/share/tf2/cmake)
-- Found tf2_ros: 0.25.18 (/home/pan/ros2_humble/install/tf2_ros/share/tf2_ros/cmake)
-- Found tf2_geometry_msgs: 0.25.18 (/home/pan/ros2_humble/install/tf2_geometry_msgs/share/tf2_geometry_msgs/cmake)
-- Found eigen3_cmake_module: 0.1.1 (/home/pan/ros2_humble/install/eigen3_cmake_module/share/eigen3_cmake_module/cmake)
-- Found Eigen3: TRUE (found version "3.4.0") 
-- Ensuring Eigen3 include directory is part of orocos-kdl CMake target
-- Found ament_lint_auto: 0.12.14 (/home/pan/ros2_humble/install/ament_lint_auto/share/ament_lint_auto/cmake)
-- Added test 'cppcheck' to perform static code analysis on C / C++ code
-- Configured cppcheck include dirs: 
-- Configured cppcheck exclude dirs and/or files: 
-- Added test 'lint_cmake' to check CMake code style
-- Added test 'uncrustify' to check C / C++ code style
-- Configured uncrustify additional arguments: 
-- Added test 'xmllint' to check XML markup files
-- Configuring done
-- Generating done
-- Build files have been written to: /home/pan/ros2_ws/src/build/wt901_ros2
[ 50%] [32mBuilding CXX object CMakeFiles/wt901_node.dir/src/wt901_node.cpp.o[0m
[100%] [32m[1mLinking CXX executable wt901_node[0m
[100%] Built target wt901_node
-- Install configuration: ""
-- Installing: /home/pan/ros2_ws/src/install/wt901_ros2/lib/wt901_ros2/wt901_node
-- Set runtime path of "/home/pan/ros2_ws/src/install/wt901_ros2/lib/wt901_ros2/wt901_node" to ""
-- Installing: /home/pan/ros2_ws/src/install/wt901_ros2/share/ament_index/resource_index/package_run_dependencies/wt901_ros2
-- Installing: /home/pan/ros2_ws/src/install/wt901_ros2/share/ament_index/resource_index/parent_prefix_path/wt901_ros2
-- Installing: /home/pan/ros2_ws/src/install/wt901_ros2/share/wt901_ros2/environment/ament_prefix_path.sh
-- Installing: /home/pan/ros2_ws/src/install/wt901_ros2/share/wt901_ros2/environment/ament_prefix_path.dsv
-- Installing: /home/pan/ros2_ws/src/install/wt901_ros2/share/wt901_ros2/environment/path.sh
-- Installing: /home/pan/ros2_ws/src/install/wt901_ros2/share/wt901_ros2/environment/path.dsv
-- Installing: /home/pan/ros2_ws/src/install/wt901_ros2/share/wt901_ros2/local_setup.bash
-- Installing: /home/pan/ros2_ws/src/install/wt901_ros2/share/wt901_ros2/local_setup.sh
-- Installing: /home/pan/ros2_ws/src/install/wt901_ros2/share/wt901_ros2/local_setup.zsh
-- Installing: /home/pan/ros2_ws/src/install/wt901_ros2/share/wt901_ros2/local_setup.dsv
-- Installing: /home/pan/ros2_ws/src/install/wt901_ros2/share/wt901_ros2/package.dsv
-- Installing: /home/pan/ros2_ws/src/install/wt901_ros2/share/ament_index/resource_index/packages/wt901_ros2
-- Installing: /home/pan/ros2_ws/src/install/wt901_ros2/share/wt901_ros2/cmake/wt901_ros2Config.cmake
-- Installing: /home/pan/ros2_ws/src/install/wt901_ros2/share/wt901_ros2/cmake/wt901_ros2Config-version.cmake
-- Installing: /home/pan/ros2_ws/src/install/wt901_ros2/share/wt901_ros2/package.xml
